This is XeTeX, Version 3.14159265-2.6-0.99999 (MiKTeX 2.9.6840 64-bit) (preloaded format=xelatex 2020.1.10)  21 JAN 2020 01:15
entering extended mode
**"./IISEPaper (1).tex"
("IISEPaper (1).tex"
LaTeX2e <2018-04-01> patch level 5
("C:\Program Files\MiKTeX 2.9\tex\latex\base\article.cls"
Document Class: article 2014/09/29 v1.4h Standard LaTeX document class
("C:\Program Files\MiKTeX 2.9\tex\latex\base\size10.clo"
File: size10.clo 2014/09/29 v1.4h Standard LaTeX file (size option)
)
\c@part=\count80
\c@section=\count81
\c@subsection=\count82
\c@subsubsection=\count83
\c@paragraph=\count84
\c@subparagraph=\count85
\c@figure=\count86
\c@table=\count87
\abovecaptionskip=\skip41
\belowcaptionskip=\skip42
\bibindent=\dimen102
)
\c@step=\count88
\c@theorem=\count89
\c@proposition=\count90
\c@corollary=\count91
\c@definition=\count92

("C:\Program Files\MiKTeX 2.9\tex\latex\float\float.sty"
Package: float 2001/11/08 v1.3d Float enhancements (AL)
\c@float@type=\count93
\float@exts=\toks14
\float@box=\box26
\@float@everytoks=\toks15
\@floatcapt=\box27
)
("C:\Program Files\MiKTeX 2.9\tex\latex\graphics\graphicx.sty"
Package: graphicx 2017/06/01 v1.1a Enhanced LaTeX Graphics (DPC,SPQR)

("C:\Program Files\MiKTeX 2.9\tex\latex\graphics\keyval.sty"
Package: keyval 2014/10/28 v1.15 key=value parser (DPC)
\KV@toks@=\toks16
)
("C:\Program Files\MiKTeX 2.9\tex\latex\graphics\graphics.sty"
Package: graphics 2017/06/25 v1.2c Standard LaTeX Graphics (DPC,SPQR)

("C:\Program Files\MiKTeX 2.9\tex\latex\graphics\trig.sty"
Package: trig 2016/01/03 v1.10 sin cos tan (DPC)
)
("C:\Program Files\MiKTeX 2.9\tex\latex\graphics-cfg\graphics.cfg"
File: graphics.cfg 2016/06/04 v1.11 sample graphics configuration
)
Package graphics Info: Driver file: xetex.def on input line 99.

("C:\Program Files\MiKTeX 2.9\tex\latex\graphics-def\xetex.def"
File: xetex.def 2017/06/24 v5.0h Graphics/color driver for xetex
))
\Gin@req@height=\dimen103
\Gin@req@width=\dimen104
)
("C:\Users\Brian French\AppData\Roaming\MiKTeX\2.9\tex\latex\caption\caption.st
y"
Package: caption 2020/01/03 v3.4h Customizing captions (AR)

("C:\Users\Brian French\AppData\Roaming\MiKTeX\2.9\tex\latex\caption\caption3.s
ty"
Package: caption3 2020/01/03 v1.8h caption3 kernel (AR)
Package caption3 Info: TeX engine: e-TeX on input line 61.
\captionmargin=\dimen105
\captionmargin@=\dimen106
\captionwidth=\dimen107
\caption@tempdima=\dimen108
\caption@indent=\dimen109
\caption@parindent=\dimen110
\caption@hangindent=\dimen111
Package caption Info: Standard document class detected.
)
\c@caption@flags=\count94
\c@continuedfloat=\count95
Package caption Info: float package is loaded.
)
("C:\Users\Brian French\AppData\Roaming\MiKTeX\2.9\tex\latex\caption\subcaption
.sty"
Package: subcaption 2020/01/03 v1.3b Sub-captions (AR)
\c@subfigure=\count96
\c@subtable=\count97
) ("IISEPaper (1).aux")
\openout1 = `"IISEPaper (1).aux"'.

LaTeX Font Info:    Checking defaults for OML/cmm/m/it on input line 34.
LaTeX Font Info:    ... okay on input line 34.
LaTeX Font Info:    Checking defaults for T1/cmr/m/n on input line 34.
LaTeX Font Info:    ... okay on input line 34.
LaTeX Font Info:    Checking defaults for OT1/cmr/m/n on input line 34.
LaTeX Font Info:    ... okay on input line 34.
LaTeX Font Info:    Checking defaults for OMS/cmsy/m/n on input line 34.
LaTeX Font Info:    ... okay on input line 34.
LaTeX Font Info:    Checking defaults for TU/lmr/m/n on input line 34.
LaTeX Font Info:    ... okay on input line 34.
LaTeX Font Info:    Checking defaults for OMX/cmex/m/n on input line 34.
LaTeX Font Info:    ... okay on input line 34.
LaTeX Font Info:    Checking defaults for U/cmr/m/n on input line 34.
LaTeX Font Info:    ... okay on input line 34.
Package caption Info: Begin \AtBeginDocument code.
Package caption Info: End \AtBeginDocument code.
 [1

]
LaTeX Font Info:    External font `cmex10' loaded for size
(Font)              <7> on input line 83.
LaTeX Font Info:    External font `cmex10' loaded for size
(Font)              <5> on input line 83.
 [2]
LaTeX Font Info:    External font `cmex10' loaded for size
(Font)              <9> on input line 120.
LaTeX Font Info:    External font `cmex10' loaded for size
(Font)              <6> on input line 120.

Overfull \hbox (8.23444pt too wide) detected at line 139
[]
 []

[3] [4]
File: Rplot30Scenario2.png Graphic file (type bmp)
<Rplot30Scenario2.png>
File: Rplot37.png Graphic file (type bmp)
<Rplot37.png>


LaTeX Warning: No positions in optional float specifier.
               Default added (so using `tbp') on input line 222.

File: RPlot57.png Graphic file (type bmp)
<RPlot57.png>
[5] ("IISEPaper (1).bbl") [6] ("IISEPaper (1).aux") ) 
Here is how much of TeX's memory you used:
 1901 strings out of 427796
 29676 string characters out of 3151769
 112532 words of memory out of 3000000
 5929 multiletter control sequences out of 15000+200000
 5527 words of font info for 28 fonts, out of 3000000 for 9000
 1328 hyphenation exceptions out of 8191
 39i,7n,39p,1140b,452s stack positions out of 5000i,500n,10000p,200000b,50000s

Output written on IISEPaper (1).pdf (6 pages).
