
Gurobi 8.1.1 (win64, Python) logging started 04/30/19 16:11:41


Gurobi 8.1.1 (win64, Python) logging started 05/01/19 11:42:29


Gurobi 8.1.1 (win64, Python) logging started 05/01/19 12:46:52


Gurobi 8.1.1 (win64, Python) logging started 05/03/19 15:40:48

Optimize a model with 29501 rows, 31710 columns and 1021395 nonzeros
Variable types: 30858 continuous, 852 integer (852 binary)
Coefficient statistics:
  Matrix range     [1e+00, 2e+02]
  Objective range  [2e+00, 9e+01]
  Bounds range     [1e+00, 1e+00]
  RHS range        [1e+00, 1e+01]
Found heuristic solution: objective 1700.4000000
Presolve removed 28894 rows and 31047 columns
Presolve time: 0.48s
Presolved: 607 rows, 663 columns, 3217 nonzeros
Found heuristic solution: objective 1385.4000000
Variable types: 296 continuous, 367 integer (367 binary)

Root relaxation: objective 1.058914e+03, 149 iterations, 0.01 seconds

    Nodes    |    Current Node    |     Objective Bounds      |     Work
 Expl Unexpl |  Obj  Depth IntInf | Incumbent    BestBd   Gap | It/Node Time

     0     0 1058.91446    0    8 1385.40000 1058.91446  23.6%     -    0s
     0     0 1361.84072    0    4 1385.40000 1361.84072  1.70%     -    0s
H    0     0                    1375.8000000 1361.84072  1.01%     -    0s

Explored 1 nodes (200 simplex iterations) in 0.58 seconds
Thread count was 6 (of 6 available processors)

Solution count 3: 1375.8 1385.4 1472.2 

Optimal solution found (tolerance 1.00e-04)
Best objective 1.375800000000e+03, best bound 1.375800000000e+03, gap 0.0000%
Optimize a model with 29501 rows, 31710 columns and 1021395 nonzeros
Variable types: 612 continuous, 31098 integer (31098 binary)
Coefficient statistics:
  Matrix range     [1e+00, 2e+02]
  Objective range  [2e+00, 9e+01]
  Bounds range     [1e+00, 1e+00]
  RHS range        [1e+00, 1e+01]
Found heuristic solution: objective 1700.4000000
Presolve removed 28894 rows and 31047 columns
Presolve time: 0.48s
Presolved: 607 rows, 663 columns, 3217 nonzeros
Found heuristic solution: objective 1385.4000000
Variable types: 140 continuous, 523 integer (487 binary)

Root relaxation: objective 1.058914e+03, 148 iterations, 0.00 seconds

    Nodes    |    Current Node    |     Objective Bounds      |     Work
 Expl Unexpl |  Obj  Depth IntInf | Incumbent    BestBd   Gap | It/Node Time

     0     0 1058.91446    0    8 1385.40000 1058.91446  23.6%     -    0s
     0     0 1361.84072    0    4 1385.40000 1361.84072  1.70%     -    0s
H    0     0                    1375.8000000 1361.84072  1.01%     -    0s

Cutting planes:
  Gomory: 2
  Flow cover: 8

Explored 1 nodes (232 simplex iterations) in 0.55 seconds
Thread count was 6 (of 6 available processors)

Solution count 3: 1375.8 1385.4 1472.2 

Optimal solution found (tolerance 1.00e-04)
Best objective 1.375800000000e+03, best bound 1.375800000000e+03, gap 0.0000%
Optimize a model with 29501 rows, 31710 columns and 1021395 nonzeros
Variable types: 612 continuous, 31098 integer (31098 binary)
Coefficient statistics:
  Matrix range     [1e+00, 2e+02]
  Objective range  [2e+00, 9e+01]
  Bounds range     [1e+00, 1e+00]
  RHS range        [1e+00, 1e+01]
Found heuristic solution: objective 1700.4000000
Presolve removed 28894 rows and 31047 columns
Presolve time: 0.44s
Presolved: 607 rows, 663 columns, 3217 nonzeros
Found heuristic solution: objective 1385.4000000
Variable types: 140 continuous, 523 integer (487 binary)

Root relaxation: objective 1.058914e+03, 148 iterations, 0.01 seconds

    Nodes    |    Current Node    |     Objective Bounds      |     Work
 Expl Unexpl |  Obj  Depth IntInf | Incumbent    BestBd   Gap | It/Node Time

     0     0 1058.91446    0    8 1385.40000 1058.91446  23.6%     -    0s
     0     0 1361.84072    0    4 1385.40000 1361.84072  1.70%     -    0s
H    0     0                    1375.8000000 1361.84072  1.01%     -    0s

Cutting planes:
  Gomory: 2
  Flow cover: 8

Explored 1 nodes (232 simplex iterations) in 0.56 seconds
Thread count was 6 (of 6 available processors)

Solution count 3: 1375.8 1385.4 1472.2 

Optimal solution found (tolerance 1.00e-04)
Best objective 1.375800000000e+03, best bound 1.375800000000e+03, gap 0.0000%

Gurobi 8.1.1 (win64, Python) logging started 09/06/19 10:40:20

Optimize a model with 29501 rows, 31710 columns and 1021395 nonzeros
Variable types: 612 continuous, 31098 integer (31098 binary)
Coefficient statistics:
  Matrix range     [1e+00, 2e+02]
  Objective range  [2e+00, 9e+01]
  Bounds range     [1e+00, 1e+00]
  RHS range        [1e+00, 1e+01]
Found heuristic solution: objective 1700.4000000
Presolve removed 28894 rows and 31047 columns
Presolve time: 0.47s
Presolved: 607 rows, 663 columns, 3217 nonzeros
Found heuristic solution: objective 1385.4000000
Variable types: 140 continuous, 523 integer (487 binary)

Root relaxation: objective 1.058914e+03, 148 iterations, 0.01 seconds

    Nodes    |    Current Node    |     Objective Bounds      |     Work
 Expl Unexpl |  Obj  Depth IntInf | Incumbent    BestBd   Gap | It/Node Time

     0     0 1058.91446    0    8 1385.40000 1058.91446  23.6%     -    0s
     0     0 1361.84072    0    4 1385.40000 1361.84072  1.70%     -    0s
H    0     0                    1375.8000000 1361.84072  1.01%     -    0s

Cutting planes:
  Gomory: 2
  Flow cover: 8

Explored 1 nodes (232 simplex iterations) in 0.62 seconds
Thread count was 6 (of 6 available processors)

Solution count 3: 1375.8 1385.4 1472.2 

Optimal solution found (tolerance 1.00e-04)
Best objective 1.375800000000e+03, best bound 1.375800000000e+03, gap 0.0000%

Gurobi 8.1.1 (win64, Python) logging started 09/20/19 11:00:44

Optimize a model with 27707 rows, 31710 columns and 865299 nonzeros
Variable types: 612 continuous, 31098 integer (31098 binary)
Coefficient statistics:
  Matrix range     [1e+00, 2e+02]
  Objective range  [2e+00, 9e+01]
  Bounds range     [1e+00, 1e+00]
  RHS range        [1e+00, 8e+00]
Found heuristic solution: objective 1700.4000000
Presolve removed 27100 rows and 31047 columns
Presolve time: 0.42s
Presolved: 607 rows, 663 columns, 3217 nonzeros
Found heuristic solution: objective 1385.4000000
Variable types: 140 continuous, 523 integer (487 binary)

Root relaxation: objective 1.058914e+03, 150 iterations, 0.00 seconds

    Nodes    |    Current Node    |     Objective Bounds      |     Work
 Expl Unexpl |  Obj  Depth IntInf | Incumbent    BestBd   Gap | It/Node Time

     0     0 1058.91446    0    8 1385.40000 1058.91446  23.6%     -    0s
H    0     0                    1375.8000000 1058.91446  23.0%     -    0s
     0     0 1361.84072    0    4 1375.80000 1361.84072  1.01%     -    0s

Explored 1 nodes (222 simplex iterations) in 0.57 seconds
Thread count was 6 (of 6 available processors)

Solution count 4: 1375.8 1375.8 1385.4 1472.2 

Optimal solution found (tolerance 1.00e-04)
Best objective 1.375800000000e+03, best bound 1.375800000000e+03, gap 0.0000%
Optimize a model with 27701 rows, 31710 columns and 834627 nonzeros
Model has 6 quadratic constraints
Variable types: 612 continuous, 31098 integer (31098 binary)
Coefficient statistics:
  Matrix range     [1e+00, 2e+02]
  QMatrix range    [1e+00, 1e+00]
  QLMatrix range   [1e+00, 1e+00]
  Objective range  [2e+00, 9e+01]
  Bounds range     [1e+00, 1e+00]
  RHS range        [1e+00, 8e+00]
Found heuristic solution: objective 1700.4000000
Presolve removed 4127 rows and 803 columns
Presolve time: 0.68s
Presolved: 24660 rows, 31267 columns, 861082 nonzeros
Found heuristic solution: objective 1472.2000000
Variable types: 140 continuous, 31127 integer (31127 binary)

Root relaxation: objective 1.058914e+03, 151 iterations, 0.05 seconds

    Nodes    |    Current Node    |     Objective Bounds      |     Work
 Expl Unexpl |  Obj  Depth IntInf | Incumbent    BestBd   Gap | It/Node Time

     0     0 1058.91446    0   12 1472.20000 1058.91446  28.1%     -    1s
H    0     0                    1385.4000000 1058.91446  23.6%     -    1s
H    0     0                    1375.8000000 1058.91446  23.0%     -    1s
     0     0 1365.33054    0    3 1375.80000 1365.33054  0.76%     -    1s

Explored 1 nodes (328 simplex iterations) in 2.47 seconds
Thread count was 6 (of 6 available processors)

Solution count 4: 1375.8 1375.8 1385.4 1472.2 

Optimal solution found (tolerance 1.00e-04)
Best objective 1.375800000000e+03, best bound 1.375800000000e+03, gap 0.0000%
Optimize a model with 47507 rows, 6864 columns and 1682973 nonzeros
Model has 6 quadratic constraints
Variable types: 612 continuous, 6252 integer (6252 binary)
Coefficient statistics:
  Matrix range     [1e+00, 2e+02]
  QMatrix range    [1e+00, 1e+00]
  QLMatrix range   [1e+00, 1e+00]
  Objective range  [2e+00, 9e+01]
  Bounds range     [1e+00, 1e+00]
  RHS range        [1e+00, 8e+00]
Found heuristic solution: objective 1700.4000000
Presolve removed 46633 rows and 5735 columns
Presolve time: 0.68s
Presolved: 1708 rows, 1405 columns, 7954 nonzeros
Found heuristic solution: objective 1472.2000000
Variable types: 139 continuous, 1266 integer (1266 binary)
Found heuristic solution: objective 1375.8000000

Root relaxation: cutoff, 0 iterations, 0.00 seconds

Explored 1 nodes (0 simplex iterations) in 0.75 seconds
Thread count was 6 (of 6 available processors)

Solution count 2: 1375.8 1472.2 

Optimal solution found (tolerance 1.00e-04)
Best objective 1.375800000000e+03, best bound 1.375800000000e+03, gap 0.0000%

Gurobi 8.1.1 (win64, Python) logging started 09/23/19 09:55:46

Optimize a model with 47507 rows, 6864 columns and 1682973 nonzeros
Model has 6 quadratic constraints
Variable types: 612 continuous, 6252 integer (6252 binary)
Coefficient statistics:
  Matrix range     [1e+00, 2e+02]
  QMatrix range    [1e+00, 1e+00]
  QLMatrix range   [1e+00, 1e+00]
  Objective range  [2e+00, 9e+01]
  Bounds range     [1e+00, 1e+00]
  RHS range        [1e+00, 8e+00]
Found heuristic solution: objective 1700.4000000
Presolve removed 46633 rows and 5735 columns
Presolve time: 0.96s
Presolved: 1708 rows, 1405 columns, 7954 nonzeros
Found heuristic solution: objective 1472.2000000
Variable types: 139 continuous, 1266 integer (1266 binary)
Found heuristic solution: objective 1375.8000000

Root relaxation: cutoff, 0 iterations, 0.01 seconds

Explored 1 nodes (0 simplex iterations) in 1.35 seconds
Thread count was 6 (of 6 available processors)

Solution count 2: 1375.8 1472.2 

Optimal solution found (tolerance 1.00e-04)
Best objective 1.375800000000e+03, best bound 1.375800000000e+03, gap 0.0000%
Optimize a model with 4565 rows, 6864 columns and 9033 nonzeros
Variable types: 612 continuous, 6252 integer (6252 binary)
Coefficient statistics:
  Matrix range     [1e+00, 2e+02]
  Objective range  [2e+00, 9e+01]
  Bounds range     [1e+00, 1e+00]
  RHS range        [1e+00, 8e+00]
Found heuristic solution: objective 1700.4000000
Presolve removed 4188 rows and 6593 columns
Presolve time: 0.02s
Presolved: 377 rows, 271 columns, 1173 nonzeros
Found heuristic solution: objective 1385.4000000
Variable types: 140 continuous, 131 integer (131 binary)

Root relaxation: objective 1.058914e+03, 124 iterations, 0.00 seconds

    Nodes    |    Current Node    |     Objective Bounds      |     Work
 Expl Unexpl |  Obj  Depth IntInf | Incumbent    BestBd   Gap | It/Node Time

     0     0 1058.91446    0    8 1385.40000 1058.91446  23.6%     -    0s
     0     0 1361.84072    0    4 1385.40000 1361.84072  1.70%     -    0s
H    0     1                    1375.8000000 1361.84072  1.01%     -    0s

Cutting planes:
  Flow cover: 8

Explored 1 nodes (132 simplex iterations) in 0.07 seconds
Thread count was 6 (of 6 available processors)

Solution count 3: 1375.8 1385.4 1472.2 

Optimal solution found (tolerance 1.00e-04)
Best objective 1.375800000000e+03, best bound 1.375800000000e+03, gap 0.0000%
Optimize a model with 4559 rows, 6864 columns and 8601 nonzeros
Variable types: 612 continuous, 6252 integer (6252 binary)
Coefficient statistics:
  Matrix range     [1e+00, 2e+02]
  Objective range  [2e+00, 9e+01]
  Bounds range     [1e+00, 1e+00]
  RHS range        [1e+00, 3e+00]
Found heuristic solution: objective 1700.4000000
Presolve removed 4482 rows and 6810 columns
Presolve time: 0.03s
Presolved: 77 rows, 54 columns, 229 nonzeros
Found heuristic solution: objective 1378.2000000
Variable types: 35 continuous, 19 integer (19 binary)

Root relaxation: objective 1.296579e+03, 31 iterations, 0.00 seconds

    Nodes    |    Current Node    |     Objective Bounds      |     Work
 Expl Unexpl |  Obj  Depth IntInf | Incumbent    BestBd   Gap | It/Node Time

     0     0 1296.57861    0    2 1378.20000 1296.57861  5.92%     -    0s
*    0     0               0    1375.8000000 1375.80000  0.00%     -    0s

Explored 1 nodes (31 simplex iterations) in 0.04 seconds
Thread count was 6 (of 6 available processors)

Solution count 3: 1375.8 1378.2 1399.9 

Optimal solution found (tolerance 1.00e-04)
Best objective 1.375800000000e+03, best bound 1.375800000000e+03, gap 0.0000%
Optimize a model with 4379 rows, 6864 columns and 7803 nonzeros
Variable types: 612 continuous, 6252 integer (6252 binary)
Coefficient statistics:
  Matrix range     [1e+00, 2e+02]
  Objective range  [2e+00, 9e+01]
  Bounds range     [1e+00, 1e+00]
  RHS range        [1e+00, 3e+00]
Found heuristic solution: objective 267.0000000
Presolve removed 4367 rows and 6841 columns
Presolve time: 0.02s
Presolved: 12 rows, 23 columns, 45 nonzeros
Found heuristic solution: objective 44.5000000
Variable types: 23 continuous, 0 integer (0 binary)

Explored 0 nodes (0 simplex iterations) in 0.03 seconds
Thread count was 6 (of 6 available processors)

Solution count 1: 44.5 

Optimal solution found (tolerance 1.00e-04)
Best objective 4.450000000000e+01, best bound 4.450000000000e+01, gap 0.0000%
Optimize a model with 4559 rows, 6864 columns and 8601 nonzeros
Variable types: 612 continuous, 6252 integer (6252 binary)
Coefficient statistics:
  Matrix range     [1e+00, 2e+02]
  Objective range  [2e+00, 9e+01]
  Bounds range     [1e+00, 1e+00]
  RHS range        [1e+00, 3e+00]
Found heuristic solution: objective 1700.4000000
Presolve removed 4482 rows and 6810 columns
Presolve time: 0.03s
Presolved: 77 rows, 54 columns, 229 nonzeros
Found heuristic solution: objective 1378.2000000
Variable types: 35 continuous, 19 integer (19 binary)

Root relaxation: objective 1.296579e+03, 31 iterations, 0.00 seconds

    Nodes    |    Current Node    |     Objective Bounds      |     Work
 Expl Unexpl |  Obj  Depth IntInf | Incumbent    BestBd   Gap | It/Node Time

     0     0 1296.57861    0    2 1378.20000 1296.57861  5.92%     -    0s
*    0     0               0    1375.8000000 1375.80000  0.00%     -    0s

Explored 1 nodes (31 simplex iterations) in 0.04 seconds
Thread count was 6 (of 6 available processors)

Solution count 3: 1375.8 1378.2 1399.9 

Optimal solution found (tolerance 1.00e-04)
Best objective 1.375800000000e+03, best bound 1.375800000000e+03, gap 0.0000%
Optimize a model with 47327 rows, 6864 columns and 1682175 nonzeros
Model has 6 quadratic constraints
Variable types: 612 continuous, 6252 integer (6252 binary)
Coefficient statistics:
  Matrix range     [1e+00, 2e+02]
  QMatrix range    [1e+00, 1e+00]
  QLMatrix range   [1e+00, 1e+00]
  Objective range  [2e+00, 9e+01]
  Bounds range     [1e+00, 1e+00]
  RHS range        [1e+00, 8e+00]
Found heuristic solution: objective 1700.4000000
Presolve removed 46612 rows and 5776 columns
Presolve time: 0.63s
Presolved: 1549 rows, 1364 columns, 7696 nonzeros
Found heuristic solution: objective 267.0000000
Variable types: 146 continuous, 1218 integer (1218 binary)

Root relaxation: objective 2.499000e+02, 84 iterations, 0.00 seconds

    Nodes    |    Current Node    |     Objective Bounds      |     Work
 Expl Unexpl |  Obj  Depth IntInf | Incumbent    BestBd   Gap | It/Node Time

     0     0     cutoff    0       267.00000  267.00000  0.00%     -    0s

Explored 1 nodes (92 simplex iterations) in 0.71 seconds
Thread count was 6 (of 6 available processors)

Solution count 2: 267 267 

Optimal solution found (tolerance 1.00e-04)
Best objective 2.670000000000e+02, best bound 2.670000000000e+02, gap 0.0000%
Optimize a model with 4817 rows, 6864 columns and 33801 nonzeros
Model has 6 quadratic constraints
Variable types: 612 continuous, 6252 integer (6252 binary)
Coefficient statistics:
  Matrix range     [1e+00, 2e+02]
  QMatrix range    [1e+00, 1e+00]
  QLMatrix range   [1e+00, 1e+00]
  Objective range  [2e+00, 9e+01]
  Bounds range     [1e+00, 1e+00]
  RHS range        [1e+00, 8e+00]
Found heuristic solution: objective 1700.4000000
Presolve removed 4174 rows and 5776 columns
Presolve time: 0.04s
Presolved: 1477 rows, 1364 columns, 6790 nonzeros
Found heuristic solution: objective 267.0000000
Variable types: 146 continuous, 1218 integer (1218 binary)

Root relaxation: objective 1.793077e+02, 255 iterations, 0.00 seconds

    Nodes    |    Current Node    |     Objective Bounds      |     Work
 Expl Unexpl |  Obj  Depth IntInf | Incumbent    BestBd   Gap | It/Node Time

     0     0  179.30769    0   73  267.00000  179.30769  32.8%     -    0s
     0     0  227.79700    0   84  267.00000  227.79700  14.7%     -    0s
     0     0  227.79700    0   76  267.00000  227.79700  14.7%     -    0s
     0     0  261.61538    0   49  267.00000  261.61538  2.02%     -    0s

Cutting planes:
  Gomory: 2
  GUB cover: 1

Explored 1 nodes (547 simplex iterations) in 0.13 seconds
Thread count was 6 (of 6 available processors)

Solution count 3: 267 267 267 

Optimal solution found (tolerance 1.00e-04)
Best objective 2.670000000000e+02, best bound 2.670000000000e+02, gap 0.0000%
Optimize a model with 4817 rows, 6864 columns and 33801 nonzeros
Model has 6 quadratic constraints
Variable types: 612 continuous, 6252 integer (6252 binary)
Coefficient statistics:
  Matrix range     [1e+00, 2e+02]
  QMatrix range    [1e+00, 1e+00]
  QLMatrix range   [1e+00, 1e+00]
  Objective range  [2e+00, 9e+01]
  Bounds range     [1e+00, 1e+00]
  RHS range        [1e+00, 8e+00]
Found heuristic solution: objective 1700.4000000
Presolve removed 4174 rows and 5776 columns
Presolve time: 0.04s
Presolved: 1477 rows, 1364 columns, 6790 nonzeros
Found heuristic solution: objective 267.0000000
Variable types: 146 continuous, 1218 integer (1218 binary)

Root relaxation: objective 1.793077e+02, 255 iterations, 0.00 seconds

    Nodes    |    Current Node    |     Objective Bounds      |     Work
 Expl Unexpl |  Obj  Depth IntInf | Incumbent    BestBd   Gap | It/Node Time

     0     0  179.30769    0   73  267.00000  179.30769  32.8%     -    0s
     0     0  227.79700    0   84  267.00000  227.79700  14.7%     -    0s
     0     0  227.79700    0   76  267.00000  227.79700  14.7%     -    0s
     0     0  261.61538    0   49  267.00000  261.61538  2.02%     -    0s

Cutting planes:
  Gomory: 2
  GUB cover: 1

Explored 1 nodes (547 simplex iterations) in 0.13 seconds
Thread count was 6 (of 6 available processors)

Solution count 3: 267 267 267 

Optimal solution found (tolerance 1.00e-04)
Best objective 2.670000000000e+02, best bound 2.670000000000e+02, gap 0.0000%
Optimize a model with 2771 rows, 6864 columns and 31263 nonzeros
Model has 6 quadratic constraints
Variable types: 612 continuous, 6252 integer (6252 binary)
Coefficient statistics:
  Matrix range     [1e+00, 2e+02]
  QMatrix range    [1e+00, 1e+00]
  QLMatrix range   [1e+00, 1e+00]
  Objective range  [2e+00, 9e+01]
  Bounds range     [1e+00, 1e+00]
  RHS range        [1e+00, 8e+00]
Found heuristic solution: objective 1700.4000000
Presolve removed 2301 rows and 5948 columns
Presolve time: 0.03s
Presolved: 1304 rows, 1192 columns, 6330 nonzeros
Found heuristic solution: objective 267.0000000
Variable types: 0 continuous, 1192 integer (1192 binary)

Root relaxation: objective 1.608074e+02, 342 iterations, 0.00 seconds

    Nodes    |    Current Node    |     Objective Bounds      |     Work
 Expl Unexpl |  Obj  Depth IntInf | Incumbent    BestBd   Gap | It/Node Time

     0     0  160.80739    0  121  267.00000  160.80739  39.8%     -    0s
     0     0 infeasible    0       267.00000  267.00000  0.00%     -    0s

Cutting planes:
  Gomory: 9
  Cover: 1
  Clique: 3
  StrongCG: 1

Explored 1 nodes (420 simplex iterations) in 0.11 seconds
Thread count was 6 (of 6 available processors)

Solution count 2: 267 267 

Optimal solution found (tolerance 1.00e-04)
Best objective 2.670000000000e+02, best bound 2.670000000000e+02, gap 0.0000%
Optimize a model with 4751 rows, 6864 columns and 19839 nonzeros
Model has 6 quadratic constraints
Variable types: 612 continuous, 6252 integer (6252 binary)
Coefficient statistics:
  Matrix range     [1e+00, 2e+02]
  QMatrix range    [1e+00, 1e+00]
  QLMatrix range   [1e+00, 1e+00]
  Objective range  [2e+00, 9e+01]
  Bounds range     [1e+00, 1e+00]
  RHS range        [1e+00, 8e+00]
Found heuristic solution: objective 1700.4000000
Presolve removed 4127 rows and 5403 columns
Presolve time: 0.02s
Presolved: 1710 rows, 1821 columns, 7503 nonzeros
Found heuristic solution: objective 1472.2000000
Variable types: 140 continuous, 1681 integer (1681 binary)
Found heuristic solution: objective 1385.4000000

Root relaxation: objective 1.058914e+03, 184 iterations, 0.00 seconds

    Nodes    |    Current Node    |     Objective Bounds      |     Work
 Expl Unexpl |  Obj  Depth IntInf | Incumbent    BestBd   Gap | It/Node Time

     0     0 1058.91446    0    8 1385.40000 1058.91446  23.6%     -    0s
H    0     0                    1375.8000000 1058.91446  23.0%     -    0s
     0     0 1361.84072    0    4 1375.80000 1361.84072  1.01%     -    0s

Explored 1 nodes (322 simplex iterations) in 0.12 seconds
Thread count was 6 (of 6 available processors)

Solution count 5: 1375.8 1375.8 1385.4 ... 1472.2

Optimal solution found (tolerance 1.00e-04)
Best objective 1.375800000000e+03, best bound 1.375800000000e+03, gap 0.0000%
Optimize a model with 4565 rows, 6864 columns and 9033 nonzeros
Variable types: 612 continuous, 6252 integer (6252 binary)
Coefficient statistics:
  Matrix range     [1e+00, 2e+02]
  Objective range  [2e+00, 9e+01]
  Bounds range     [1e+00, 1e+00]
  RHS range        [1e+00, 8e+00]
Found heuristic solution: objective 1700.4000000
Presolve removed 4188 rows and 6593 columns
Presolve time: 0.02s
Presolved: 377 rows, 271 columns, 1173 nonzeros
Found heuristic solution: objective 1385.4000000
Variable types: 140 continuous, 131 integer (131 binary)

Root relaxation: objective 1.058914e+03, 124 iterations, 0.00 seconds

    Nodes    |    Current Node    |     Objective Bounds      |     Work
 Expl Unexpl |  Obj  Depth IntInf | Incumbent    BestBd   Gap | It/Node Time

     0     0 1058.91446    0    8 1385.40000 1058.91446  23.6%     -    0s
     0     0 1361.84072    0    4 1385.40000 1361.84072  1.70%     -    0s
H    0     1                    1375.8000000 1361.84072  1.01%     -    0s

Cutting planes:
  Flow cover: 8

Explored 1 nodes (132 simplex iterations) in 0.05 seconds
Thread count was 6 (of 6 available processors)

Solution count 3: 1375.8 1385.4 1472.2 

Optimal solution found (tolerance 1.00e-04)
Best objective 1.375800000000e+03, best bound 1.375800000000e+03, gap 0.0000%
Optimize a model with 4559 rows, 6864 columns and 8601 nonzeros
Variable types: 612 continuous, 6252 integer (6252 binary)
Coefficient statistics:
  Matrix range     [1e+00, 2e+02]
  Objective range  [2e+00, 9e+01]
  Bounds range     [1e+00, 1e+00]
  RHS range        [1e+00, 3e+00]
Found heuristic solution: objective 1700.4000000
Presolve removed 4482 rows and 6810 columns
Presolve time: 0.03s
Presolved: 77 rows, 54 columns, 229 nonzeros
Found heuristic solution: objective 1378.2000000
Variable types: 35 continuous, 19 integer (19 binary)

Root relaxation: objective 1.296579e+03, 31 iterations, 0.00 seconds

    Nodes    |    Current Node    |     Objective Bounds      |     Work
 Expl Unexpl |  Obj  Depth IntInf | Incumbent    BestBd   Gap | It/Node Time

     0     0 1296.57861    0    2 1378.20000 1296.57861  5.92%     -    0s
*    0     0               0    1375.8000000 1375.80000  0.00%     -    0s

Explored 1 nodes (31 simplex iterations) in 0.04 seconds
Thread count was 6 (of 6 available processors)

Solution count 3: 1375.8 1378.2 1399.9 

Optimal solution found (tolerance 1.00e-04)
Best objective 1.375800000000e+03, best bound 1.375800000000e+03, gap 0.0000%
Optimize a model with 4379 rows, 6864 columns and 7803 nonzeros
Variable types: 612 continuous, 6252 integer (6252 binary)
Coefficient statistics:
  Matrix range     [1e+00, 2e+02]
  Objective range  [2e+00, 9e+01]
  Bounds range     [1e+00, 1e+00]
  RHS range        [1e+00, 3e+00]
Found heuristic solution: objective 267.0000000
Presolve removed 4367 rows and 6841 columns
Presolve time: 0.00s
Presolved: 12 rows, 23 columns, 45 nonzeros
Found heuristic solution: objective 44.5000000
Variable types: 23 continuous, 0 integer (0 binary)

Explored 0 nodes (0 simplex iterations) in 0.01 seconds
Thread count was 6 (of 6 available processors)

Solution count 1: 44.5 

Optimal solution found (tolerance 1.00e-04)
Best objective 4.450000000000e+01, best bound 4.450000000000e+01, gap 0.0000%
Optimize a model with 4409 rows, 6864 columns and 9963 nonzeros
Variable types: 612 continuous, 6252 integer (6252 binary)
Coefficient statistics:
  Matrix range     [1e+00, 2e+02]
  Objective range  [2e+00, 9e+01]
  Bounds range     [1e+00, 1e+00]
  RHS range        [1e+00, 8e+00]
Found heuristic solution: objective 267.0000000
Presolve removed 4397 rows and 6841 columns
Presolve time: 0.00s
Presolved: 12 rows, 23 columns, 45 nonzeros
Found heuristic solution: objective 44.5000000
Variable types: 23 continuous, 0 integer (0 binary)

Explored 0 nodes (0 simplex iterations) in 0.01 seconds
Thread count was 6 (of 6 available processors)

Solution count 1: 44.5 

Optimal solution found (tolerance 1.00e-04)
Best objective 4.450000000000e+01, best bound 4.450000000000e+01, gap 0.0000%
Optimize a model with 4385 rows, 6864 columns and 8235 nonzeros
Variable types: 612 continuous, 6252 integer (6252 binary)
Coefficient statistics:
  Matrix range     [1e+00, 2e+02]
  Objective range  [2e+00, 9e+01]
  Bounds range     [1e+00, 1e+00]
  RHS range        [1e+00, 8e+00]
Found heuristic solution: objective 267.0000000
Presolve removed 4180 rows and 6623 columns
Presolve time: 0.00s
Presolved: 205 rows, 241 columns, 721 nonzeros
Variable types: 146 continuous, 95 integer (95 binary)

Root relaxation: objective 6.330000e+01, 6 iterations, 0.00 seconds

    Nodes    |    Current Node    |     Objective Bounds      |     Work
 Expl Unexpl |  Obj  Depth IntInf | Incumbent    BestBd   Gap | It/Node Time

     0     0   63.30000    0    5  267.00000   63.30000  76.3%     -    0s
H    0     0                      98.2000000   63.30000  35.5%     -    0s
H    0     0                      88.7000000   63.30000  28.6%     -    0s
     0     0   79.80000    0    3   88.70000   79.80000  10.0%     -    0s
*    0     0               0      81.9000000   81.90000  0.00%     -    0s

Explored 1 nodes (18 simplex iterations) in 0.02 seconds
Thread count was 6 (of 6 available processors)

Solution count 4: 81.9 88.7 98.2 267 

Optimal solution found (tolerance 1.00e-04)
Best objective 8.190000000000e+01, best bound 8.190000000000e+01, gap 0.0000%
Optimize a model with 47327 rows, 6864 columns and 1682175 nonzeros
Model has 6 quadratic constraints
Variable types: 612 continuous, 6252 integer (6252 binary)
Coefficient statistics:
  Matrix range     [1e+00, 2e+02]
  QMatrix range    [1e+00, 1e+00]
  QLMatrix range   [1e+00, 1e+00]
  Objective range  [2e+00, 9e+01]
  Bounds range     [1e+00, 1e+00]
  RHS range        [1e+00, 8e+00]
Found heuristic solution: objective 1700.4000000
Presolve removed 46612 rows and 5776 columns
Presolve time: 0.57s
Presolved: 1549 rows, 1364 columns, 7696 nonzeros
Found heuristic solution: objective 267.0000000
Variable types: 146 continuous, 1218 integer (1218 binary)

Root relaxation: objective 2.499000e+02, 84 iterations, 0.00 seconds

    Nodes    |    Current Node    |     Objective Bounds      |     Work
 Expl Unexpl |  Obj  Depth IntInf | Incumbent    BestBd   Gap | It/Node Time

     0     0     cutoff    0       267.00000  267.00000  0.00%     -    0s

Explored 1 nodes (92 simplex iterations) in 0.65 seconds
Thread count was 6 (of 6 available processors)

Solution count 2: 267 267 

Optimal solution found (tolerance 1.00e-04)
Best objective 2.670000000000e+02, best bound 2.670000000000e+02, gap 0.0000%
Optimize a model with 47147 rows, 6864 columns and 1676595 nonzeros
Model has 6 quadratic constraints
Variable types: 612 continuous, 6252 integer (6252 binary)
Coefficient statistics:
  Matrix range     [1e+00, 2e+02]
  QMatrix range    [1e+00, 1e+00]
  QLMatrix range   [1e+00, 1e+00]
  Objective range  [2e+00, 9e+01]
  Bounds range     [1e+00, 1e+00]
  RHS range        [1e+00, 8e+00]
Found heuristic solution: objective 1700.4000000
Presolve removed 46563 rows and 5734 columns
Presolve time: 0.62s
Presolved: 1670 rows, 1490 columns, 8027 nonzeros
Found heuristic solution: objective 267.0000000
Variable types: 146 continuous, 1344 integer (1344 binary)

Root relaxation: objective 6.783807e+01, 322 iterations, 0.00 seconds

    Nodes    |    Current Node    |     Objective Bounds      |     Work
 Expl Unexpl |  Obj  Depth IntInf | Incumbent    BestBd   Gap | It/Node Time

     0     0   67.83807    0   44  267.00000   67.83807  74.6%     -    0s
H    0     0                     153.0000000   67.83807  55.7%     -    0s
     0     0   86.46675    0  207  153.00000   86.46675  43.5%     -    0s
     0     0  116.31400    0  149  153.00000  116.31400  24.0%     -    0s
     0     0  124.62704    0  210  153.00000  124.62704  18.5%     -    0s
     0     0  124.62704    0  168  153.00000  124.62704  18.5%     -    0s
     0     0  124.62704    0  168  153.00000  124.62704  18.5%     -    0s

Explored 1 nodes (849 simplex iterations) in 0.88 seconds
Thread count was 6 (of 6 available processors)

Solution count 4: 153 258.3 267 267 

Optimal solution found (tolerance 1.00e-04)
Best objective 1.530000000000e+02, best bound 1.530000000000e+02, gap 0.0000%
Optimize a model with 47147 rows, 6864 columns and 1676595 nonzeros
Variable types: 612 continuous, 6252 integer (6252 binary)
Coefficient statistics:
  Matrix range     [1e+00, 2e+02]
  Objective range  [2e+00, 9e+01]
  Bounds range     [1e+00, 1e+00]
  RHS range        [1e+00, 8e+00]
Found heuristic solution: objective 267.0000000
Presolve removed 46942 rows and 6623 columns
Presolve time: 0.43s
Presolved: 205 rows, 241 columns, 721 nonzeros
Variable types: 146 continuous, 95 integer (95 binary)

Root relaxation: objective 6.330000e+01, 6 iterations, 0.00 seconds

    Nodes    |    Current Node    |     Objective Bounds      |     Work
 Expl Unexpl |  Obj  Depth IntInf | Incumbent    BestBd   Gap | It/Node Time

     0     0   63.30000    0    5  267.00000   63.30000  76.3%     -    0s
H    0     0                      98.2000000   63.30000  35.5%     -    0s
H    0     0                      88.7000000   63.30000  28.6%     -    0s
     0     0   79.80000    0    3   88.70000   79.80000  10.0%     -    0s
*    0     0               0      81.9000000   81.90000  0.00%     -    0s

Explored 1 nodes (18 simplex iterations) in 0.50 seconds
Thread count was 6 (of 6 available processors)

Solution count 4: 81.9 88.7 98.2 267 

Optimal solution found (tolerance 1.00e-04)
Best objective 8.190000000000e+01, best bound 8.190000000000e+01, gap 0.0000%
Optimize a model with 47147 rows, 6864 columns and 1676595 nonzeros
Variable types: 612 continuous, 6252 integer (6252 binary)
Coefficient statistics:
  Matrix range     [1e+00, 2e+02]
  Objective range  [2e+00, 9e+01]
  Bounds range     [1e+00, 1e+00]
  RHS range        [1e+00, 8e+00]
Found heuristic solution: objective 267.0000000
Presolve removed 46901 rows and 6564 columns
Presolve time: 0.77s
Presolved: 246 rows, 300 columns, 905 nonzeros
Variable types: 146 continuous, 154 integer (154 binary)

Root relaxation: objective 6.330000e+01, 11 iterations, 0.00 seconds

    Nodes    |    Current Node    |     Objective Bounds      |     Work
 Expl Unexpl |  Obj  Depth IntInf | Incumbent    BestBd   Gap | It/Node Time

     0     0   63.30000    0    5  267.00000   63.30000  76.3%     -    0s
H    0     0                     135.4000000   63.30000  53.2%     -    0s
H    0     0                     100.4000000   63.30000  37.0%     -    0s
H    0     0                      87.1000000   63.30000  27.3%     -    0s
     0     0   79.80000    0    3   87.10000   79.80000  8.38%     -    0s
*    0     0               0      81.9000000   81.90000  0.00%     -    0s

Explored 1 nodes (22 simplex iterations) in 0.84 seconds
Thread count was 6 (of 6 available processors)

Solution count 5: 81.9 87.1 100.4 ... 267

Optimal solution found (tolerance 1.00e-04)
Best objective 8.190000000000e+01, best bound 8.190000000000e+01, gap 0.0000%
Optimize a model with 47327 rows, 6864 columns and 1682175 nonzeros
Variable types: 612 continuous, 6252 integer (6252 binary)
Coefficient statistics:
  Matrix range     [1e+00, 2e+02]
  Objective range  [2e+00, 9e+01]
  Bounds range     [1e+00, 1e+00]
  RHS range        [1e+00, 8e+00]
Found heuristic solution: objective 267.0000000
Presolve removed 47026 rows and 6507 columns
Presolve time: 0.77s
Presolved: 301 rows, 357 columns, 1188 nonzeros
Variable types: 146 continuous, 211 integer (211 binary)

Root relaxation: objective 7.404681e+01, 23 iterations, 0.00 seconds

    Nodes    |    Current Node    |     Objective Bounds      |     Work
 Expl Unexpl |  Obj  Depth IntInf | Incumbent    BestBd   Gap | It/Node Time

     0     0   74.04681    0    7  267.00000   74.04681  72.3%     -    0s
H    0     0                     179.4000000   74.04681  58.7%     -    0s
H    0     0                     112.4000000   74.04681  34.1%     -    0s
H    0     0                      88.9000000   74.04681  16.7%     -    0s
*    0     0               0      81.9000000   81.90000  0.00%     -    0s

Cutting planes:
  Cover: 3

Explored 1 nodes (29 simplex iterations) in 0.84 seconds
Thread count was 6 (of 6 available processors)

Solution count 5: 81.9 88.9 112.4 ... 267

Optimal solution found (tolerance 1.00e-04)
Best objective 8.190000000000e+01, best bound 8.190000000000e+01, gap 0.0000%
Optimize a model with 47327 rows, 6864 columns and 1682175 nonzeros
Model has 6 quadratic constraints
Variable types: 612 continuous, 6252 integer (6252 binary)
Coefficient statistics:
  Matrix range     [1e+00, 2e+02]
  QMatrix range    [1e+00, 1e+00]
  QLMatrix range   [1e+00, 1e+00]
  Objective range  [2e+00, 9e+01]
  Bounds range     [1e+00, 1e+00]
  RHS range        [1e+00, 8e+00]
Found heuristic solution: objective 1700.4000000
Presolve removed 46545 rows and 5446 columns
Presolve time: 0.55s
Presolved: 1868 rows, 1778 columns, 9917 nonzeros
Found heuristic solution: objective 267.0000000
Variable types: 146 continuous, 1632 integer (1632 binary)
Found heuristic solution: objective 153.0000000

Root relaxation: objective 6.889284e+01, 29 iterations, 0.00 seconds

    Nodes    |    Current Node    |     Objective Bounds      |     Work
 Expl Unexpl |  Obj  Depth IntInf | Incumbent    BestBd   Gap | It/Node Time

     0     0   68.89284    0   18  153.00000   68.89284  55.0%     -    0s
H    0     0                      88.9000000   68.89284  22.5%     -    0s
H    0     0                      87.1000000   68.89284  20.9%     -    0s
H    0     0                      82.7000000   68.89284  16.7%     -    0s
H    0     0                      81.9000000   68.89284  15.9%     -    0s
     0     0     cutoff    0        81.90000   81.90000  0.00%     -    0s

Cutting planes:
  Gomory: 1
  Cover: 1
  Implied bound: 3
  Clique: 5
  MIR: 1
  StrongCG: 1
  Zero half: 2

Explored 1 nodes (49 simplex iterations) in 0.67 seconds
Thread count was 6 (of 6 available processors)

Solution count 7: 81.9 82.7 87.1 ... 267

Optimal solution found (tolerance 1.00e-04)
Best objective 8.190000000000e+01, best bound 8.190000000000e+01, gap 0.0000%
Optimize a model with 47507 rows, 6864 columns and 1682973 nonzeros
Model has 6 quadratic constraints
Variable types: 612 continuous, 6252 integer (6252 binary)
Coefficient statistics:
  Matrix range     [1e+00, 2e+02]
  QMatrix range    [1e+00, 1e+00]
  QLMatrix range   [1e+00, 1e+00]
  Objective range  [2e+00, 9e+01]
  Bounds range     [1e+00, 1e+00]
  RHS range        [1e+00, 8e+00]
Found heuristic solution: objective 1700.4000000
Presolve removed 46553 rows and 5407 columns
Presolve time: 0.55s
Presolved: 2040 rows, 1817 columns, 10376 nonzeros
Found heuristic solution: objective 1472.2000000
Variable types: 137 continuous, 1680 integer (1680 binary)
Found heuristic solution: objective 1385.4000000

Root relaxation: objective 1.058914e+03, 194 iterations, 0.00 seconds

    Nodes    |    Current Node    |     Objective Bounds      |     Work
 Expl Unexpl |  Obj  Depth IntInf | Incumbent    BestBd   Gap | It/Node Time

     0     0 1058.91446    0   15 1385.40000 1058.91446  23.6%     -    0s
H    0     0                    1375.8000000 1058.91446  23.0%     -    0s
     0     0 1361.84072    0    4 1375.80000 1361.84072  1.01%     -    0s

Explored 1 nodes (341 simplex iterations) in 0.68 seconds
Thread count was 6 (of 6 available processors)

Solution count 4: 1375.8 1385.4 1472.2 1472.2 

Optimal solution found (tolerance 1.00e-04)
Best objective 1.375800000000e+03, best bound 1.375800000000e+03, gap 0.0000%
Optimize a model with 47507 rows, 6864 columns and 1682973 nonzeros
Model has 6 quadratic constraints
Variable types: 612 continuous, 6252 integer (6252 binary)
Coefficient statistics:
  Matrix range     [1e+00, 2e+02]
  QMatrix range    [1e+00, 1e+00]
  QLMatrix range   [1e+00, 1e+00]
  Objective range  [2e+00, 9e+01]
  Bounds range     [1e+00, 1e+00]
  RHS range        [1e+00, 8e+00]
Found heuristic solution: objective 1700.4000000
Presolve removed 46553 rows and 5407 columns
Presolve time: 0.56s
Presolved: 2040 rows, 1817 columns, 10376 nonzeros
Found heuristic solution: objective 1472.2000000
Variable types: 137 continuous, 1680 integer (1680 binary)
Found heuristic solution: objective 1385.4000000

Root relaxation: objective 1.058914e+03, 194 iterations, 0.00 seconds

    Nodes    |    Current Node    |     Objective Bounds      |     Work
 Expl Unexpl |  Obj  Depth IntInf | Incumbent    BestBd   Gap | It/Node Time

     0     0 1058.91446    0   15 1385.40000 1058.91446  23.6%     -    0s
H    0     0                    1375.8000000 1058.91446  23.0%     -    0s
     0     0 1361.84072    0    4 1375.80000 1361.84072  1.01%     -    0s

Explored 1 nodes (341 simplex iterations) in 0.69 seconds
Thread count was 6 (of 6 available processors)

Solution count 4: 1375.8 1385.4 1472.2 1472.2 

Optimal solution found (tolerance 1.00e-04)
Best objective 1.375800000000e+03, best bound 1.375800000000e+03, gap 0.0000%
Optimize a model with 47507 rows, 6864 columns and 1682973 nonzeros
Model has 6 quadratic constraints
Variable types: 612 continuous, 6252 integer (6252 binary)
Coefficient statistics:
  Matrix range     [1e+00, 2e+02]
  QMatrix range    [1e+00, 1e+00]
  QLMatrix range   [1e+00, 1e+00]
  Objective range  [2e+00, 9e+01]
  Bounds range     [1e+00, 1e+00]
  RHS range        [1e+00, 8e+00]
Found heuristic solution: objective 1700.4000000
Presolve removed 46914 rows and 5634 columns
Presolve time: 0.61s
Presolved: 1679 rows, 1590 columns, 9576 nonzeros
Found heuristic solution: objective 1323.0000000
Variable types: 0 continuous, 1590 integer (1590 binary)

Explored 0 nodes (0 simplex iterations) in 0.64 seconds
Thread count was 6 (of 6 available processors)

Solution count 1: 1323 

Optimal solution found (tolerance 1.00e-04)
Best objective 1.323000000000e+03, best bound 1.323000000000e+03, gap 0.0000%
Optimize a model with 47327 rows, 6864 columns and 1682175 nonzeros
Model has 6 quadratic constraints
Variable types: 612 continuous, 6252 integer (6252 binary)
Coefficient statistics:
  Matrix range     [1e+00, 2e+02]
  QMatrix range    [1e+00, 1e+00]
  QLMatrix range   [1e+00, 1e+00]
  Objective range  [2e+00, 9e+01]
  Bounds range     [1e+00, 1e+00]
  RHS range        [1e+00, 8e+00]
Found heuristic solution: objective 1700.4000000
Presolve removed 46545 rows and 5446 columns
Presolve time: 0.53s
Presolved: 1868 rows, 1778 columns, 9917 nonzeros
Found heuristic solution: objective 267.0000000
Variable types: 146 continuous, 1632 integer (1632 binary)
Found heuristic solution: objective 153.0000000

Root relaxation: objective 6.889284e+01, 29 iterations, 0.00 seconds

    Nodes    |    Current Node    |     Objective Bounds      |     Work
 Expl Unexpl |  Obj  Depth IntInf | Incumbent    BestBd   Gap | It/Node Time

     0     0   68.89284    0   18  153.00000   68.89284  55.0%     -    0s
H    0     0                      88.9000000   68.89284  22.5%     -    0s
H    0     0                      87.1000000   68.89284  20.9%     -    0s
H    0     0                      82.7000000   68.89284  16.7%     -    0s
H    0     0                      81.9000000   68.89284  15.9%     -    0s
     0     0     cutoff    0        81.90000   81.90000  0.00%     -    0s

Cutting planes:
  Gomory: 1
  Cover: 1
  Implied bound: 3
  Clique: 5
  MIR: 1
  StrongCG: 1
  Zero half: 2

Explored 1 nodes (49 simplex iterations) in 0.64 seconds
Thread count was 6 (of 6 available processors)

Solution count 7: 81.9 82.7 87.1 ... 267

Optimal solution found (tolerance 1.00e-04)
Best objective 8.190000000000e+01, best bound 8.190000000000e+01, gap 0.0000%
Optimize a model with 46523 rows, 6864 columns and 1681005 nonzeros
Model has 6 quadratic constraints
Variable types: 612 continuous, 6252 integer (6252 binary)
Coefficient statistics:
  Matrix range     [1e+00, 2e+02]
  QMatrix range    [1e+00, 1e+00]
  QLMatrix range   [1e+00, 1e+00]
  Objective range  [2e+00, 9e+01]
  Bounds range     [1e+00, 1e+00]
  RHS range        [1e+00, 8e+00]
Found heuristic solution: objective 1700.4000000
Presolve removed 45930 rows and 5634 columns
Presolve time: 0.51s
Presolved: 1679 rows, 1590 columns, 9576 nonzeros
Found heuristic solution: objective 1323.0000000
Variable types: 0 continuous, 1590 integer (1590 binary)

Explored 0 nodes (0 simplex iterations) in 0.54 seconds
Thread count was 6 (of 6 available processors)

Solution count 1: 1323 

Optimal solution found (tolerance 1.00e-04)
Best objective 1.323000000000e+03, best bound 1.323000000000e+03, gap 0.0000%
Optimize a model with 26717 rows, 6864 columns and 834927 nonzeros
Model has 6 quadratic constraints
Variable types: 612 continuous, 6252 integer (6252 binary)
Coefficient statistics:
  Matrix range     [1e+00, 2e+02]
  QMatrix range    [1e+00, 1e+00]
  QLMatrix range   [1e+00, 1e+00]
  Objective range  [2e+00, 9e+01]
  Bounds range     [1e+00, 1e+00]
  RHS range        [1e+00, 8e+00]
Found heuristic solution: objective 1700.4000000
Presolve removed 26166 rows and 5634 columns
Presolve time: 0.23s
Presolved: 1637 rows, 1590 columns, 9174 nonzeros
Found heuristic solution: objective 1323.0000000
Variable types: 0 continuous, 1590 integer (1590 binary)

Explored 0 nodes (0 simplex iterations) in 0.25 seconds
Thread count was 6 (of 6 available processors)

Solution count 1: 1323 

Optimal solution found (tolerance 1.00e-04)
Best objective 1.323000000000e+03, best bound 1.323000000000e+03, gap 0.0000%
Optimize a model with 26723 rows, 6864 columns and 834933 nonzeros
Model has 6 quadratic constraints
Variable types: 612 continuous, 6252 integer (6252 binary)
Coefficient statistics:
  Matrix range     [1e+00, 2e+02]
  QMatrix range    [1e+00, 1e+00]
  QLMatrix range   [1e+00, 1e+00]
  Objective range  [2e+00, 9e+01]
  Bounds range     [1e+00, 1e+00]
  RHS range        [1e+00, 8e+00]
Found heuristic solution: objective 1700.4000000
Presolve removed 26172 rows and 5634 columns
Presolve time: 0.23s
Presolved: 1637 rows, 1590 columns, 9174 nonzeros
Found heuristic solution: objective 1390.2000000
Variable types: 0 continuous, 1590 integer (1590 binary)

Explored 0 nodes (0 simplex iterations) in 0.25 seconds
Thread count was 6 (of 6 available processors)

Solution count 1: 1390.2 

Optimal solution found (tolerance 1.00e-04)
Best objective 1.390200000000e+03, best bound 1.390200000000e+03, gap 0.0000%
Optimize a model with 24923 rows, 6864 columns and 833133 nonzeros
Model has 6 quadratic constraints
Variable types: 612 continuous, 6252 integer (6252 binary)
Coefficient statistics:
  Matrix range     [1e+00, 2e+02]
  QMatrix range    [1e+00, 1e+00]
  QLMatrix range   [1e+00, 1e+00]
  Objective range  [2e+00, 9e+01]
  Bounds range     [1e+00, 1e+00]
  RHS range        [1e+00, 8e+00]
Found heuristic solution: objective 1700.4000000
Presolve removed 24372 rows and 5634 columns
Presolve time: 0.22s
Presolved: 1637 rows, 1590 columns, 9174 nonzeros
Found heuristic solution: objective 1390.2000000
Variable types: 0 continuous, 1590 integer (1590 binary)

Explored 0 nodes (0 simplex iterations) in 0.24 seconds
Thread count was 6 (of 6 available processors)

Solution count 1: 1390.2 

Optimal solution found (tolerance 1.00e-04)
Best objective 1.390200000000e+03, best bound 1.390200000000e+03, gap 0.0000%
Optimize a model with 26543 rows, 6864 columns and 834135 nonzeros
Model has 6 quadratic constraints
Variable types: 612 continuous, 6252 integer (6252 binary)
Coefficient statistics:
  Matrix range     [1e+00, 2e+02]
  QMatrix range    [1e+00, 1e+00]
  QLMatrix range   [1e+00, 1e+00]
  Objective range  [2e+00, 9e+01]
  Bounds range     [1e+00, 1e+00]
  RHS range        [1e+00, 8e+00]
Found heuristic solution: objective 1700.4000000
Presolve removed 25988 rows and 5630 columns
Presolve time: 0.24s
Presolved: 1641 rows, 1594 columns, 9192 nonzeros
Found heuristic solution: objective 136.8000000
Variable types: 0 continuous, 1594 integer (1594 binary)
Found heuristic solution: objective 22.8000000

Explored 1 nodes (0 simplex iterations) in 0.30 seconds
Thread count was 6 (of 6 available processors)

Solution count 3: 22.8 136.8 136.8 

Optimal solution found (tolerance 1.00e-04)
Best objective 2.280000000000e+01, best bound 2.280000000000e+01, gap 0.0000%
Optimize a model with 26543 rows, 6864 columns and 834135 nonzeros
Model has 6 quadratic constraints
Variable types: 612 continuous, 6252 integer (6252 binary)
Coefficient statistics:
  Matrix range     [1e+00, 2e+02]
  QMatrix range    [1e+00, 1e+00]
  QLMatrix range   [1e+00, 1e+00]
  Objective range  [2e+00, 9e+01]
  Bounds range     [1e+00, 1e+00]
  RHS range        [1e+00, 8e+00]
Found heuristic solution: objective 1700.4000000
Presolve removed 25988 rows and 5630 columns
Presolve time: 0.23s
Presolved: 1641 rows, 1594 columns, 9192 nonzeros
Found heuristic solution: objective 136.8000000
Variable types: 0 continuous, 1594 integer (1594 binary)
Found heuristic solution: objective 22.8000000

Explored 1 nodes (0 simplex iterations) in 0.28 seconds
Thread count was 6 (of 6 available processors)

Solution count 3: 22.8 136.8 136.8 

Optimal solution found (tolerance 1.00e-04)
Best objective 2.280000000000e+01, best bound 2.280000000000e+01, gap 0.0000%
Optimize a model with 27527 rows, 6864 columns and 836103 nonzeros
Model has 6 quadratic constraints
Variable types: 612 continuous, 6252 integer (6252 binary)
Coefficient statistics:
  Matrix range     [1e+00, 2e+02]
  QMatrix range    [1e+00, 1e+00]
  QLMatrix range   [1e+00, 1e+00]
  Objective range  [2e+00, 9e+01]
  Bounds range     [1e+00, 1e+00]
  RHS range        [1e+00, 8e+00]
Found heuristic solution: objective 1700.4000000
Presolve removed 26972 rows and 5630 columns
Presolve time: 0.23s
Presolved: 1641 rows, 1594 columns, 9192 nonzeros
Found heuristic solution: objective 136.8000000
Variable types: 0 continuous, 1594 integer (1594 binary)
Found heuristic solution: objective 22.8000000

Explored 1 nodes (0 simplex iterations) in 0.29 seconds
Thread count was 6 (of 6 available processors)

Solution count 3: 22.8 136.8 136.8 

Optimal solution found (tolerance 1.00e-04)
Best objective 2.280000000000e+01, best bound 2.280000000000e+01, gap 0.0000%
Optimize a model with 27707 rows, 6864 columns and 836901 nonzeros
Model has 6 quadratic constraints
Variable types: 612 continuous, 6252 integer (6252 binary)
Coefficient statistics:
  Matrix range     [1e+00, 2e+02]
  QMatrix range    [1e+00, 1e+00]
  QLMatrix range   [1e+00, 1e+00]
  Objective range  [2e+00, 9e+01]
  Bounds range     [1e+00, 1e+00]
  RHS range        [1e+00, 8e+00]
Found heuristic solution: objective 1700.4000000
Presolve removed 27156 rows and 5634 columns
Presolve time: 0.22s
Presolved: 1637 rows, 1590 columns, 9174 nonzeros
Found heuristic solution: objective 1390.2000000
Variable types: 0 continuous, 1590 integer (1590 binary)

Explored 0 nodes (0 simplex iterations) in 0.24 seconds
Thread count was 6 (of 6 available processors)

Solution count 1: 1390.2 

Optimal solution found (tolerance 1.00e-04)
Best objective 1.390200000000e+03, best bound 1.390200000000e+03, gap 0.0000%
Optimize a model with 4565 rows, 6864 columns and 8607 nonzeros
Variable types: 612 continuous, 6252 integer (6252 binary)
Coefficient statistics:
  Matrix range     [1e+00, 2e+02]
  Objective range  [2e+00, 9e+01]
  Bounds range     [1e+00, 1e+00]
  RHS range        [1e+00, 3e+00]
Found heuristic solution: objective 1700.4000000
Presolve removed 4565 rows and 6864 columns
Presolve time: 0.00s
Presolve: All rows and columns removed

Explored 0 nodes (0 simplex iterations) in 0.01 seconds
Thread count was 1 (of 6 available processors)

Solution count 2: 1390.2 1700.4 

Optimal solution found (tolerance 1.00e-04)
Best objective 1.390200000000e+03, best bound 1.390200000000e+03, gap 0.0000%
Optimize a model with 4565 rows, 6864 columns and 8607 nonzeros
Variable types: 612 continuous, 6252 integer (6252 binary)
Coefficient statistics:
  Matrix range     [1e+00, 2e+02]
  Objective range  [2e+00, 9e+01]
  Bounds range     [1e+00, 1e+00]
  RHS range        [1e+00, 3e+00]
Found heuristic solution: objective 1700.4000000
Presolve removed 4565 rows and 6864 columns
Presolve time: 0.00s
Presolve: All rows and columns removed

Explored 0 nodes (0 simplex iterations) in 0.01 seconds
Thread count was 1 (of 6 available processors)

Solution count 2: 1390.2 1700.4 

Optimal solution found (tolerance 1.00e-04)
Best objective 1.390200000000e+03, best bound 1.390200000000e+03, gap 0.0000%
Optimize a model with 4385 rows, 6864 columns and 7809 nonzeros
Variable types: 612 continuous, 6252 integer (6252 binary)
Coefficient statistics:
  Matrix range     [1e+00, 2e+02]
  Objective range  [2e+00, 9e+01]
  Bounds range     [1e+00, 1e+00]
  RHS range        [1e+00, 3e+00]
Found heuristic solution: objective 136.8000000
Presolve removed 4385 rows and 6864 columns
Presolve time: 0.00s
Presolve: All rows and columns removed

Explored 0 nodes (0 simplex iterations) in 0.01 seconds
Thread count was 1 (of 6 available processors)

Solution count 2: 22.8 136.8 

Optimal solution found (tolerance 1.00e-04)
Best objective 2.280000000000e+01, best bound 2.280000000000e+01, gap 0.0000%
Optimize a model with 13139 rows, 6864 columns and 16071 nonzeros
Variable types: 612 continuous, 6252 integer (6252 binary)
Coefficient statistics:
  Matrix range     [1e+00, 2e+02]
  Objective range  [2e+00, 9e+01]
  Bounds range     [1e+00, 1e+00]
  RHS range        [1e+00, 3e+00]
Found heuristic solution: objective 136.8000000
Presolve removed 13139 rows and 6864 columns
Presolve time: 0.00s
Presolve: All rows and columns removed

Explored 0 nodes (0 simplex iterations) in 0.01 seconds
Thread count was 1 (of 6 available processors)

Solution count 2: 22.8 136.8 

Optimal solution found (tolerance 1.00e-04)
Best objective 2.280000000000e+01, best bound 2.280000000000e+01, gap 0.0000%
Optimize a model with 2339 rows, 6864 columns and 5271 nonzeros
Variable types: 612 continuous, 6252 integer (6252 binary)
Coefficient statistics:
  Matrix range     [1e+00, 2e+02]
  Objective range  [2e+00, 9e+01]
  Bounds range     [1e+00, 1e+00]
  RHS range        [1e+00, 1e+00]
Found heuristic solution: objective 136.8000000
Presolve removed 2339 rows and 6864 columns
Presolve time: 0.00s
Presolve: All rows and columns removed

Explored 0 nodes (0 simplex iterations) in 0.01 seconds
Thread count was 1 (of 6 available processors)

Solution count 2: 22.8 136.8 

Optimal solution found (tolerance 1.00e-04)
Best objective 2.280000000000e+01, best bound 2.280000000000e+01, gap 0.0000%
Optimize a model with 2519 rows, 6864 columns and 6069 nonzeros
Variable types: 612 continuous, 6252 integer (6252 binary)
Coefficient statistics:
  Matrix range     [1e+00, 2e+02]
  Objective range  [2e+00, 9e+01]
  Bounds range     [1e+00, 1e+00]
  RHS range        [1e+00, 1e+00]
Found heuristic solution: objective 1700.4000000
Presolve removed 2466 rows and 6822 columns
Presolve time: 0.01s
Presolved: 53 rows, 42 columns, 154 nonzeros
Found heuristic solution: objective 355.3000000
Variable types: 22 continuous, 20 integer (20 binary)

Root relaxation: objective 1.360000e+02, 11 iterations, 0.00 seconds

    Nodes    |    Current Node    |     Objective Bounds      |     Work
 Expl Unexpl |  Obj  Depth IntInf | Incumbent    BestBd   Gap | It/Node Time

*    0     0               0     136.0000000  136.00000  0.00%     -    0s

Explored 0 nodes (11 simplex iterations) in 0.01 seconds
Thread count was 6 (of 6 available processors)

Solution count 3: 136 355.3 384.6 

Optimal solution found (tolerance 1.00e-04)
Best objective 1.360000000000e+02, best bound 1.360000000000e+02, gap 0.0000%
Optimize a model with 2519 rows, 6864 columns and 6069 nonzeros
Variable types: 612 continuous, 6252 integer (6252 binary)
Coefficient statistics:
  Matrix range     [1e+00, 2e+02]
  Objective range  [2e+00, 9e+01]
  Bounds range     [1e+00, 1e+00]
  RHS range        [1e+00, 1e+00]
Found heuristic solution: objective 1700.4000000
Presolve removed 2466 rows and 6822 columns
Presolve time: 0.00s
Presolved: 53 rows, 42 columns, 154 nonzeros
Found heuristic solution: objective 355.3000000
Variable types: 22 continuous, 20 integer (20 binary)

Root relaxation: objective 1.360000e+02, 11 iterations, 0.00 seconds

    Nodes    |    Current Node    |     Objective Bounds      |     Work
 Expl Unexpl |  Obj  Depth IntInf | Incumbent    BestBd   Gap | It/Node Time

*    0     0               0     136.0000000  136.00000  0.00%     -    0s

Explored 0 nodes (11 simplex iterations) in 0.02 seconds
Thread count was 6 (of 6 available processors)

Solution count 3: 136 355.3 384.6 

Optimal solution found (tolerance 1.00e-04)
Best objective 1.360000000000e+02, best bound 1.360000000000e+02, gap 0.0000%
Optimize a model with 13319 rows, 6864 columns and 16869 nonzeros
Variable types: 612 continuous, 6252 integer (6252 binary)
Coefficient statistics:
  Matrix range     [1e+00, 2e+02]
  Objective range  [2e+00, 9e+01]
  Bounds range     [1e+00, 1e+00]
  RHS range        [1e+00, 3e+00]
Found heuristic solution: objective 1700.4000000
Presolve removed 13267 rows and 6823 columns
Presolve time: 0.01s
Presolved: 52 rows, 41 columns, 151 nonzeros
Found heuristic solution: objective 355.3000000
Variable types: 22 continuous, 19 integer (19 binary)

Root relaxation: objective 1.360000e+02, 8 iterations, 0.00 seconds

    Nodes    |    Current Node    |     Objective Bounds      |     Work
 Expl Unexpl |  Obj  Depth IntInf | Incumbent    BestBd   Gap | It/Node Time

*    0     0               0     136.0000000  136.00000  0.00%     -    0s

Explored 0 nodes (8 simplex iterations) in 0.02 seconds
Thread count was 6 (of 6 available processors)

Solution count 3: 136 355.3 384.6 

Optimal solution found (tolerance 1.00e-04)
Best objective 1.360000000000e+02, best bound 1.360000000000e+02, gap 0.0000%
Optimize a model with 36461 rows, 6864 columns and 845163 nonzeros
Model has 6 quadratic constraints
Variable types: 612 continuous, 6252 integer (6252 binary)
Coefficient statistics:
  Matrix range     [1e+00, 2e+02]
  QMatrix range    [1e+00, 1e+00]
  QLMatrix range   [1e+00, 1e+00]
  Objective range  [2e+00, 9e+01]
  Bounds range     [1e+00, 1e+00]
  RHS range        [1e+00, 8e+00]
Found heuristic solution: objective 1700.4000000
Presolve removed 35542 rows and 5368 columns
Presolve time: 0.24s
Presolved: 2005 rows, 1856 columns, 9917 nonzeros
Found heuristic solution: objective 1508.4000000
Variable types: 130 continuous, 1726 integer (1726 binary)
Found heuristic solution: objective 1232.5000000

Root relaxation: objective 1.367805e+02, 75 iterations, 0.00 seconds

    Nodes    |    Current Node    |     Objective Bounds      |     Work
 Expl Unexpl |  Obj  Depth IntInf | Incumbent    BestBd   Gap | It/Node Time

     0     0  136.78049    0   16 1232.50000  136.78049  88.9%     -    0s
H    0     0                     186.2000000  136.78049  26.5%     -    0s
H    0     0                     182.7000000  136.78049  25.1%     -    0s
H    0     0                     163.4000000  136.78049  16.3%     -    0s
H    0     0                     158.8000000  136.78049  13.9%     -    0s
     0     0     cutoff    0       158.80000  158.80000  0.00%     -    0s

Explored 1 nodes (127 simplex iterations) in 0.35 seconds
Thread count was 6 (of 6 available processors)

Solution count 7: 158.8 163.4 182.7 ... 1508.4

Optimal solution found (tolerance 1.00e-04)
Best objective 1.588000000000e+02, best bound 1.588000000000e+02, gap 0.0000%
Optimize a model with 36707 rows, 6864 columns and 845901 nonzeros
Model has 6 quadratic constraints
Variable types: 612 continuous, 6252 integer (6252 binary)
Coefficient statistics:
  Matrix range     [1e+00, 2e+02]
  QMatrix range    [1e+00, 1e+00]
  QLMatrix range   [1e+00, 1e+00]
  Objective range  [2e+00, 9e+01]
  Bounds range     [1e+00, 1e+00]
  RHS range        [1e+00, 8e+00]
Found heuristic solution: objective 1700.4000000
Presolve removed 36156 rows and 5634 columns
Presolve time: 0.23s
Presolved: 1637 rows, 1590 columns, 9174 nonzeros
Found heuristic solution: objective 1390.2000000
Variable types: 0 continuous, 1590 integer (1590 binary)

Explored 0 nodes (0 simplex iterations) in 0.25 seconds
Thread count was 6 (of 6 available processors)

Solution count 1: 1390.2 

Optimal solution found (tolerance 1.00e-04)
Best objective 1.390200000000e+03, best bound 1.390200000000e+03, gap 0.0000%
Optimize a model with 36461 rows, 6864 columns and 845163 nonzeros
Model has 6 quadratic constraints
Variable types: 612 continuous, 6252 integer (6252 binary)
Coefficient statistics:
  Matrix range     [1e+00, 2e+02]
  QMatrix range    [1e+00, 1e+00]
  QLMatrix range   [1e+00, 1e+00]
  Objective range  [2e+00, 9e+01]
  Bounds range     [1e+00, 1e+00]
  RHS range        [1e+00, 8e+00]
Found heuristic solution: objective 1700.4000000
Presolve removed 35542 rows and 5368 columns
Presolve time: 0.24s
Presolved: 2005 rows, 1856 columns, 9917 nonzeros
Found heuristic solution: objective 1508.4000000
Variable types: 130 continuous, 1726 integer (1726 binary)
Found heuristic solution: objective 1232.5000000

Root relaxation: objective 1.367805e+02, 75 iterations, 0.00 seconds

    Nodes    |    Current Node    |     Objective Bounds      |     Work
 Expl Unexpl |  Obj  Depth IntInf | Incumbent    BestBd   Gap | It/Node Time

     0     0  136.78049    0   16 1232.50000  136.78049  88.9%     -    0s
H    0     0                     186.2000000  136.78049  26.5%     -    0s
H    0     0                     182.7000000  136.78049  25.1%     -    0s
H    0     0                     163.4000000  136.78049  16.3%     -    0s
H    0     0                     158.8000000  136.78049  13.9%     -    0s
     0     0     cutoff    0       158.80000  158.80000  0.00%     -    0s

Explored 1 nodes (127 simplex iterations) in 0.34 seconds
Thread count was 6 (of 6 available processors)

Solution count 7: 158.8 163.4 182.7 ... 1508.4

Optimal solution found (tolerance 1.00e-04)
Best objective 1.588000000000e+02, best bound 1.588000000000e+02, gap 0.0000%
Optimize a model with 25655 rows, 6864 columns and 834357 nonzeros
Model has 6 quadratic constraints
Variable types: 612 continuous, 6252 integer (6252 binary)
Coefficient statistics:
  Matrix range     [1e+00, 2e+02]
  QMatrix range    [1e+00, 1e+00]
  QLMatrix range   [1e+00, 1e+00]
  Objective range  [2e+00, 9e+01]
  Bounds range     [1e+00, 1e+00]
  RHS range        [1e+00, 8e+00]
Found heuristic solution: objective 1700.4000000
Presolve removed 24736 rows and 5368 columns
Presolve time: 0.24s
Presolved: 2005 rows, 1856 columns, 9917 nonzeros
Found heuristic solution: objective 1508.4000000
Variable types: 130 continuous, 1726 integer (1726 binary)
Found heuristic solution: objective 1232.5000000

Root relaxation: objective 1.367805e+02, 75 iterations, 0.00 seconds

    Nodes    |    Current Node    |     Objective Bounds      |     Work
 Expl Unexpl |  Obj  Depth IntInf | Incumbent    BestBd   Gap | It/Node Time

     0     0  136.78049    0   16 1232.50000  136.78049  88.9%     -    0s
H    0     0                     186.2000000  136.78049  26.5%     -    0s
H    0     0                     182.7000000  136.78049  25.1%     -    0s
H    0     0                     163.4000000  136.78049  16.3%     -    0s
H    0     0                     158.8000000  136.78049  13.9%     -    0s
     0     0     cutoff    0       158.80000  158.80000  0.00%     -    0s

Explored 1 nodes (127 simplex iterations) in 0.33 seconds
Thread count was 6 (of 6 available processors)

Solution count 7: 158.8 163.4 182.7 ... 1508.4

Optimal solution found (tolerance 1.00e-04)
Best objective 1.588000000000e+02, best bound 1.588000000000e+02, gap 0.0000%
Optimize a model with 25655 rows, 6864 columns and 834357 nonzeros
Model has 6 quadratic constraints
Variable types: 612 continuous, 6252 integer (6252 binary)
Coefficient statistics:
  Matrix range     [1e+00, 2e+02]
  QMatrix range    [1e+00, 1e+00]
  QLMatrix range   [1e+00, 1e+00]
  Objective range  [2e+00, 9e+01]
  Bounds range     [1e+00, 1e+00]
  RHS range        [1e+00, 8e+00]
Found heuristic solution: objective 1700.4000000
Presolve removed 24736 rows and 5368 columns
Presolve time: 0.24s
Presolved: 2005 rows, 1856 columns, 9917 nonzeros
Found heuristic solution: objective 1508.4000000
Variable types: 130 continuous, 1726 integer (1726 binary)
Found heuristic solution: objective 1232.5000000

Root relaxation: objective 1.367805e+02, 75 iterations, 0.00 seconds

    Nodes    |    Current Node    |     Objective Bounds      |     Work
 Expl Unexpl |  Obj  Depth IntInf | Incumbent    BestBd   Gap | It/Node Time

     0     0  136.78049    0   15 1232.50000  136.78049  88.9%     -    0s
H    0     0                     186.2000000  136.78049  26.5%     -    0s
H    0     0                     181.6000000  136.78049  24.7%     -    0s
H    0     0                     162.1000000  136.78049  15.6%     -    0s
H    0     0                     159.9000000  136.78049  14.5%     -    0s
     0     0  158.80000    0    2  159.90000  158.80000  0.69%     -    0s
H    0     0                     158.8000000  158.80000  0.00%     -    0s

Cutting planes:
  Cover: 1
  Clique: 1
  Flow cover: 1

Explored 1 nodes (204 simplex iterations) in 0.33 seconds
Thread count was 6 (of 6 available processors)

Solution count 8: 158.8 159.9 162.1 ... 1508.4

Optimal solution found (tolerance 1.00e-04)
Best objective 1.588000000000e+02, best bound 1.588000000000e+02, gap 0.0000%
Optimize a model with 45461 rows, 6864 columns and 1680435 nonzeros
Model has 6 quadratic constraints
Variable types: 612 continuous, 6252 integer (6252 binary)
Coefficient statistics:
  Matrix range     [1e+00, 2e+02]
  QMatrix range    [1e+00, 1e+00]
  QLMatrix range   [1e+00, 1e+00]
  Objective range  [2e+00, 9e+01]
  Bounds range     [1e+00, 1e+00]
  RHS range        [1e+00, 8e+00]
Found heuristic solution: objective 1700.4000000
Presolve removed 44503 rows and 5374 columns
Presolve time: 0.51s
Presolved: 2044 rows, 1850 columns, 10365 nonzeros
Found heuristic solution: objective 1508.4000000
Variable types: 127 continuous, 1723 integer (1723 binary)
Found heuristic solution: objective 1254.2000000

Root relaxation: objective 1.792973e+02, 126 iterations, 0.00 seconds

    Nodes    |    Current Node    |     Objective Bounds      |     Work
 Expl Unexpl |  Obj  Depth IntInf | Incumbent    BestBd   Gap | It/Node Time

     0     0  179.29730    0   23 1254.20000  179.29730  85.7%     -    0s
H    0     0                     278.7000000  179.29730  35.7%     -    0s
H    0     0                     226.1000000  179.29730  20.7%     -    0s
     0     0  194.72291    0   24  226.10000  194.72291  13.9%     -    0s
     0     0  212.44525    0   29  226.10000  212.44525  6.04%     -    0s
     0     0  212.44525    0   21  226.10000  212.44525  6.04%     -    0s
     0     0  212.44525    0   27  226.10000  212.44525  6.04%     -    0s
     0     0  212.44525    0   29  226.10000  212.44525  6.04%     -    0s

Cutting planes:
  Gomory: 1
  Cover: 9
  Implied bound: 2
  Clique: 7
  MIR: 6
  Flow cover: 5
  Mod-K: 1

Explored 1 nodes (411 simplex iterations) in 0.67 seconds
Thread count was 6 (of 6 available processors)

Solution count 5: 226.1 278.7 1254.2 ... 1508.4

Optimal solution found (tolerance 1.00e-04)
Best objective 2.261000000000e+02, best bound 2.261000000000e+02, gap 0.0000%
Optimize a model with 56513 rows, 6864 columns and 1691979 nonzeros
Model has 6 quadratic constraints
Variable types: 612 continuous, 6252 integer (6252 binary)
Coefficient statistics:
  Matrix range     [1e+00, 2e+02]
  QMatrix range    [1e+00, 1e+00]
  QLMatrix range   [1e+00, 1e+00]
  Objective range  [2e+00, 9e+01]
  Bounds range     [1e+00, 1e+00]
  RHS range        [1e+00, 8e+00]
Found heuristic solution: objective 1700.4000000
Presolve removed 55920 rows and 5634 columns
Presolve time: 0.53s
Presolved: 1679 rows, 1590 columns, 9576 nonzeros
Found heuristic solution: objective 1390.2000000
Variable types: 0 continuous, 1590 integer (1590 binary)

Explored 0 nodes (0 simplex iterations) in 0.56 seconds
Thread count was 6 (of 6 available processors)

Solution count 1: 1390.2 

Optimal solution found (tolerance 1.00e-04)
Best objective 1.390200000000e+03, best bound 1.390200000000e+03, gap 0.0000%
Optimize a model with 45713 rows, 6864 columns and 1681179 nonzeros
Model has 6 quadratic constraints
Variable types: 612 continuous, 6252 integer (6252 binary)
Coefficient statistics:
  Matrix range     [1e+00, 2e+02]
  QMatrix range    [1e+00, 1e+00]
  QLMatrix range   [1e+00, 1e+00]
  Objective range  [2e+00, 9e+01]
  Bounds range     [1e+00, 1e+00]
  RHS range        [1e+00, 8e+00]
Found heuristic solution: objective 1700.4000000
Presolve removed 45120 rows and 5634 columns
Presolve time: 0.51s
Presolved: 1679 rows, 1590 columns, 9576 nonzeros
Found heuristic solution: objective 1390.2000000
Variable types: 0 continuous, 1590 integer (1590 binary)

Explored 0 nodes (0 simplex iterations) in 0.53 seconds
Thread count was 6 (of 6 available processors)

Solution count 1: 1390.2 

Optimal solution found (tolerance 1.00e-04)
Best objective 1.390200000000e+03, best bound 1.390200000000e+03, gap 0.0000%
Optimize a model with 45461 rows, 6864 columns and 1680435 nonzeros
Model has 6 quadratic constraints
Variable types: 612 continuous, 6252 integer (6252 binary)
Coefficient statistics:
  Matrix range     [1e+00, 2e+02]
  QMatrix range    [1e+00, 1e+00]
  QLMatrix range   [1e+00, 1e+00]
  Objective range  [2e+00, 9e+01]
  Bounds range     [1e+00, 1e+00]
  RHS range        [1e+00, 8e+00]
Found heuristic solution: objective 1700.4000000
Presolve removed 44503 rows and 5374 columns
Presolve time: 0.53s
Presolved: 2044 rows, 1850 columns, 10365 nonzeros
Found heuristic solution: objective 1508.4000000
Variable types: 127 continuous, 1723 integer (1723 binary)
Found heuristic solution: objective 1254.2000000

Root relaxation: objective 1.792973e+02, 126 iterations, 0.00 seconds

    Nodes    |    Current Node    |     Objective Bounds      |     Work
 Expl Unexpl |  Obj  Depth IntInf | Incumbent    BestBd   Gap | It/Node Time

     0     0  179.29730    0   23 1254.20000  179.29730  85.7%     -    0s
H    0     0                     278.7000000  179.29730  35.7%     -    0s
H    0     0                     226.1000000  179.29730  20.7%     -    0s
     0     0  194.72291    0   24  226.10000  194.72291  13.9%     -    0s
     0     0  212.44525    0   29  226.10000  212.44525  6.04%     -    0s
     0     0  212.44525    0   21  226.10000  212.44525  6.04%     -    0s
     0     0  212.44525    0   27  226.10000  212.44525  6.04%     -    0s
     0     0  212.44525    0   29  226.10000  212.44525  6.04%     -    0s

Cutting planes:
  Gomory: 1
  Cover: 9
  Implied bound: 2
  Clique: 7
  MIR: 6
  Flow cover: 5
  Mod-K: 1

Explored 1 nodes (411 simplex iterations) in 0.70 seconds
Thread count was 6 (of 6 available processors)

Solution count 5: 226.1 278.7 1254.2 ... 1508.4

Optimal solution found (tolerance 1.00e-04)
Best objective 2.261000000000e+02, best bound 2.261000000000e+02, gap 0.0000%
Optimize a model with 25655 rows, 6864 columns and 834357 nonzeros
Model has 6 quadratic constraints
Variable types: 612 continuous, 6252 integer (6252 binary)
Coefficient statistics:
  Matrix range     [1e+00, 2e+02]
  QMatrix range    [1e+00, 1e+00]
  QLMatrix range   [1e+00, 1e+00]
  Objective range  [2e+00, 9e+01]
  Bounds range     [1e+00, 1e+00]
  RHS range        [1e+00, 8e+00]
Found heuristic solution: objective 1700.4000000
Presolve removed 24716 rows and 5377 columns
Presolve time: 0.25s
Presolved: 2025 rows, 1847 columns, 10276 nonzeros
Found heuristic solution: objective 1506.0000000
Variable types: 128 continuous, 1719 integer (1719 binary)
Found heuristic solution: objective 1254.2000000

Root relaxation: objective 1.792973e+02, 117 iterations, 0.00 seconds

    Nodes    |    Current Node    |     Objective Bounds      |     Work
 Expl Unexpl |  Obj  Depth IntInf | Incumbent    BestBd   Gap | It/Node Time

     0     0  179.29730    0   22 1254.20000  179.29730  85.7%     -    0s
H    0     0                     375.9000000  179.29730  52.3%     -    0s
H    0     0                     238.6000000  179.29730  24.9%     -    0s
H    0     0                     226.1000000  179.29730  20.7%     -    0s
     0     0  186.38715    0   17  226.10000  186.38715  17.6%     -    0s
     0     0  217.71999    0   22  226.10000  217.71999  3.71%     -    0s
     0     0  217.71999    0   24  226.10000  217.71999  3.71%     -    0s
     0     0  217.71999    0   18  226.10000  217.71999  3.71%     -    0s
     0     0  217.71999    0   19  226.10000  217.71999  3.71%     -    0s
     0     0  217.71999    0   20  226.10000  217.71999  3.71%     -    0s
     0     0  217.71999    0   22  226.10000  217.71999  3.71%     -    0s
     0     0  217.71999    0   23  226.10000  217.71999  3.71%     -    0s

Cutting planes:
  Cover: 11
  Implied bound: 5
  Clique: 8
  MIR: 3
  Flow cover: 6

Explored 1 nodes (392 simplex iterations) in 0.41 seconds
Thread count was 6 (of 6 available processors)

Solution count 6: 226.1 238.6 375.9 ... 1506

Optimal solution found (tolerance 1.00e-04)
Best objective 2.261000000000e+02, best bound 2.261000000000e+02, gap 0.0000%
Optimize a model with 45461 rows, 6864 columns and 1680435 nonzeros
Model has 6 quadratic constraints
Variable types: 612 continuous, 6252 integer (6252 binary)
Coefficient statistics:
  Matrix range     [1e+00, 2e+02]
  QMatrix range    [1e+00, 1e+00]
  QLMatrix range   [1e+00, 1e+00]
  Objective range  [2e+00, 9e+01]
  Bounds range     [1e+00, 1e+00]
  RHS range        [1e+00, 8e+00]
Found heuristic solution: objective 1700.4000000
Presolve removed 44499 rows and 5375 columns
Presolve time: 0.54s
Presolved: 2048 rows, 1849 columns, 10384 nonzeros
Found heuristic solution: objective 1508.4000000
Variable types: 127 continuous, 1722 integer (1722 binary)
Found heuristic solution: objective 1263.7000000

Root relaxation: objective 2.042682e+02, 159 iterations, 0.00 seconds

    Nodes    |    Current Node    |     Objective Bounds      |     Work
 Expl Unexpl |  Obj  Depth IntInf | Incumbent    BestBd   Gap | It/Node Time

     0     0  204.26820    0   34 1263.70000  204.26820  83.8%     -    0s
H    0     0                     708.1000000  204.26820  71.2%     -    0s
H    0     0                     698.6000000  204.26820  70.8%     -    0s
H    0     0                     309.4000000  204.26820  34.0%     -    0s
H    0     0                     305.9000000  204.26820  33.2%     -    0s
H    0     0                     280.9000000  204.26820  27.3%     -    0s
H    0     0                     277.4000000  204.26820  26.4%     -    0s
H    0     0                     274.7000000  204.26820  25.6%     -    0s
     0     0  225.59791    0   26  274.70000  225.59791  17.9%     -    0s
H    0     0                     271.1000000  225.59791  16.8%     -    0s
H    0     0                     267.6000000  225.59791  15.7%     -    0s
H    0     0                     264.1000000  225.59791  14.6%     -    0s
     0     0     cutoff    0       264.10000  264.10000  0.00%     -    0s

Cutting planes:
  Cover: 8
  Implied bound: 1
  Clique: 9
  MIR: 3
  StrongCG: 2
  Flow cover: 5

Explored 1 nodes (302 simplex iterations) in 0.68 seconds
Thread count was 6 (of 6 available processors)

Solution count 10: 264.1 267.6 271.1 ... 708.1

Optimal solution found (tolerance 1.00e-04)
Best objective 2.641000000000e+02, best bound 2.641000000000e+02, gap 0.0000%
Optimize a model with 45713 rows, 6864 columns and 1681179 nonzeros
Model has 6 quadratic constraints
Variable types: 612 continuous, 6252 integer (6252 binary)
Coefficient statistics:
  Matrix range     [1e+00, 2e+02]
  QMatrix range    [1e+00, 1e+00]
  QLMatrix range   [1e+00, 1e+00]
  Objective range  [2e+00, 9e+01]
  Bounds range     [1e+00, 1e+00]
  RHS range        [1e+00, 8e+00]
Found heuristic solution: objective 1700.4000000
Presolve removed 45120 rows and 5634 columns
Presolve time: 0.55s
Presolved: 1679 rows, 1590 columns, 9576 nonzeros
Found heuristic solution: objective 1390.2000000
Variable types: 0 continuous, 1590 integer (1590 binary)

Explored 0 nodes (0 simplex iterations) in 0.58 seconds
Thread count was 6 (of 6 available processors)

Solution count 1: 1390.2 

Optimal solution found (tolerance 1.00e-04)
Best objective 1.390200000000e+03, best bound 1.390200000000e+03, gap 0.0000%
Optimize a model with 45713 rows, 6864 columns and 1681179 nonzeros
Model has 6 quadratic constraints
Variable types: 612 continuous, 6252 integer (6252 binary)
Coefficient statistics:
  Matrix range     [1e+00, 2e+02]
  QMatrix range    [1e+00, 1e+00]
  QLMatrix range   [1e+00, 1e+00]
  Objective range  [2e+00, 9e+01]
  Bounds range     [1e+00, 1e+00]
  RHS range        [1e+00, 8e+00]
Found heuristic solution: objective 1700.4000000
Presolve removed 45120 rows and 5634 columns
Presolve time: 0.51s
Presolved: 1679 rows, 1590 columns, 9576 nonzeros
Found heuristic solution: objective 1390.2000000
Variable types: 0 continuous, 1590 integer (1590 binary)

Explored 0 nodes (0 simplex iterations) in 0.54 seconds
Thread count was 6 (of 6 available processors)

Solution count 1: 1390.2 

Optimal solution found (tolerance 1.00e-04)
Best objective 1.390200000000e+03, best bound 1.390200000000e+03, gap 0.0000%
Optimize a model with 45713 rows, 6864 columns and 1681179 nonzeros
Model has 6 quadratic constraints
Variable types: 612 continuous, 6252 integer (6252 binary)
Coefficient statistics:
  Matrix range     [4e-02, 2e+02]
  QMatrix range    [1e+00, 1e+00]
  QLMatrix range   [1e+00, 1e+00]
  Objective range  [2e+00, 9e+01]
  Bounds range     [1e+00, 1e+00]
  RHS range        [1e+00, 8e+00]
Found heuristic solution: objective 1700.4000000
Presolve removed 2700 rows and 1038 columns
Presolve time: 1.31s
Presolved: 44099 rows, 6186 columns, 1683492 nonzeros
Found heuristic solution: objective 1390.2000000
Variable types: 0 continuous, 6186 integer (6186 binary)

Explored 0 nodes (0 simplex iterations) in 1.40 seconds
Thread count was 6 (of 6 available processors)

Solution count 1: 1390.2 

Optimal solution found (tolerance 1.00e-04)
Best objective 1.390200000000e+03, best bound 1.390200000000e+03, gap 0.0000%
Optimize a model with 56513 rows, 6864 columns and 1691979 nonzeros
Model has 6 quadratic constraints
Variable types: 612 continuous, 6252 integer (6252 binary)
Coefficient statistics:
  Matrix range     [4e-02, 2e+02]
  QMatrix range    [1e+00, 1e+00]
  QLMatrix range   [1e+00, 1e+00]
  Objective range  [2e+00, 9e+01]
  Bounds range     [1e+00, 1e+00]
  RHS range        [1e+00, 8e+00]
Found heuristic solution: objective 1700.4000000
Presolve removed 13500 rows and 1038 columns
Presolve time: 1.35s
Presolved: 44099 rows, 6186 columns, 1683492 nonzeros
Found heuristic solution: objective 1390.2000000
Variable types: 0 continuous, 6186 integer (6186 binary)

Explored 0 nodes (0 simplex iterations) in 1.45 seconds
Thread count was 6 (of 6 available processors)

Solution count 1: 1390.2 

Optimal solution found (tolerance 1.00e-04)
Best objective 1.390200000000e+03, best bound 1.390200000000e+03, gap 0.0000%
Optimize a model with 56513 rows, 6864 columns and 1691979 nonzeros
Model has 6 quadratic constraints
Variable types: 612 continuous, 6252 integer (6252 binary)
Coefficient statistics:
  Matrix range     [4e-02, 2e+02]
  QMatrix range    [1e+00, 1e+00]
  QLMatrix range   [1e+00, 1e+00]
  Objective range  [2e+00, 9e+01]
  Bounds range     [1e+00, 1e+00]
  RHS range        [1e+00, 8e+00]
Found heuristic solution: objective 1700.4000000
Presolve removed 13500 rows and 1038 columns
Presolve time: 1.26s
Presolved: 44099 rows, 6186 columns, 1683492 nonzeros
Found heuristic solution: objective 1390.2000000
Variable types: 0 continuous, 6186 integer (6186 binary)

Explored 0 nodes (0 simplex iterations) in 1.35 seconds
Thread count was 6 (of 6 available processors)

Solution count 1: 1390.2 

Optimal solution found (tolerance 1.00e-04)
Best objective 1.390200000000e+03, best bound 1.390200000000e+03, gap 0.0000%

Gurobi 8.1.1 (win64, Python) logging started 09/23/19 18:14:05

Optimize a model with 56513 rows, 6864 columns and 1691979 nonzeros
Model has 6 quadratic constraints
Variable types: 612 continuous, 6252 integer (6252 binary)
Coefficient statistics:
  Matrix range     [4e-02, 2e+02]
  QMatrix range    [1e+00, 1e+00]
  QLMatrix range   [1e+00, 1e+00]
  Objective range  [2e+00, 9e+01]
  Bounds range     [1e+00, 1e+00]
  RHS range        [1e+00, 8e+00]
Found heuristic solution: objective 1700.4000000
Presolve removed 13500 rows and 1038 columns
Presolve time: 1.18s
Presolved: 44099 rows, 6186 columns, 1683492 nonzeros
Found heuristic solution: objective 1390.2000000
Variable types: 0 continuous, 6186 integer (6186 binary)

Explored 0 nodes (0 simplex iterations) in 1.28 seconds
Thread count was 6 (of 6 available processors)

Solution count 1: 1390.2 

Optimal solution found (tolerance 1.00e-04)
Best objective 1.390200000000e+03, best bound 1.390200000000e+03, gap 0.0000%
Optimize a model with 56442 rows, 6864 columns and 1691553 nonzeros
Model has 6 quadratic constraints
Variable types: 612 continuous, 6252 integer (6252 binary)
Coefficient statistics:
  Matrix range     [4e-02, 2e+02]
  QMatrix range    [1e+00, 1e+00]
  QLMatrix range   [1e+00, 1e+00]
  Objective range  [2e+00, 9e+01]
  Bounds range     [1e+00, 1e+00]
  RHS range        [1e+00, 8e+00]
Found heuristic solution: objective 1700.4000000
Presolve removed 13500 rows and 1038 columns
Presolve time: 1.20s
Presolved: 44028 rows, 6186 columns, 1683066 nonzeros
Found heuristic solution: objective 1390.2000000
Variable types: 0 continuous, 6186 integer (6186 binary)

Explored 0 nodes (0 simplex iterations) in 1.30 seconds
Thread count was 6 (of 6 available processors)

Solution count 1: 1390.2 

Optimal solution found (tolerance 1.00e-04)
Best objective 1.390200000000e+03, best bound 1.390200000000e+03, gap 0.0000%
Optimize a model with 56442 rows, 6864 columns and 1691553 nonzeros
Variable types: 612 continuous, 6252 integer (6252 binary)
Coefficient statistics:
  Matrix range     [4e-02, 2e+02]
  Objective range  [2e+00, 9e+01]
  Bounds range     [1e+00, 1e+00]
  RHS range        [1e+00, 8e+00]
Found heuristic solution: objective 1700.4000000
Presolve removed 56442 rows and 6864 columns
Presolve time: 0.59s
Presolve: All rows and columns removed

Explored 0 nodes (0 simplex iterations) in 0.66 seconds
Thread count was 1 (of 6 available processors)

Solution count 2: 1390.2 1700.4 

Optimal solution found (tolerance 1.00e-04)
Best objective 1.390200000000e+03, best bound 1.390200000000e+03, gap 0.0000%
Optimize a model with 56202 rows, 6864 columns and 1676973 nonzeros
Model has 6 quadratic constraints
Variable types: 612 continuous, 6252 integer (6252 binary)
Coefficient statistics:
  Matrix range     [4e-02, 2e+02]
  QMatrix range    [1e+00, 1e+00]
  QLMatrix range   [1e+00, 1e+00]
  Objective range  [2e+00, 9e+01]
  Bounds range     [1e+00, 1e+00]
  RHS range        [1e+00, 8e+00]
Found heuristic solution: objective 1700.4000000
Presolve removed 13506 rows and 1038 columns
Presolve time: 1.11s
Presolved: 43422 rows, 6186 columns, 1667220 nonzeros
Found heuristic solution: objective 1390.2000000
Variable types: 0 continuous, 6186 integer (6186 binary)

Explored 0 nodes (0 simplex iterations) in 1.20 seconds
Thread count was 6 (of 6 available processors)

Solution count 1: 1390.2 

Optimal solution found (tolerance 1.00e-04)
Best objective 1.390200000000e+03, best bound 1.390200000000e+03, gap 0.0000%
Optimize a model with 56202 rows, 6864 columns and 1676973 nonzeros
Model has 6 quadratic constraints
Variable types: 612 continuous, 6252 integer (6252 binary)
Coefficient statistics:
  Matrix range     [4e-02, 2e+02]
  QMatrix range    [1e+00, 1e+00]
  QLMatrix range   [1e+00, 1e+00]
  Objective range  [2e+00, 9e+01]
  Bounds range     [1e+00, 1e+00]
  RHS range        [1e+00, 8e+00]
Found heuristic solution: objective -0.0000000
Presolve removed 13506 rows and 1038 columns
Presolve time: 1.19s
Presolved: 43422 rows, 6186 columns, 1667220 nonzeros
Found heuristic solution: objective 310.2000000
Variable types: 0 continuous, 6186 integer (6186 binary)

Explored 0 nodes (0 simplex iterations) in 1.28 seconds
Thread count was 6 (of 6 available processors)

Solution count 1: 310.2 

Optimal solution found (tolerance 1.00e-04)
Best objective 3.102000000000e+02, best bound 3.102000000000e+02, gap 0.0000%
Optimize a model with 45156 rows, 6864 columns and 1665435 nonzeros
Model has 6 quadratic constraints
Variable types: 612 continuous, 6252 integer (6252 binary)
Coefficient statistics:
  Matrix range     [4e-02, 2e+02]
  QMatrix range    [1e+00, 1e+00]
  QLMatrix range   [1e+00, 1e+00]
  Objective range  [2e+00, 9e+01]
  Bounds range     [1e+00, 1e+00]
  RHS range        [1e+00, 8e+00]
Found heuristic solution: objective -0.0000000
Presolve removed 2091 rows and 779 columns
Presolve time: 1.36s
Presolved: 43791 rows, 6445 columns, 1668301 nonzeros
Found heuristic solution: objective 192.0000000
Variable types: 127 continuous, 6318 integer (6318 binary)

Root relaxation: objective 1.510673e+03, 1071 iterations, 0.70 seconds

    Nodes    |    Current Node    |     Objective Bounds      |     Work
 Expl Unexpl |  Obj  Depth IntInf | Incumbent    BestBd   Gap | It/Node Time

     0     0 1510.67269    0   21  192.00000 1510.67269   687%     -    2s
H    0     0                    1462.9000000 1510.67269  3.27%     -    2s
H    0     0                    1475.9000000 1510.67269  2.36%     -    2s
H    0     0                    1478.1000000 1510.67269  2.20%     -    2s
*    0     0               0    1491.4000000 1491.40000  0.00%     -    3s

Cutting planes:
  Gomory: 1
  Cover: 4
  Implied bound: 1
  Clique: 7
  MIR: 1
  Flow cover: 5
  Zero half: 2

Explored 1 nodes (1115 simplex iterations) in 3.19 seconds
Thread count was 6 (of 6 available processors)

Solution count 5: 1491.4 1478.1 1475.9 ... 192

Optimal solution found (tolerance 1.00e-04)
Best objective 1.491400000000e+03, best bound 1.491400000000e+03, gap 0.0000%

Gurobi 8.1.1 (win64, Python) logging started 09/30/19 13:08:40

Optimize a model with 45156 rows, 6864 columns and 1665435 nonzeros
Model has 6 quadratic constraints
Variable types: 612 continuous, 6252 integer (6252 binary)
Coefficient statistics:
  Matrix range     [4e-02, 2e+02]
  QMatrix range    [1e+00, 1e+00]
  QLMatrix range   [1e+00, 1e+00]
  Objective range  [2e+00, 9e+01]
  Bounds range     [1e+00, 1e+00]
  RHS range        [1e+00, 8e+00]
Found heuristic solution: objective -0.0000000
Presolve removed 2091 rows and 779 columns
Presolve time: 1.62s
Presolved: 43791 rows, 6445 columns, 1668301 nonzeros
Found heuristic solution: objective 192.0000000
Variable types: 127 continuous, 6318 integer (6318 binary)

Root relaxation: objective 1.510673e+03, 1071 iterations, 0.76 seconds

    Nodes    |    Current Node    |     Objective Bounds      |     Work
 Expl Unexpl |  Obj  Depth IntInf | Incumbent    BestBd   Gap | It/Node Time

     0     0 1510.67269    0   21  192.00000 1510.67269   687%     -    3s
H    0     0                    1462.9000000 1510.67269  3.27%     -    3s
H    0     0                    1475.9000000 1510.67269  2.36%     -    3s
H    0     0                    1478.1000000 1510.67269  2.20%     -    3s
*    0     0               0    1491.4000000 1491.40000  0.00%     -    3s

Cutting planes:
  Gomory: 1
  Cover: 4
  Implied bound: 1
  Clique: 7
  MIR: 1
  Flow cover: 5
  Zero half: 2

Explored 1 nodes (1115 simplex iterations) in 3.77 seconds
Thread count was 6 (of 6 available processors)

Solution count 5: 1491.4 1478.1 1475.9 ... 192

Optimal solution found (tolerance 1.00e-04)
Best objective 1.491400000000e+03, best bound 1.491400000000e+03, gap 0.0000%
Optimize a model with 4603908 rows, 16200 columns and 152334900 nonzeros
Variable types: 5400 continuous, 10800 integer (10800 binary)
Coefficient statistics:
  Matrix range     [4e-02, 2e+03]
  Objective range  [1e-03, 1e+02]
  Bounds range     [1e+00, 1e+00]
  RHS range        [1e+00, 1e+03]
Found heuristic solution: objective 1045.9568868
Presolve removed 0 rows and 0 columns (presolve time = 8s) ...
Presolve removed 5330 rows and 0 columns (presolve time = 12s) ...
Presolve removed 5330 rows and 0 columns (presolve time = 25s) ...
Presolve removed 10646 rows and 5330 columns (presolve time = 41s) ...
Presolve removed 10646 rows and 5360 columns (presolve time = 54s) ...
Presolve removed 4059614 rows and 10280 columns (presolve time = 79s) ...
Presolve removed 4059614 rows and 10280 columns (presolve time = 91s) ...
Presolve removed 4525786 rows and 15634 columns (presolve time = 108s) ...
Presolve removed 4527186 rows and 15634 columns (presolve time = 110s) ...
Presolve removed 4568302 rows and 15648 columns (presolve time = 115s) ...
Presolve removed 4580245 rows and 15649 columns
Presolve time: 117.50s
Presolved: 23663 rows, 551 columns, 172807 nonzeros
Variable types: 69 continuous, 482 integer (482 binary)

Root simplex log...

Iteration    Objective       Primal Inf.    Dual Inf.      Time
       0   -4.3174377e+03   0.000000e+00   6.883805e+03    130s
    2511    3.5937852e+01   0.000000e+00   0.000000e+00    130s
    2511    3.5937852e+01   0.000000e+00   0.000000e+00    130s

Root relaxation: objective 3.593785e+01, 2511 iterations, 0.11 seconds

    Nodes    |    Current Node    |     Objective Bounds      |     Work
 Expl Unexpl |  Obj  Depth IntInf | Incumbent    BestBd   Gap | It/Node Time

     0     0   35.93785    0   26 1045.95689   35.93785  96.6%     -  129s
H    0     0                     909.7660303   35.93785  96.0%     -  129s
H    0     0                     597.8193097   35.93785  94.0%     -  130s
     0     0   36.44569    0   36  597.81931   36.44569  93.9%     -  130s
H    0     0                     587.0465608   36.44569  93.8%     -  130s
     0     0   36.59870    0   38  587.04656   36.59870  93.8%     -  130s
     0     0   39.71232    0   53  587.04656   39.71232  93.2%     -  130s
H    0     0                      63.3805218   39.71232  37.3%     -  130s
     0     0   39.71232    0   52   63.38052   39.71232  37.3%     -  130s
     0     0   39.71232    0   54   63.38052   39.71232  37.3%     -  130s
     0     0   42.70205    0   54   63.38052   42.70205  32.6%     -  130s
     0     0   42.70205    0   61   63.38052   42.70205  32.6%     -  130s
     0     0   43.48165    0   71   63.38052   43.48165  31.4%     -  130s
     0     0   45.64544    0   71   63.38052   45.64544  28.0%     -  130s
     0     0   46.67441    0   77   63.38052   46.67441  26.4%     -  131s
     0     0   46.67441    0   76   63.38052   46.67441  26.4%     -  131s
     0     0   47.30386    0   76   63.38052   47.30386  25.4%     -  131s
     0     0   47.30386    0   76   63.38052   47.30386  25.4%     -  131s
     0     2   47.30386    0   76   63.38052   47.30386  25.4%     -  131s
*   82    19              10      63.3805019   54.35714  14.2%  22.8  132s

Cutting planes:
  Gomory: 4
  MIR: 30
  Zero half: 29

Explored 143 nodes (5327 simplex iterations) in 135.12 seconds
Thread count was 6 (of 6 available processors)

Solution count 6: 63.3805 63.3805 587.047 ... 1045.96

Optimal solution found (tolerance 1.00e-04)
Best objective 6.338050187221e+01, best bound 6.338050187221e+01, gap 0.0000%
Optimize a model with 4603908 rows, 16200 columns and 152334900 nonzeros
Variable types: 5400 continuous, 10800 integer (10800 binary)
Coefficient statistics:
  Matrix range     [4e-02, 2e+03]
  Objective range  [1e-03, 1e+02]
  Bounds range     [1e+00, 1e+00]
  RHS range        [1e+00, 1e+03]
Found heuristic solution: objective 1045.9568868
Presolve removed 0 rows and 0 columns (presolve time = 8s) ...
Presolve removed 5330 rows and 0 columns (presolve time = 12s) ...
Presolve removed 5330 rows and 0 columns (presolve time = 25s) ...
Presolve removed 10646 rows and 5330 columns (presolve time = 41s) ...
Presolve removed 10646 rows and 5360 columns (presolve time = 54s) ...
Presolve removed 4059614 rows and 10280 columns (presolve time = 78s) ...
Presolve removed 4059614 rows and 10280 columns (presolve time = 91s) ...
Presolve removed 4525786 rows and 15634 columns (presolve time = 107s) ...
Presolve removed 4527186 rows and 15634 columns (presolve time = 110s) ...
Presolve removed 4580242 rows and 15648 columns (presolve time = 115s) ...
Presolve removed 4580245 rows and 15649 columns
Presolve time: 116.72s
Presolved: 23663 rows, 551 columns, 172807 nonzeros
Variable types: 69 continuous, 482 integer (482 binary)

Root simplex log...

Iteration    Objective       Primal Inf.    Dual Inf.      Time
       0   -4.3174377e+03   0.000000e+00   6.883805e+03    129s
    2511    3.5937852e+01   0.000000e+00   0.000000e+00    129s
    2511    3.5937852e+01   0.000000e+00   0.000000e+00    129s

Root relaxation: objective 3.593785e+01, 2511 iterations, 0.11 seconds

    Nodes    |    Current Node    |     Objective Bounds      |     Work
 Expl Unexpl |  Obj  Depth IntInf | Incumbent    BestBd   Gap | It/Node Time

     0     0   35.93785    0   26 1045.95689   35.93785  96.6%     -  128s
H    0     0                     909.7660303   35.93785  96.0%     -  128s
H    0     0                     597.8193097   35.93785  94.0%     -  128s
     0     0   36.44569    0   36  597.81931   36.44569  93.9%     -  129s
H    0     0                     587.0465608   36.44569  93.8%     -  129s
     0     0   36.59870    0   38  587.04656   36.59870  93.8%     -  129s
     0     0   39.71232    0   53  587.04656   39.71232  93.2%     -  129s
H    0     0                      63.3805218   39.71232  37.3%     -  129s
     0     0   39.71232    0   52   63.38052   39.71232  37.3%     -  129s
     0     0   39.71232    0   54   63.38052   39.71232  37.3%     -  129s
     0     0   42.70205    0   54   63.38052   42.70205  32.6%     -  129s
     0     0   42.70205    0   61   63.38052   42.70205  32.6%     -  129s
     0     0   43.48165    0   71   63.38052   43.48165  31.4%     -  129s
     0     0   45.64544    0   71   63.38052   45.64544  28.0%     -  129s
     0     0   46.67441    0   77   63.38052   46.67441  26.4%     -  130s
     0     0   46.67441    0   76   63.38052   46.67441  26.4%     -  130s
     0     0   47.30386    0   76   63.38052   47.30386  25.4%     -  130s
     0     0   47.30386    0   76   63.38052   47.30386  25.4%     -  130s
     0     2   47.30386    0   76   63.38052   47.30386  25.4%     -  130s
*   82    19              10      63.3805019   54.35714  14.2%  22.8  131s

Cutting planes:
  Gomory: 4
  MIR: 30
  Zero half: 29

Explored 143 nodes (5327 simplex iterations) in 133.84 seconds
Thread count was 6 (of 6 available processors)

Solution count 6: 63.3805 63.3805 587.047 ... 1045.96

Optimal solution found (tolerance 1.00e-04)
Best objective 6.338050187221e+01, best bound 6.338050187221e+01, gap 0.0000%
Optimize a model with 45156 rows, 6864 columns and 1664565 nonzeros
Model has 6 quadratic constraints
Variable types: 612 continuous, 6252 integer (6252 binary)
Coefficient statistics:
  Matrix range     [4e-02, 2e+02]
  QMatrix range    [1e+00, 1e+00]
  QLMatrix range   [1e+00, 1e+00]
  Objective range  [2e+00, 9e+01]
  Bounds range     [1e+00, 1e+00]
  RHS range        [1e+00, 8e+00]
Found heuristic solution: objective -0.0000000
Presolve removed 2091 rows and 779 columns
Presolve time: 1.57s
Presolved: 43791 rows, 6445 columns, 1667431 nonzeros
Found heuristic solution: objective 192.0000000
Variable types: 127 continuous, 6318 integer (6318 binary)
Extra 83 simplex iterations after uncrush

Root relaxation: objective 1.510815e+03, 947 iterations, 0.62 seconds

    Nodes    |    Current Node    |     Objective Bounds      |     Work
 Expl Unexpl |  Obj  Depth IntInf | Incumbent    BestBd   Gap | It/Node Time

     0     0 1510.81475    0   17  192.00000 1510.81475   687%     -    2s
H    0     0                    1462.9000000 1510.81475  3.28%     -    2s
H    0     0                    1464.0000000 1510.81475  3.20%     -    2s
H    0     0                    1466.5000000 1510.81475  3.02%     -    2s
H    0     0                    1474.6000000 1510.81475  2.46%     -    3s
     0     0 1491.40000    0    8 1474.60000 1491.40000  1.14%     -    3s
     0     0 1491.40000    0   14 1474.60000 1491.40000  1.14%     -    5s
H    0     0                    1477.3000000 1491.40000  0.95%     -    6s
H    0     0                    1490.3000000 1491.40000  0.07%     -    6s
*    0     0               0    1491.4000000 1491.40000  0.00%     -    6s

Cutting planes:
  Cover: 2
  Implied bound: 1
  Clique: 3
  MIR: 2
  Flow cover: 2

Explored 1 nodes (1661 simplex iterations) in 6.21 seconds
Thread count was 6 (of 6 available processors)

Solution count 8: 1491.4 1490.3 1477.3 ... 192

Optimal solution found (tolerance 1.00e-04)
Best objective 1.491400000000e+03, best bound 1.491400000000e+03, gap 0.0000%
