
Gurobi 8.1.1 (win64, Python) logging started 05/06/19 12:55:36

Read LP format model from file C:\Users\BrianFrench\Documents\GitHub\PowerGridResearch\PowerGridResearch\Code\PureRoads\tmp21yyzdfj.pyomo.lp
Reading time = 0.09 seconds
x32761: 22885 rows, 32401 columns, 54901 nonzeros
Optimize a model with 22885 rows, 32401 columns and 54901 nonzeros
Model has 12 quadratic constraints
Variable types: 10801 continuous, 21600 integer (21600 binary)
Coefficient statistics:
  Matrix range     [1e+00, 4e+04]
  QMatrix range    [1e+00, 1e+00]
  Objective range  [3e+00, 2e+04]
  Bounds range     [1e+00, 1e+00]
  RHS range        [1e+00, 4e+04]
  QRHS range       [8e+00, 8e+00]
Presolve removed 22610 rows and 30944 columns
Presolve time: 0.05s

Explored 0 nodes (0 simplex iterations) in 0.08 seconds
Thread count was 1 (of 6 available processors)

Solution count 0

Best objective -, best bound -, gap -

Gurobi 8.1.1 (win64, Python) logging started 05/06/19 15:03:00

Optimize a model with 21792 rows, 16200 columns and 72720 nonzeros
Variable types: 0 continuous, 16200 integer (16200 binary)
Coefficient statistics:
  Matrix range     [1e+00, 4e+04]
  Objective range  [2e+00, 1e+02]
  Bounds range     [1e+00, 1e+00]
  RHS range        [1e+00, 4e+04]
Presolve removed 5280 rows and 0 columns
Presolve time: 0.04s

Explored 0 nodes (0 simplex iterations) in 0.06 seconds
Thread count was 1 (of 6 available processors)

Solution count 0

Model is infeasible
Best objective -, best bound -, gap -
Optimize a model with 21792 rows, 16200 columns and 72720 nonzeros
Variable types: 0 continuous, 16200 integer (16200 binary)
Coefficient statistics:
  Matrix range     [4e-02, 8e+02]
  Objective range  [2e+00, 1e+02]
  Bounds range     [1e+00, 1e+00]
  RHS range        [1e+00, 5e+02]
Found heuristic solution: objective 468.2854327
Presolve removed 21633 rows and 15826 columns
Presolve time: 0.04s
Presolved: 159 rows, 374 columns, 1108 nonzeros
Variable types: 0 continuous, 374 integer (374 binary)

Root relaxation: objective -4.263256e-12, 10 iterations, 0.03 seconds

    Nodes    |    Current Node    |     Objective Bounds      |     Work
 Expl Unexpl |  Obj  Depth IntInf | Incumbent    BestBd   Gap | It/Node Time

*    0     0               0      -0.0000000   -0.00000  0.00%     -    0s

Explored 0 nodes (10 simplex iterations) in 0.18 seconds
Thread count was 6 (of 6 available processors)

Solution count 2: -4.26326e-12 468.285 

Optimal solution found (tolerance 1.00e-04)
Best objective 0.000000000000e+00, best bound -4.263256414561e-12, gap 0.0000%
Optimize a model with 21792 rows, 16200 columns and 72720 nonzeros
Variable types: 0 continuous, 16200 integer (16200 binary)
Coefficient statistics:
  Matrix range     [4e-02, 8e+02]
  Objective range  [2e+00, 1e+02]
  Bounds range     [1e+00, 1e+00]
  RHS range        [1e+00, 5e+02]
Found heuristic solution: objective 1595.7916514
Presolve removed 21609 rows and 15812 columns
Presolve time: 0.02s
Presolved: 183 rows, 388 columns, 1186 nonzeros
Variable types: 0 continuous, 388 integer (388 binary)

Root relaxation: objective 7.544166e+02, 17 iterations, 0.00 seconds

    Nodes    |    Current Node    |     Objective Bounds      |     Work
 Expl Unexpl |  Obj  Depth IntInf | Incumbent    BestBd   Gap | It/Node Time

*    0     0               0     754.4166006  754.41660  0.00%     -    0s

Explored 0 nodes (17 simplex iterations) in 0.03 seconds
Thread count was 6 (of 6 available processors)

Solution count 2: 754.417 1595.79 

Optimal solution found (tolerance 1.00e-04)
Best objective 7.544166006313e+02, best bound 7.544166006313e+02, gap 0.0000%

Gurobi 8.1.1 (win64, Python) logging started 05/07/19 14:01:06

Optimize a model with 210582 rows, 16200 columns and 169983720 nonzeros
Variable types: 0 continuous, 16200 integer (16200 binary)
Coefficient statistics:
  Matrix range     [4e-02, 8e+02]
  Objective range  [2e+00, 1e+02]
  Bounds range     [1e+00, 1e+00]
  RHS range        [1e+00, 5e+02]
Found heuristic solution: objective 1480.0535175
Presolve removed 0 rows and 0 columns (presolve time = 5s) ...
Presolve removed 5300 rows and 0 columns (presolve time = 18s) ...
Presolve removed 5300 rows and 30 columns (presolve time = 33s) ...
Presolve removed 15530 rows and 10250 columns (presolve time = 60s) ...
Presolve removed 15530 rows and 10250 columns (presolve time = 74s) ...
Presolve removed 20456 rows and 15174 columns (presolve time = 76s) ...
Presolve removed 209750 rows and 15185 columns (presolve time = 98s) ...
Presolve removed 209750 rows and 15185 columns (presolve time = 100s) ...
Presolve removed 210240 rows and 15705 columns (presolve time = 119s) ...
Presolve removed 210582 rows and 16200 columns
Presolve time: 118.97s
Presolve: All rows and columns removed

Explored 0 nodes (0 simplex iterations) in 125.71 seconds
Thread count was 1 (of 6 available processors)

Solution count 2: 1425.79 1480.05 

Optimal solution found (tolerance 1.00e-04)
Best objective 1.425792846240e+03, best bound 1.425792846240e+03, gap 0.0000%
Optimize a model with 210582 rows, 16200 columns and 169983720 nonzeros
Variable types: 5400 continuous, 10800 integer (10800 binary)
Coefficient statistics:
  Matrix range     [4e-02, 8e+02]
  Objective range  [2e+00, 1e+02]
  Bounds range     [1e+00, 1e+00]
  RHS range        [1e+00, 5e+02]
Found heuristic solution: objective 880.2764449
Presolve removed 0 rows and 0 columns (presolve time = 5s) ...
Presolve removed 5350 rows and 0 columns (presolve time = 22s) ...
Presolve removed 10690 rows and 5350 columns (presolve time = 34s) ...
Presolve removed 10690 rows and 5380 columns (presolve time = 49s) ...
Presolve removed 15640 rows and 10300 columns (presolve time = 75s) ...
Presolve removed 15640 rows and 10300 columns (presolve time = 89s) ...
Presolve removed 20560 rows and 15220 columns (presolve time = 90s) ...
Presolve removed 209344 rows and 15220 columns (presolve time = 113s) ...
Presolve removed 209344 rows and 15220 columns (presolve time = 115s) ...
Presolve removed 209784 rows and 15680 columns (presolve time = 133s) ...
Presolve removed 210582 rows and 16200 columns
Presolve time: 132.71s
Presolve: All rows and columns removed

Explored 0 nodes (0 simplex iterations) in 139.10 seconds
Thread count was 1 (of 6 available processors)

Solution count 1: 880.276 

Optimal solution found (tolerance 1.00e-04)
Best objective 8.802764449396e+02, best bound 8.802764449396e+02, gap 0.0000%
Optimize a model with 210582 rows, 16200 columns and 169983720 nonzeros
Variable types: 5400 continuous, 10800 integer (10800 binary)
Coefficient statistics:
  Matrix range     [4e-02, 8e+02]
  Objective range  [2e+00, 1e+02]
  Bounds range     [1e+00, 1e+00]
  RHS range        [1e+00, 5e+02]
Found heuristic solution: objective 999.3491583
Presolve removed 0 rows and 0 columns (presolve time = 5s) ...
Presolve removed 5340 rows and 0 columns (presolve time = 22s) ...
Presolve removed 10668 rows and 5340 columns (presolve time = 33s) ...
Presolve removed 10668 rows and 5370 columns (presolve time = 47s) ...
Presolve removed 15618 rows and 10290 columns (presolve time = 74s) ...
Presolve removed 15618 rows and 10290 columns (presolve time = 88s) ...
Presolve removed 209322 rows and 15210 columns (presolve time = 112s) ...
Presolve removed 209322 rows and 15210 columns (presolve time = 115s) ...
Presolve removed 209754 rows and 15660 columns (presolve time = 131s) ...
Presolve removed 210582 rows and 16200 columns
Presolve time: 131.27s
Presolve: All rows and columns removed

Explored 0 nodes (0 simplex iterations) in 137.65 seconds
Thread count was 1 (of 6 available processors)

Solution count 2: 988.363 999.349 

Optimal solution found (tolerance 1.00e-04)
Best objective 9.883634220527e+02, best bound 9.883634220527e+02, gap 0.0000%

Gurobi 8.1.1 (win64, Python) logging started 06/16/19 13:02:57

Optimize a model with 210582 rows, 16200 columns and 169983720 nonzeros
Variable types: 5400 continuous, 10800 integer (10800 binary)
Coefficient statistics:
  Matrix range     [4e-02, 8e+02]
  Objective range  [2e+00, 1e+02]
  Bounds range     [1e+00, 1e+00]
  RHS range        [1e+00, 5e+02]
Found heuristic solution: objective 1014.7292126
Presolve removed 0 rows and 0 columns (presolve time = 5s) ...
Presolve removed 5350 rows and 0 columns (presolve time = 21s) ...
Presolve removed 10690 rows and 5350 columns (presolve time = 33s) ...
Presolve removed 10690 rows and 5380 columns (presolve time = 47s) ...
Presolve removed 15640 rows and 10300 columns (presolve time = 73s) ...
Presolve removed 15640 rows and 10300 columns (presolve time = 87s) ...
Presolve removed 209344 rows and 15220 columns (presolve time = 113s) ...
Presolve removed 209344 rows and 15220 columns (presolve time = 115s) ...
Presolve removed 209784 rows and 15680 columns (presolve time = 134s) ...
Presolve removed 210582 rows and 16200 columns
Presolve time: 133.64s
Presolve: All rows and columns removed

Explored 0 nodes (0 simplex iterations) in 139.88 seconds
Thread count was 1 (of 6 available processors)

Solution count 2: 1003.74 1014.73 

Optimal solution found (tolerance 1.00e-04)
Best objective 1.003743476419e+03, best bound 1.003743476419e+03, gap 0.0000%

Gurobi 8.1.1 (win64, Python) logging started 06/30/19 13:26:17

Optimize a model with 210582 rows, 16200 columns and 169983720 nonzeros
Variable types: 5400 continuous, 10800 integer (10800 binary)
Coefficient statistics:
  Matrix range     [4e-02, 8e+02]
  Objective range  [2e+00, 1e+02]
  Bounds range     [1e+00, 1e+00]
  RHS range        [1e+00, 5e+02]
Found heuristic solution: objective 1353.5348908
Presolve removed 0 rows and 0 columns (presolve time = 5s) ...
Presolve removed 5300 rows and 0 columns (presolve time = 21s) ...
Presolve removed 10580 rows and 5300 columns (presolve time = 34s) ...
Presolve removed 10580 rows and 5330 columns (presolve time = 49s) ...
Presolve removed 15530 rows and 10250 columns (presolve time = 76s) ...
Presolve removed 15530 rows and 10250 columns (presolve time = 89s) ...
Presolve removed 20450 rows and 15170 columns (presolve time = 91s) ...
Presolve removed 209234 rows and 15170 columns (presolve time = 113s) ...
Presolve removed 209234 rows and 15170 columns (presolve time = 115s) ...
Presolve removed 209634 rows and 15568 columns (presolve time = 133s) ...
Presolve removed 210582 rows and 16200 columns
Presolve time: 133.16s
Presolve: All rows and columns removed

Explored 0 nodes (0 simplex iterations) in 139.56 seconds
Thread count was 1 (of 6 available processors)

Solution count 1: 1353.53 

Optimal solution found (tolerance 1.00e-04)
Best objective 1.353534890797e+03, best bound 1.353534890797e+03, gap 0.0000%
Optimize a model with 210582 rows, 16200 columns and 2922840 nonzeros
Variable types: 5400 continuous, 10800 integer (10800 binary)
Coefficient statistics:
  Matrix range     [4e-02, 8e+02]
  Objective range  [2e+00, 1e+02]
  Bounds range     [1e+00, 1e+00]
  RHS range        [1e+00, 5e+02]
Found heuristic solution: objective 574.2546385
Presolve removed 206489 rows and 15685 columns
Presolve time: 1.33s
Presolved: 4093 rows, 515 columns, 19069 nonzeros
Variable types: 49 continuous, 466 integer (466 binary)

Root relaxation: objective 1.686103e+01, 500 iterations, 0.03 seconds

    Nodes    |    Current Node    |     Objective Bounds      |     Work
 Expl Unexpl |  Obj  Depth IntInf | Incumbent    BestBd   Gap | It/Node Time

     0     0   16.86103    0    4  574.25464   16.86103  97.1%     -    1s
H    0     0                      85.2847121   16.86103  80.2%     -    1s
     0     0   16.86103    0    5   85.28471   16.86103  80.2%     -    1s
     0     0   17.05816    0   40   85.28471   17.05816  80.0%     -    1s
     0     0   17.37358    0   35   85.28471   17.37358  79.6%     -    1s
     0     0   17.37358    0   41   85.28471   17.37358  79.6%     -    1s
     0     0   17.37358    0   45   85.28471   17.37358  79.6%     -    1s
     0     0   17.37358    0   45   85.28471   17.37358  79.6%     -    1s
     0     0   17.37358    0   39   85.28471   17.37358  79.6%     -    1s
     0     0   17.95934    0   37   85.28471   17.95934  78.9%     -    1s
     0     0   17.95934    0   41   85.28471   17.95934  78.9%     -    1s
     0     0   17.95934    0   44   85.28471   17.95934  78.9%     -    1s
     0     0   17.95934    0   44   85.28471   17.95934  78.9%     -    1s
     0     2   17.95934    0   44   85.28471   17.95934  78.9%     -    1s

Cutting planes:
  Clique: 1
  MIR: 1

Explored 5437 nodes (52080 simplex iterations) in 3.24 seconds
Thread count was 6 (of 6 available processors)

Solution count 2: 85.2847 574.255 

Optimal solution found (tolerance 1.00e-04)
Best objective 8.528471205727e+01, best bound 8.528471205727e+01, gap 0.0000%

Gurobi 8.1.1 (win64, Python) logging started 09/25/19 12:23:49

Optimize a model with 210582 rows, 16200 columns and 2922840 nonzeros
Variable types: 5400 continuous, 10800 integer (10800 binary)
Coefficient statistics:
  Matrix range     [4e-02, 8e+02]
  Objective range  [2e+00, 1e+02]
  Bounds range     [1e+00, 1e+00]
  RHS range        [1e+00, 5e+02]
Found heuristic solution: objective 1066.8706103
Presolve removed 206383 rows and 15649 columns
Presolve time: 1.10s
Presolved: 4199 rows, 551 columns, 19158 nonzeros
Variable types: 69 continuous, 482 integer (482 binary)

Root relaxation: objective 3.763226e+01, 523 iterations, 0.02 seconds

    Nodes    |    Current Node    |     Objective Bounds      |     Work
 Expl Unexpl |  Obj  Depth IntInf | Incumbent    BestBd   Gap | It/Node Time

     0     0   37.63226    0   49 1066.87061   37.63226  96.5%     -    1s
H    0     0                     278.3960252   37.63226  86.5%     -    1s
H    0     0                     237.7589512   37.63226  84.2%     -    1s
H    0     0                      97.2359939   37.63226  61.3%     -    1s
H    0     0                      38.4745995   37.63226  2.19%     -    1s
     0     0     cutoff    0        38.47460   38.47460  0.00%     -    1s

Cutting planes:
  Gomory: 1
  Implied bound: 4
  MIR: 7
  Zero half: 9

Explored 1 nodes (849 simplex iterations) in 1.43 seconds
Thread count was 6 (of 6 available processors)

Solution count 5: 38.4746 97.236 237.759 ... 1066.87

Optimal solution found (tolerance 1.00e-04)
Best objective 3.847459954899e+01, best bound 3.847459954899e+01, gap 0.0000%
Optimize a model with 210582 rows, 16200 columns and 2922840 nonzeros
Variable types: 5400 continuous, 10800 integer (10800 binary)
Coefficient statistics:
  Matrix range     [4e-02, 8e+02]
  Objective range  [2e+00, 1e+02]
  Bounds range     [1e+00, 1e+00]
  RHS range        [1e+00, 5e+02]
Found heuristic solution: objective 1066.8706103
Presolve removed 206383 rows and 15649 columns
Presolve time: 1.02s
Presolved: 4199 rows, 551 columns, 19158 nonzeros
Variable types: 69 continuous, 482 integer (482 binary)

Root relaxation: objective 3.763226e+01, 523 iterations, 0.01 seconds

    Nodes    |    Current Node    |     Objective Bounds      |     Work
 Expl Unexpl |  Obj  Depth IntInf | Incumbent    BestBd   Gap | It/Node Time

     0     0   37.63226    0   49 1066.87061   37.63226  96.5%     -    1s
H    0     0                     278.3960252   37.63226  86.5%     -    1s
H    0     0                     237.7589512   37.63226  84.2%     -    1s
H    0     0                      97.2359939   37.63226  61.3%     -    1s
H    0     0                      38.4745995   37.63226  2.19%     -    1s
     0     0     cutoff    0        38.47460   38.47460  0.00%     -    1s

Cutting planes:
  Gomory: 1
  Implied bound: 4
  MIR: 7
  Zero half: 9

Explored 1 nodes (849 simplex iterations) in 1.27 seconds
Thread count was 6 (of 6 available processors)

Solution count 5: 38.4746 97.236 237.759 ... 1066.87

Optimal solution found (tolerance 1.00e-04)
Best objective 3.847459954899e+01, best bound 3.847459954899e+01, gap 0.0000%
Optimize a model with 210582 rows, 16200 columns and 2922840 nonzeros
Variable types: 5400 continuous, 10800 integer (10800 binary)
Coefficient statistics:
  Matrix range     [4e-02, 2e+03]
  Objective range  [2e+00, 1e+02]
  Bounds range     [1e+00, 1e+00]
  RHS range        [1e+00, 1e+03]
Found heuristic solution: objective 1160.9099638
Presolve removed 206383 rows and 15649 columns
Presolve time: 0.96s
Presolved: 4199 rows, 551 columns, 19158 nonzeros
Variable types: 69 continuous, 482 integer (482 binary)

Root relaxation: objective 4.684735e+01, 501 iterations, 0.01 seconds

    Nodes    |    Current Node    |     Objective Bounds      |     Work
 Expl Unexpl |  Obj  Depth IntInf | Incumbent    BestBd   Gap | It/Node Time

     0     0   46.84735    0   34 1160.90996   46.84735  96.0%     -    1s
H    0     0                     587.0137335   46.84735  92.0%     -    1s
     0     0   46.84735    0   34  587.01373   46.84735  92.0%     -    1s
H    0     0                     502.1122497   46.84735  90.7%     -    1s
H    0     0                     339.5485269   46.84735  86.2%     -    1s
     0     0   53.00199    0   38  339.54853   53.00199  84.4%     -    1s
     0     0   57.56596    0   45  339.54853   57.56596  83.0%     -    1s
     0     0   57.56596    0   60  339.54853   57.56596  83.0%     -    1s
     0     0   57.56596    0   60  339.54853   57.56596  83.0%     -    1s
     0     0   57.56596    0   64  339.54853   57.56596  83.0%     -    1s
     0     0   57.56596    0   70  339.54853   57.56596  83.0%     -    1s
     0     0   57.56596    0   70  339.54853   57.56596  83.0%     -    1s
     0     0   57.56596    0   72  339.54853   57.56596  83.0%     -    1s
     0     0   57.56596    0   78  339.54853   57.56596  83.0%     -    1s
H    0     0                     260.1820870   57.56596  77.9%     -    1s
     0     0   58.66219    0   84  260.18209   58.66219  77.5%     -    1s
     0     0   58.66219    0   84  260.18209   58.66219  77.5%     -    1s
     0     0   58.66219    0   78  260.18209   58.66219  77.5%     -    1s
H    0     0                     130.4561361   58.66219  55.0%     -    1s
     0     0   58.66219    0   70  130.45614   58.66219  55.0%     -    1s
     0     2   58.66219    0   68  130.45614   58.66219  55.0%     -    1s
H   74    64                     125.9214463   65.91552  47.7%  23.0    1s
H   77    66                     125.2508520   65.91552  47.4%  22.5    1s
H   83    71                     114.2651157   65.91552  42.3%  21.7    1s
*  114    71              19     109.7082338   65.91552  39.9%  18.5    1s
H  138    60                      95.4969743   66.06203  30.8%  16.7    1s
*  805    34               9      94.2287630   85.37850  9.39%  16.1    1s

Cutting planes:
  Gomory: 7
  Implied bound: 11
  MIR: 24
  Inf proof: 1
  Zero half: 16

Explored 904 nodes (15633 simplex iterations) in 1.86 seconds
Thread count was 6 (of 6 available processors)

Solution count 10: 94.2288 95.497 109.708 ... 502.112

Optimal solution found (tolerance 1.00e-04)
Best objective 9.422876304821e+01, best bound 9.422876304820e+01, gap 0.0000%

Gurobi 8.1.1 (win64, Python) logging started 09/30/19 16:42:47


Gurobi 8.1.1 (win64, Python) logging started 10/02/19 10:52:10

Optimize a model with 16843068 rows, 16200 columns and 751079340 nonzeros
Variable types: 5400 continuous, 10800 integer (10800 binary)
Coefficient statistics:
  Matrix range     [4e-02, 1e+03]
  Objective range  [2e+00, 1e+02]
  Bounds range     [1e+00, 1e+00]
  RHS range        [1e+00, 5e+02]

Explored 0 nodes (0 simplex iterations) in 9.74 seconds
Thread count was 1 (of 6 available processors)

Solution count 0

Best objective -, best bound -, gap -
Changed value of parameter NodefileStart to 5.0
   Prev: 1e+100  Min: 0.0  Max: 1e+100  Default: 1e+100
Parameter NodefileStart unchanged
   Value: 5.0  Min: 0.0  Max: 1e+100  Default: 1e+100
Optimize a model with 1065618 rows, 16200 columns and 24298740 nonzeros
Variable types: 5400 continuous, 10800 integer (10800 binary)
Coefficient statistics:
  Matrix range     [4e-02, 1e+03]
  Objective range  [2e+00, 1e+02]
  Bounds range     [1e+00, 1e+00]
  RHS range        [1e+00, 5e+02]
Found heuristic solution: objective 1045.9515787

Explored 0 nodes (0 simplex iterations) in 1.15 seconds
Thread count was 1 (of 6 available processors)

Solution count 1: 1045.95 

Best objective 1.045951578717e+03, best bound -, gap -
Parameter NodefileStart unchanged
   Value: 5.0  Min: 0.0  Max: 1e+100  Default: 1e+100
Optimize a model with 21792 rows, 16200 columns and 72720 nonzeros
Variable types: 5400 continuous, 10800 integer (10800 binary)
Coefficient statistics:
  Matrix range     [4e-02, 1e+03]
  Objective range  [2e+00, 1e+02]
  Bounds range     [1e+00, 1e+00]
  RHS range        [1e+00, 5e+02]
Found heuristic solution: objective 1045.9515787
Presolve removed 21367 rows and 15649 columns
Presolve time: 0.05s
Presolved: 425 rows, 551 columns, 1920 nonzeros
Variable types: 69 continuous, 482 integer (482 binary)

Root relaxation: objective 1.077033e+01, 28 iterations, 0.00 seconds

    Nodes    |    Current Node    |     Objective Bounds      |     Work
 Expl Unexpl |  Obj  Depth IntInf | Incumbent    BestBd   Gap | It/Node Time

     0     0   10.77033    0    2 1045.95158   10.77033  99.0%     -    0s
H    0     0                      10.7703296   10.77033  0.00%     -    0s

Explored 1 nodes (28 simplex iterations) in 0.10 seconds
Thread count was 6 (of 6 available processors)

Solution count 2: 10.7703 1045.95 

Optimal solution found (tolerance 1.00e-04)
Best objective 1.077032961427e+01, best bound 1.077032961427e+01, gap 0.0000%

Gurobi 8.1.1 (win64, Python) logging started 10/02/19 13:15:14

Changed value of parameter NodefileStart to 5.0
   Prev: 1e+100  Min: 0.0  Max: 1e+100  Default: 1e+100
Optimize a model with 1041258 rows, 16200 columns and 24079500 nonzeros
Variable types: 5400 continuous, 10800 integer (10800 binary)
Coefficient statistics:
  Matrix range     [4e-02, 1e+03]
  Objective range  [1e-03, 1e+02]
  Bounds range     [1e+00, 1e+00]
  RHS range        [1e+00, 5e+02]
Found heuristic solution: objective 1045.9551342
Presolve removed 10646 rows and 5330 columns (presolve time = 5s) ...
Presolve removed 981812 rows and 10280 columns (presolve time = 11s) ...
Presolve removed 1028473 rows and 15649 columns
Presolve time: 14.06s
Presolved: 12785 rows, 551 columns, 76620 nonzeros
Variable types: 69 continuous, 482 integer (482 binary)

Root simplex log...

Iteration    Objective       Primal Inf.    Dual Inf.      Time
       0   -5.1779495e+05   0.000000e+00   1.905645e+06     15s
    1271    3.5319791e+01   0.000000e+00   0.000000e+00     15s
    1271    3.5319791e+01   0.000000e+00   0.000000e+00     15s

Root relaxation: objective 3.531979e+01, 1271 iterations, 0.09 seconds

    Nodes    |    Current Node    |     Objective Bounds      |     Work
 Expl Unexpl |  Obj  Depth IntInf | Incumbent    BestBd   Gap | It/Node Time

     0     0   35.31979    0   26 1045.95513   35.31979  96.6%     -   15s
H    0     0                     519.9976888   35.31979  93.2%     -   15s
H    0     0                     510.4385832   35.31979  93.1%     -   15s
H    0     0                     510.4344555   35.31979  93.1%     -   15s
H    0     0                     505.0492736   35.31979  93.0%     -   15s
H    0     0                      37.7318089   36.74609  2.61%     -   15s
     0     0   37.72712    0   28   37.73181   37.72712  0.01%     -   15s
     0     0   37.72995    0   60   37.73181   37.72995  0.00%     -   15s

Cutting planes:
  Gomory: 5
  Implied bound: 5
  Clique: 9
  MIR: 19
  Zero half: 14

Explored 1 nodes (1363 simplex iterations) in 15.84 seconds
Thread count was 6 (of 6 available processors)

Solution count 6: 37.7318 505.049 510.434 ... 1045.96

Optimal solution found (tolerance 1.00e-04)
Best objective 3.773180885656e+01, best bound 3.772995277478e+01, gap 0.0049%

Gurobi 8.1.1 (win64, Python) logging started 10/02/19 14:28:38

Changed value of parameter NodefileStart to 5.0
   Prev: 1e+100  Min: 0.0  Max: 1e+100  Default: 1e+100
Optimize a model with 16818708 rows, 16200 columns and 750860100 nonzeros
Variable types: 5400 continuous, 10800 integer (10800 binary)
Coefficient statistics:
  Matrix range     [4e-02, 1e+03]
  Objective range  [1e-03, 1e+02]
  Bounds range     [1e+00, 1e+00]
  RHS range        [1e+00, 5e+02]
Found heuristic solution: objective 1045.9551342

Explored 0 nodes (0 simplex iterations) in 78.46 seconds
Thread count was 1 (of 6 available processors)

Solution count 1: 1045.96 

Best objective 1.045955134214e+03, best bound -, gap -

Gurobi 8.1.1 (win64, Python) logging started 10/02/19 15:03:49

Changed value of parameter NodefileStart to 5.0
   Prev: 1e+100  Min: 0.0  Max: 1e+100  Default: 1e+100
Optimize a model with 4603908 rows, 16200 columns and 152334900 nonzeros
Variable types: 5400 continuous, 10800 integer (10800 binary)
Coefficient statistics:
  Matrix range     [4e-02, 1e+03]
  Objective range  [1e-03, 1e+02]
  Bounds range     [1e+00, 1e+00]
  RHS range        [1e+00, 5e+02]
Found heuristic solution: objective 1045.9551342
Presolve removed 0 rows and 0 columns (presolve time = 8s) ...
Presolve removed 5330 rows and 0 columns (presolve time = 12s) ...
Presolve removed 5330 rows and 0 columns (presolve time = 25s) ...
Presolve removed 10646 rows and 5330 columns (presolve time = 41s) ...
Presolve removed 10646 rows and 5360 columns (presolve time = 54s) ...
Presolve removed 4059614 rows and 10280 columns (presolve time = 80s) ...
Presolve removed 4059614 rows and 10280 columns (presolve time = 93s) ...
Presolve removed 4525376 rows and 15200 columns (presolve time = 96s) ...
Presolve removed 4525786 rows and 15634 columns (presolve time = 109s) ...
Presolve removed 4527186 rows and 15634 columns (presolve time = 110s) ...
Presolve removed 4568302 rows and 15648 columns (presolve time = 115s) ...
Presolve removed 4580245 rows and 15649 columns
Presolve time: 119.13s
Presolved: 23663 rows, 551 columns, 172807 nonzeros
Variable types: 69 continuous, 482 integer (482 binary)

Root simplex log...

Iteration    Objective       Primal Inf.    Dual Inf.      Time
       0   -4.7674377e+03   0.000000e+00   9.997363e+03    131s
    2432    3.3483827e+01   0.000000e+00   0.000000e+00    131s
    2432    3.3483827e+01   0.000000e+00   0.000000e+00    131s

Root relaxation: objective 3.348383e+01, 2432 iterations, 0.14 seconds

    Nodes    |    Current Node    |     Objective Bounds      |     Work
 Expl Unexpl |  Obj  Depth IntInf | Incumbent    BestBd   Gap | It/Node Time

     0     0   33.48383    0   24 1045.95513   33.48383  96.8%     -  131s
H    0     0                     489.2336585   33.48383  93.2%     -  131s
     0     0   35.32011    0   36  489.23366   35.32011  92.8%     -  131s
H    0     0                     413.8391233   35.32011  91.5%     -  131s
     0     0   35.80157    0   40  413.83912   35.80157  91.3%     -  131s
H    0     0                      48.2201934   35.80157  25.8%     -  131s
H    0     0                      37.7318089   35.80157  5.12%     -  131s
     0     0   37.72776    0   44   37.73181   37.72776  0.01%     -  131s
     0     0   37.72818    0   52   37.73181   37.72818  0.01%     -  131s

Cutting planes:
  Gomory: 7
  MIR: 15
  Zero half: 12

Explored 1 nodes (2537 simplex iterations) in 133.99 seconds
Thread count was 6 (of 6 available processors)

Solution count 5: 37.7318 48.2202 413.839 ... 1045.96

Optimal solution found (tolerance 1.00e-04)
Best objective 3.773180885656e+01, best bound 3.772817506939e+01, gap 0.0096%
Parameter NodefileStart unchanged
   Value: 5.0  Min: 0.0  Max: 1e+100  Default: 1e+100
Optimize a model with 4603908 rows, 16200 columns and 152334900 nonzeros
Variable types: 5400 continuous, 10800 integer (10800 binary)
Coefficient statistics:
  Matrix range     [4e-02, 2e+03]
  Objective range  [1e-03, 1e+02]
  Bounds range     [1e+00, 1e+00]
  RHS range        [1e+00, 1e+03]
Found heuristic solution: objective 1045.9568868
Presolve removed 0 rows and 0 columns (presolve time = 8s) ...
Presolve removed 5330 rows and 0 columns (presolve time = 12s) ...
Presolve removed 5330 rows and 0 columns (presolve time = 25s) ...
Presolve removed 10646 rows and 5330 columns (presolve time = 42s) ...
Presolve removed 10646 rows and 5360 columns (presolve time = 55s) ...
Presolve removed 4059614 rows and 10280 columns (presolve time = 81s) ...
Presolve removed 4059614 rows and 10280 columns (presolve time = 94s) ...
Presolve removed 4525376 rows and 15200 columns (presolve time = 97s) ...
Presolve removed 4525786 rows and 15634 columns (presolve time = 111s) ...
Presolve removed 4567234 rows and 15648 columns (presolve time = 115s) ...
Presolve removed 4580242 rows and 15648 columns (presolve time = 120s) ...
Presolve removed 4580245 rows and 15649 columns
Presolve time: 120.73s
Presolved: 23663 rows, 551 columns, 172807 nonzeros
Variable types: 69 continuous, 482 integer (482 binary)

Root simplex log...

Iteration    Objective       Primal Inf.    Dual Inf.      Time
       0   -4.3174377e+03   0.000000e+00   6.883805e+03    134s
    2511    3.5937852e+01   0.000000e+00   0.000000e+00    134s
    2511    3.5937852e+01   0.000000e+00   0.000000e+00    134s

Root relaxation: objective 3.593785e+01, 2511 iterations, 0.11 seconds

    Nodes    |    Current Node    |     Objective Bounds      |     Work
 Expl Unexpl |  Obj  Depth IntInf | Incumbent    BestBd   Gap | It/Node Time

     0     0   35.93785    0   26 1045.95689   35.93785  96.6%     -  133s
H    0     0                     909.7660303   35.93785  96.0%     -  133s
H    0     0                     597.8193097   35.93785  94.0%     -  133s
     0     0   36.44569    0   36  597.81931   36.44569  93.9%     -  133s
H    0     0                     587.0465608   36.44569  93.8%     -  133s
     0     0   36.59870    0   38  587.04656   36.59870  93.8%     -  133s
     0     0   39.71232    0   53  587.04656   39.71232  93.2%     -  134s
H    0     0                      63.3805218   39.71232  37.3%     -  134s
     0     0   39.71232    0   52   63.38052   39.71232  37.3%     -  134s
     0     0   39.71232    0   54   63.38052   39.71232  37.3%     -  134s
     0     0   42.70205    0   54   63.38052   42.70205  32.6%     -  134s
     0     0   42.70205    0   61   63.38052   42.70205  32.6%     -  134s
     0     0   43.48165    0   71   63.38052   43.48165  31.4%     -  134s
     0     0   45.64544    0   71   63.38052   45.64544  28.0%     -  134s
     0     0   46.67441    0   77   63.38052   46.67441  26.4%     -  135s
     0     0   46.67441    0   76   63.38052   46.67441  26.4%     -  135s
     0     0   47.30386    0   76   63.38052   47.30386  25.4%     -  135s
     0     0   47.30386    0   76   63.38052   47.30386  25.4%     -  135s
     0     2   47.30386    0   76   63.38052   47.30386  25.4%     -  135s
*   82    19              10      63.3805019   54.35714  14.2%  22.8  136s

Cutting planes:
  Gomory: 4
  MIR: 30
  Zero half: 29

Explored 143 nodes (5327 simplex iterations) in 139.55 seconds
Thread count was 6 (of 6 available processors)

Solution count 6: 63.3805 63.3805 587.047 ... 1045.96

Optimal solution found (tolerance 1.00e-04)
Best objective 6.338050187221e+01, best bound 6.338050187221e+01, gap 0.0000%
Parameter NodefileStart unchanged
   Value: 5.0  Min: 0.0  Max: 1e+100  Default: 1e+100
Parameter NodefileStart unchanged
   Value: 5.0  Min: 0.0  Max: 1e+100  Default: 1e+100

Gurobi 8.1.1 (win64, Python) logging started 12/09/19 11:16:51

Changed value of parameter NodefileStart to 5.0
   Prev: 1e+100  Min: 0.0  Max: 1e+100  Default: 1e+100
Optimize a model with 4603908 rows, 16200 columns and 152334900 nonzeros
Variable types: 5400 continuous, 10800 integer (10800 binary)
Coefficient statistics:
  Matrix range     [4e-02, 2e+03]
  Objective range  [1e-03, 1e+02]
  Bounds range     [1e+00, 1e+00]
  RHS range        [1e+00, 1e+03]
Found heuristic solution: objective 5566.4535446
Presolve removed 0 rows and 0 columns (presolve time = 8s) ...
Presolve removed 5050 rows and 0 columns (presolve time = 12s) ...
Presolve removed 5050 rows and 0 columns (presolve time = 25s) ...
Presolve removed 10030 rows and 5050 columns (presolve time = 41s) ...
Presolve removed 10030 rows and 5080 columns (presolve time = 53s) ...
Presolve removed 4058998 rows and 10000 columns (presolve time = 77s) ...
Presolve removed 4058998 rows and 10000 columns (presolve time = 88s) ...
Presolve removed 4524760 rows and 14920 columns (presolve time = 92s) ...
Presolve removed 4524890 rows and 15050 columns (presolve time = 105s) ...
Presolve removed 4527150 rows and 15050 columns (presolve time = 105s) ...
Presolve removed 4557824 rows and 15120 columns (presolve time = 110s) ...
Presolve removed 4572480 rows and 15120 columns (presolve time = 115s) ...
Presolve removed 4572705 rows and 15125 columns
Presolve time: 118.00s
Presolved: 31203 rows, 1075 columns, 218052 nonzeros
Variable types: 297 continuous, 778 integer (730 binary)

Root simplex log...

Iteration    Objective       Primal Inf.    Dual Inf.      Time
       0   -1.0038738e+04   0.000000e+00   4.518502e+04    130s
   13975    1.1343029e+03   0.000000e+00   0.000000e+00    131s
   13975    1.1343029e+03   0.000000e+00   0.000000e+00    131s

Root relaxation: objective 1.134303e+03, 13975 iterations, 0.80 seconds

    Nodes    |    Current Node    |     Objective Bounds      |     Work
 Expl Unexpl |  Obj  Depth IntInf | Incumbent    BestBd   Gap | It/Node Time

     0     0 1134.30287    0  357 5566.45354 1134.30287  79.6%     -  131s
H    0     0                    5566.4534186 1134.30287  79.6%     -  131s
     0     0 1193.68729    0  350 5566.45342 1193.68729  78.6%     -  133s
     0     0 1195.15125    0  354 5566.45342 1195.15125  78.5%     -  133s
     0     0 1195.22387    0  375 5566.45342 1195.22387  78.5%     -  134s
     0     0 1195.24163    0  351 5566.45342 1195.24163  78.5%     -  134s
H    0     0                    5492.6972620 1195.24163  78.2%     -  134s
     0     0 1224.62690    0  343 5492.69726 1224.62690  77.7%     -  135s
     0     0 1230.38701    0  381 5492.69726 1230.38701  77.6%     -  135s
     0     0 1230.83907    0  388 5492.69726 1230.83907  77.6%     -  135s
     0     0 1230.88193    0  388 5492.69726 1230.88193  77.6%     -  135s
     0     0 1298.69664    0  420 5492.69726 1298.69664  76.4%     -  136s
     0     0 1301.09776    0  414 5492.69726 1301.09776  76.3%     -  137s
     0     0 1302.50608    0  396 5492.69726 1302.50608  76.3%     -  137s
     0     0 1302.78269    0  410 5492.69726 1302.78269  76.3%     -  137s
     0     0 1302.85187    0  410 5492.69726 1302.85187  76.3%     -  137s
     0     0 1341.39006    0  411 5492.69726 1341.39006  75.6%     -  138s
     0     0 1344.21297    0  401 5492.69726 1344.21297  75.5%     -  139s
     0     0 1344.89805    0  403 5492.69726 1344.89805  75.5%     -  139s
     0     0 1345.00732    0  401 5492.69726 1345.00732  75.5%     -  139s
     0     0 1345.03505    0  403 5492.69726 1345.03505  75.5%     -  139s
     0     0 1345.05443    0  408 5492.69726 1345.05443  75.5%     -  139s
     0     0 1381.33426    0  405 5492.69726 1381.33426  74.9%     -  140s
     0     0 1382.77904    0  413 5492.69726 1382.77904  74.8%     -  140s
     0     0 1383.10935    0  413 5492.69726 1383.10935  74.8%     -  141s
     0     0 1383.15843    0  418 5492.69726 1383.15843  74.8%     -  141s
     0     0 1383.16790    0  416 5492.69726 1383.16790  74.8%     -  141s
     0     0 1410.20753    0  405 5492.69726 1410.20753  74.3%     -  142s
H    0     0                    5492.6970533 1410.20753  74.3%     -  142s
     0     0 1413.41903    0  412 5492.69705 1413.41903  74.3%     -  142s
     0     0 1413.65117    0  401 5492.69705 1413.65117  74.3%     -  142s
     0     0 1413.73764    0  405 5492.69705 1413.73764  74.3%     -  142s
     0     0 1413.75266    0  409 5492.69705 1413.75266  74.3%     -  142s
     0     0 1422.15899    0  421 5492.69705 1422.15899  74.1%     -  143s
     0     0 1422.94827    0  427 5492.69705 1422.94827  74.1%     -  143s
H    0     0                    5492.6969827 1422.94827  74.1%     -  143s
     0     0 1422.98063    0  436 5492.69698 1422.98063  74.1%     -  143s
     0     0 1422.98064    0  434 5492.69698 1422.98064  74.1%     -  143s
     0     0 1431.53635    0  410 5492.69698 1431.53635  73.9%     -  144s
     0     0 1431.64092    0  414 5492.69698 1431.64092  73.9%     -  145s
     0     0 1431.69619    0  419 5492.69698 1431.69619  73.9%     -  145s
     0     0 1431.69773    0  421 5492.69698 1431.69773  73.9%     -  145s
     0     0 1434.68059    0  421 5492.69698 1434.68059  73.9%     -  145s
     0     0 1434.97230    0  433 5492.69698 1434.97230  73.9%     -  146s
     0     0 1434.97951    0  435 5492.69698 1434.97951  73.9%     -  146s
     0     0 1436.15929    0  430 5492.69698 1436.15929  73.9%     -  146s
     0     0 1436.25096    0  436 5492.69698 1436.25096  73.9%     -  146s
     0     0 1436.25171    0  435 5492.69698 1436.25171  73.9%     -  146s
     0     0 1437.42518    0  444 5492.69698 1437.42518  73.8%     -  147s
     0     0 1437.62433    0  445 5492.69698 1437.62433  73.8%     -  147s
     0     0 1437.66955    0  443 5492.69698 1437.66955  73.8%     -  147s
     0     0 1437.69056    0  452 5492.69698 1437.69056  73.8%     -  147s
     0     0 1437.95696    0  441 5492.69698 1437.95696  73.8%     -  148s
     0     0 1438.19232    0  448 5492.69698 1438.19232  73.8%     -  148s
     0     0 1438.24841    0  441 5492.69698 1438.24841  73.8%     -  148s
     0     0 1438.28099    0  446 5492.69698 1438.28099  73.8%     -  148s
     0     0 1444.28956    0  429 5492.69698 1444.28956  73.7%     -  149s
H    0     0                    5472.0821544 1444.28956  73.6%     -  149s
     0     0 1445.08662    0  446 5472.08215 1445.08662  73.6%     -  149s
     0     0 1445.27569    0  443 5472.08215 1445.27569  73.6%     -  149s
     0     0 1445.27750    0  443 5472.08215 1445.27750  73.6%     -  149s
     0     0 1465.44838    0  414 5472.08215 1465.44838  73.2%     -  150s
     0     0 1468.29783    0  424 5472.08215 1468.29783  73.2%     -  150s
     0     0 1468.67695    0  422 5472.08215 1468.67695  73.2%     -  150s
     0     0 1468.89480    0  425 5472.08215 1468.89480  73.2%     -  150s
     0     0 1468.96003    0  424 5472.08215 1468.96003  73.2%     -  151s
     0     0 1469.00925    0  417 5472.08215 1469.00925  73.2%     -  151s
     0     0 1469.01976    0  419 5472.08215 1469.01976  73.2%     -  151s
     0     0 1476.86244    0  418 5472.08215 1476.86244  73.0%     -  151s
     0     0 1477.80970    0  437 5472.08215 1477.80970  73.0%     -  152s
     0     0 1478.25466    0  435 5472.08215 1478.25466  73.0%     -  152s
     0     0 1478.47234    0  438 5472.08215 1478.47234  73.0%     -  152s
     0     0 1478.59370    0  439 5472.08215 1478.59370  73.0%     -  152s
     0     0 1478.60013    0  438 5472.08215 1478.60013  73.0%     -  152s
     0     0 1493.14987    0  460 5472.08215 1493.14987  72.7%     -  153s
     0     0 1496.73582    0  460 5472.08215 1496.73582  72.6%     -  153s
     0     0 1497.03283    0  459 5472.08215 1497.03283  72.6%     -  153s
     0     0 1497.07674    0  458 5472.08215 1497.07674  72.6%     -  153s
     0     0 1497.07784    0  458 5472.08215 1497.07784  72.6%     -  153s
     0     0 1497.90159    0  463 5472.08215 1497.90159  72.6%     -  154s
     0     0 1498.66815    0  463 5472.08215 1498.66815  72.6%     -  154s
     0     0 1498.83786    0  466 5472.08215 1498.83786  72.6%     -  154s
     0     0 1498.92665    0  467 5472.08215 1498.92665  72.6%     -  154s
     0     0 1498.93423    0  467 5472.08215 1498.93423  72.6%     -  154s
     0     0 1501.19360    0  476 5472.08215 1501.19360  72.6%     -  155s
     0     0 1501.55022    0  478 5472.08215 1501.55022  72.6%     -  155s
     0     0 1501.61668    0  475 5472.08215 1501.61668  72.6%     -  155s
     0     0 1501.64207    0  475 5472.08215 1501.64207  72.6%     -  155s
     0     0 1519.72580    0  470 5472.08215 1519.72580  72.2%     -  156s
     0     0 1521.14760    0  477 5472.08215 1521.14760  72.2%     -  156s
     0     0 1521.35759    0  480 5472.08215 1521.35759  72.2%     -  156s
     0     0 1521.45092    0  479 5472.08215 1521.45092  72.2%     -  156s
     0     0 1521.45931    0  480 5472.08215 1521.45931  72.2%     -  156s
     0     0 1525.81449    0  464 5472.08215 1525.81449  72.1%     -  157s
     0     0 1526.61280    0  459 5472.08215 1526.61280  72.1%     -  157s
     0     0 1526.81348    0  467 5472.08215 1526.81348  72.1%     -  157s
     0     0 1526.84750    0  465 5472.08215 1526.84750  72.1%     -  157s
     0     0 1527.47599    0  460 5472.08215 1527.47599  72.1%     -  158s
     0     0 1527.52549    0  461 5472.08215 1527.52549  72.1%     -  158s
     0     0 1527.54006    0  461 5472.08215 1527.54006  72.1%     -  158s
     0     0 1530.59040    0  459 5472.08215 1530.59040  72.0%     -  159s
     0     0 1530.66866    0  476 5472.08215 1530.66866  72.0%     -  159s
     0     0 1530.67621    0  477 5472.08215 1530.67621  72.0%     -  159s
     0     0 1530.67623    0  479 5472.08215 1530.67623  72.0%     -  159s
     0     0 1530.67623    0  480 5472.08215 1530.67623  72.0%     -  159s
     0     0 1532.20164    0  467 5472.08215 1532.20164  72.0%     -  160s
     0     0 1532.24593    0  462 5472.08215 1532.24593  72.0%     -  160s
     0     0 1535.42825    0  469 5472.08215 1535.42825  71.9%     -  161s
     0     0 1535.93197    0  473 5472.08215 1535.93197  71.9%     -  161s
     0     0 1536.12919    0  475 5472.08215 1536.12919  71.9%     -  161s
     0     0 1536.13085    0  478 5472.08215 1536.13085  71.9%     -  161s
     0     0 1536.13085    0  479 5472.08215 1536.13085  71.9%     -  161s
     0     0 1536.13085    0  479 5472.08215 1536.13085  71.9%     -  161s
     0     0 1536.13085    0  477 5472.08215 1536.13085  71.9%     -  162s
     0     0 1536.13085    0  481 5472.08215 1536.13085  71.9%     -  162s
     0     0 1536.13085    0  480 5472.08215 1536.13085  71.9%     -  163s
     0     2 1536.13085    0  477 5472.08215 1536.13085  71.9%     -  165s
    35    29 1615.19105    7  454 5472.08215 1604.44117  70.7%   405  171s
H   69    58                    5433.7383579 1604.44117  70.5%   313  174s
H   75    62                    5396.2618638 1604.44117  70.3%   306  174s
    89    67 1734.81304   15  434 5396.26186 1604.44117  70.3%   289  175s
H  107    79                    5389.1127669 1604.44117  70.2%   272  176s
   149   114 1763.78607   24  399 5389.11277 1616.67608  70.0%   264  180s
H  178   138                    5353.3672828 1616.67608  69.8%   258  181s
H  232   178                    5332.9137144 1616.67608  69.7%   236  184s
   243   184 infeasible   33      5332.91371 1616.67608  69.7%   234  185s
   312   226 1753.77228    6  450 5332.91371 1619.30804  69.6%   215  191s
H  318   226                    5320.5369130 1619.30804  69.6%   214  191s
   366   259 2070.55979   13  407 5320.53691 1644.04512  69.1%   207  195s
   454   303 infeasible   17      5320.53691 1644.04512  69.1%   186  203s
H  464   306                    5304.7507355 1644.04512  69.0%   184  203s
   489   322 2176.42711   19  378 5304.75074 1644.04512  69.0%   181  205s
   599   403 1979.64670    9  449 5304.75074 1654.42783  68.8%   170  210s
   735   492 2112.66304   17  417 5304.75074 1654.42783  68.8%   155  216s
   766   520 2167.87413   21  415 5304.75074 1654.42783  68.8%   156  220s
   868   578 2309.48247   27  370 5304.75074 1656.15113  68.8%   155  226s
   905   599 1778.50858   16  443 5304.75074 1656.15113  68.8%   156  232s
   928   608 1818.59474   21  407 5304.75074 1656.15113  68.8%   156  235s
  1033   682 2394.41824   45  373 5304.75074 1656.15113  68.8%   154  241s
  1142   750 1880.24420    9  439 5304.75074 1694.26336  68.1%   152  246s
  1278   824 2092.45799   27  480 5304.75074 1694.26336  68.1%   149  268s
  1280   825 2306.50139   42  355 5304.75074 1694.26336  68.1%   148  270s
  1283   827 1852.76398   30  459 5304.75074 1701.69558  67.9%   148  275s
  1287   830 1939.64194   32  472 5304.75074 1939.64194  63.4%   148  280s
  1292   833 2128.82369   29  487 5304.75074 2128.82369  59.9%   147  285s
  1299   838 2253.85580   28  530 5304.75074 2253.85580  57.5%   146  290s
  1304   841 2324.15013   39  557 5304.75074 2324.15013  56.2%   146  295s
  1308   844 2380.86381   32  594 5304.75074 2380.86381  55.1%   145  300s
  1314   848 2419.47331   19  595 5304.75074 2419.47331  54.4%   145  305s
  1317   850 2512.35597   21  607 5304.75074 2512.35597  52.6%   144  310s
  1321   853 2595.92741   19  588 5304.75074 2595.92741  51.1%   144  316s
  1326   856 3517.87859   87  596 5304.75074 2647.88038  50.1%   143  321s
  1331   859 2670.32571   22  589 5304.75074 2670.32571  49.7%   143  325s
  1336   863 2704.34298   18  603 5304.75074 2704.34298  49.0%   142  330s
  1339   865 2736.22643   29  597 5304.75074 2736.22643  48.4%   142  335s
  1343   867 2760.07014   18  577 5304.75074 2760.07014  48.0%   141  340s
  1350   872 2787.81957   22  603 5304.75074 2787.81957  47.4%   141  345s
  1354   875 3815.00619  107  577 5304.75074 2813.76307  47.0%   140  350s
  1358   877 2835.68526   33  606 5304.75074 2835.68526  46.5%   140  356s
  1362   880 2845.05279   12  588 5304.75074 2845.05279  46.4%   140  360s
  1366   883 3292.64786   84  614 5304.75074 2859.44603  46.1%   139  365s
  1370   885 2868.96925   53  587 5304.75074 2868.96925  45.9%   139  370s
  1375   889 2884.52746   32  600 5304.75074 2884.52746  45.6%   138  375s
  1380   892 2896.97795   42  603 5304.75074 2896.97795  45.4%   138  382s
  1383   894 2903.26892   30  595 5304.75074 2903.26892  45.3%   137  386s
  1387   897 2912.96589   32  587 5304.75074 2912.96589  45.1%   137  392s
  1390   899 2916.52080   12  593 5304.75074 2916.52080  45.0%   137  395s
  1394   901 2925.26785   21  595 5304.75074 2925.26785  44.9%   136  401s
  1398   904 3619.69186   89  602 5304.75074 2933.17035  44.7%   136  406s
  1401   906 2938.94522   23  603 5304.75074 2938.94522  44.6%   136  410s
  1406   911 2941.84384   28  480 5304.75074 2941.84384  44.5%   203  415s
  1409   913 3619.69186   89  503 5304.75074 2941.84384  44.5%   203  425s
  1410   914 2941.84384    8  568 5304.75074 2941.84384  44.5%   202  430s
  1412   915 2941.84384   44  569 5304.75074 2941.84384  44.5%   202  435s
  1417   918 2944.68796   21  591 5304.75074 2944.68796  44.5%   201  441s
  1422   922 2955.71929   52  583 5304.75074 2955.71929  44.3%   201  445s
  1428   926 2967.12384   13  610 5304.75074 2967.12384  44.1%   200  451s
  1429   926 2971.34694   17  556 5304.75074 2971.34694  44.0%   200  469s
  1430   927 2971.34694   30  556 5304.75074 2971.34694  44.0%   200  470s
  1432   931 2972.63325   29  562 5304.75074 2972.63325  44.0%   228  516s
  1434   930 2973.81805   30  584 5304.75074 2973.81805  43.9%   228  524s
  1438   927 2976.68387   31  591 5304.75074 2973.84664  43.9%   232  525s
  1443   930 2981.91379   33  552 5304.75074 2977.16477  43.9%   235  530s
  1453   930 2987.21875   35  594 5304.75074 2985.81313  43.7%   240  535s
  1472   926 2993.88838   37  582 5304.75074 2993.88838  43.6%   248  541s
  1486   924 2999.62817   39  582 5304.75074 2995.47050  43.5%   256  545s
  1517   931 3001.70174   41  574 5304.75074 3001.70174  43.4%   262  551s
  1547   933 3007.91654   44  561 5304.75074 3007.91654  43.3%   267  556s
  1577   939 3848.63357   45  482 5304.75074 3016.28840  43.1%   274  560s
H 1581   894                    5304.7507197 3016.28840  43.1%   274  560s
  1607   909 3028.05873   47  530 5304.75072 3017.33434  43.1%   280  566s
  1648   911 3051.43822   49  514 5304.75072 3017.33434  43.1%   284  584s
  1656   903 3036.73273   49  534 5304.75072 3017.33434  43.1%   286  587s
  1698   921 infeasible   51      5304.75072 3017.33434  43.1%   293  592s
  1717   914 3055.91317   51  505 5304.75072 3017.33434  43.1%   297  596s
  1738   927 3620.55344   52  384 5304.75072 3017.33434  43.1%   304  600s
  1778   920 infeasible   54      5304.75072 3017.33434  43.1%   314  607s
  1795   923 3031.18026   47  524 5304.75072 3020.03122  43.1%   322  611s
  1819   920 3106.75927   48  491 5304.75072 3024.96302  43.0%   326  615s
  1880   929 3577.55881   50  465 5304.75072 3024.96302  43.0%   332  624s
  1911   941 infeasible   52      5304.75072 3024.96302  43.0%   339  628s
  1951   931 3591.23608   53  451 5304.75072 3024.96302  43.0%   342  632s
  1977   923 3586.63471   55  468 5304.75072 3024.96302  43.0%   348  636s
  2034   932 3587.61884   58  465 5304.75072 3055.02867  42.4%   350  641s
  2063   931 3590.52572   61  436 5304.75072 3586.84936  32.4%   356  645s
  2131   928 3619.40016   64  416 5304.75072 3587.80464  32.4%   358  650s
  2182   923 3599.20383   65  414 5304.75072 3587.80464  32.4%   360  655s
  2253   922 infeasible   65      5304.75072 3592.65497  32.3%   360  692s
  2263   913 3595.90822   66  423 5304.75072 3592.65497  32.3%   360  697s
  2347   901 3613.00712   73  377 5304.75072 3592.65497  32.3%   360  703s
  2420   899 infeasible   95      5304.75072 3592.65497  32.3%   363  708s
  2562   910 3607.53344   60  432 5304.75072 3595.90667  32.2%   356  713s
  2637   909 3611.09052   63  423 5304.75072 3595.90667  32.2%   357  719s
  2710   891 3683.44892   73  278 5304.75072 3600.41911  32.1%   360  725s
  2789   884 3614.03574   70  397 5304.75072 3603.78966  32.1%   363  732s
  2898   877 3632.81743   67  386 5304.75072 3606.35345  32.0%   362  738s
  3013   868 infeasible   63      5304.75072 3610.07373  31.9%   362  746s
  3075   842 4176.00750   74  228 5304.75072 3612.28009  31.9%   367  753s
  3195   832     cutoff   66      5304.75072 3616.24727  31.8%   367  761s
  3288   801 4022.80594   73  262 5304.75072 3623.99700  31.7%   371  769s
  3451   777 infeasible   72      5304.75072 3630.48323  31.6%   369  777s
  3592   763 infeasible   68      5304.75072 3644.79962  31.3%   368  784s
  3727   763 infeasible   76      5304.75072 3667.58980  30.9%   368  792s
  3858   774 infeasible   72      5304.75072 3679.21034  30.6%   366  801s
  4055   831 3787.92558   63  281 5304.75072 3685.38735  30.5%   359  811s
H 4094   829                    5304.7505405 3688.68255  30.5%   362  811s
  4106   823 3698.98779   55  412 5304.75054 3688.68255  30.5%   361  820s
  4245   890 infeasible   50      5304.75054 3691.47973  30.4%   362  829s
  4361   923 infeasible   54      5304.75054 3693.41412  30.4%   364  838s
  4469   923 infeasible   56      5304.75054 3695.80590  30.3%   367  848s
  4647   993 infeasible   51      5304.75054 3697.22159  30.3%   365  858s
  4747  1008 infeasible   55      5304.75054 3699.25671  30.3%   369  870s
  4831   981 infeasible   74      5304.75054 3703.59729  30.2%   375  881s
  4951  1008 infeasible   55      5304.75054 3707.54366  30.1%   379  893s
H 5055  1045                    5304.7502718 3707.55938  30.1%   378  893s
  5080  1024 infeasible   72      5304.75027 3708.44487  30.1%   381  906s
H 5216  1074                    5304.7502605 3708.96998  30.1%   382  906s
  5237  1054 infeasible   51      5304.75026 3708.96998  30.1%   382  918s
  5369  1079 infeasible   78      5304.75026 3713.07040  30.0%   386  932s
  5522  1090 infeasible   66      5304.75026 3714.66411  30.0%   389  946s
  5779  1206 4290.96696   76  236 5304.75026 3717.59454  29.9%   385  961s
  6041  1296 3872.73003   71  332 5304.75026 3722.26801  29.8%   382  976s
  6260  1373 3758.75398   67  389 5304.75026 3724.26833  29.8%   383  993s
  6477  1428 3814.51093   70  336 5304.75026 3727.33551  29.7%   379 1009s
  6737  1501     cutoff   45      5304.75026 3734.66249  29.6%   379 1026s
  6869  1501 infeasible   47      5304.75026 3737.77401  29.5%   383 1043s
  7201  1675 infeasible   47      5304.75026 3741.76013  29.5%   379 1059s
  7337  1688 3813.11099   57  362 5304.75026 3746.63084  29.4%   384 1077s
  7525  1679 infeasible   49      5304.75026 3748.55882  29.3%   388 1095s
  7743  1746 3887.30292   78  320 5304.75026 3754.04459  29.2%   391 1116s
  7814  1703 3788.17433   54  384 5304.75026 3759.43528  29.1%   395 1136s
  8009  1714 infeasible   70      5304.75026 3762.67966  29.1%   399 1161s
H 8020  1714                    5304.7502329 3762.67966  29.1%   399 1161s
  8394  1859 3778.11301   60  419 5304.75023 3766.72551  29.0%   395 1186s
  8647  1922 3785.83395   61  397 5304.75023 3771.82994  28.9%   398 1212s
  8989  2023 4075.74638   69  340 5304.75023 3773.40498  28.9%   398 1240s
  9339  2095 infeasible   47      5304.75023 3782.67401  28.7%   398 1270s
  9690  2224     cutoff   49      5304.75023 3786.65328  28.6%   395 1300s
 10125  2326 4380.81191   76  238 5304.75023 3793.99888  28.5%   393 1331s
 10586  2425 4325.62302   72  199 5304.75023 3799.25961  28.4%   391 1364s
H10914  2533                    5304.7502112 3809.93616  28.2%   392 1364s
 10986  2467 infeasible   70      5304.75021 3809.93616  28.2%   392 1397s
 11477  2547 4840.82993   77   98 5304.75021 3822.46793  27.9%   390 1428s
 11990  2644 infeasible   54      5304.75021 3849.48127  27.4%   387 1463s
 12536  2778 4176.34604   71  256 5304.75021 3853.02434  27.4%   381 1494s
 13058  2796 3873.76485   51  468 5304.75021 3861.64844  27.2%   378 1529s
 14053  3075 3875.34467   54  434 5304.75021 3865.07066  27.1%   367 1566s
 14949  3311 infeasible   62      5304.75021 3881.43396  26.8%   360 1602s
 15844  3477 infeasible   64      5304.75021 3900.22865  26.5%   353 1636s
 16893  3757 infeasible   74      5304.75021 4010.50059  24.4%   343 1681s
 17985  4109 4224.58109   74  224 5304.75021 4035.83864  23.9%   333 1713s
 19099  4410 4139.77035   75  254 5304.75021 4061.55281  23.4%   325 1740s
 19884  4524 infeasible   67      5304.75021 4090.00823  22.9%   320 1766s
 20684  4695 infeasible   79      5304.75021 4120.44140  22.3%   315 1796s
 21702  4890 4196.53305   68  263 5304.75021 4147.27648  21.8%   309 1826s
 22637  5073 infeasible   70      5304.75021 4177.72484  21.2%   304 1858s
 23809  5328 4213.92524   66  253 5304.75021 4194.60773  20.9%   296 1890s
 24883  5748 4217.78805   72  260 5304.75021 4205.97452  20.7%   290 1920s
 25249  5713 4282.47982   81  216 5304.75021 4212.14837  20.6%   289 2142s
 25979  5820 4801.88336   75   79 5304.75021 4222.92644  20.4%   286 2160s
 26597  5892 4324.96663   69  114 5304.75021 4233.12561  20.2%   283 2179s
 27131  5942 4500.66373  102  157 5304.75021 4244.96531  20.0%   282 2199s
 27889  6133 infeasible   86      5304.75021 4259.07304  19.7%   278 2224s
 28784  6353 infeasible   85      5304.75021 4272.79982  19.5%   274 2253s
H29325  6560                    5304.7502022 4273.32549  19.4%   272 2253s
 29703  6582 4376.30724   72  192 5304.75020 4282.93985  19.3%   270 2279s
 30573  6762 infeasible   85      5304.75020 4295.32039  19.0%   268 2300s
 31353  6939 4301.59476   74  272 5304.75020 4301.59476  18.9%   264 2321s
 32195  7106 infeasible   85      5304.75020 4323.54507  18.5%   261 2340s
H32411  7172                    5304.7501858 4323.66267  18.5%   260 2340s
 32815  7173 infeasible   71      5304.75019 4338.11743  18.2%   260 2363s
 33690  7465 infeasible   72      5304.75019 4349.50885  18.0%   257 2386s
H34220  7684                    5304.7501343 4350.25590  18.0%   255 2386s
 34586  7711     cutoff   78      5304.75013 4359.36936  17.8%   254 2409s
 35551  8044 4883.75627   76   83 5304.75013 4365.41784  17.7%   251 2431s
 36317  8184 4412.91170   80  179 5304.75013 4377.17080  17.5%   249 2452s
 37151  8426 infeasible   97      5304.75013 4384.50999  17.3%   247 2474s
 37894  8564 4869.32266   72  178 5304.75013 4391.59481  17.2%   245 2500s
 38748  8776 infeasible   77      5304.75013 4398.76172  17.1%   243 2522s
 39575  8977 4819.76633   85  181 5304.75013 4408.34772  16.9%   241 2542s
 40381  9154 4914.88288   74  106 5304.75013 4419.34479  16.7%   238 2561s
 41157  9307 4758.37438   72  197 5304.75013 4432.45814  16.4%   237 2581s
 41923  9429 4850.24624   86  106 5304.75013 4442.42397  16.3%   235 2598s
 42693  9567 4988.92758   86  144 5304.75013 4452.26050  16.1%   233 2612s
 43483  9702 infeasible   84      5304.75013 4476.10194  15.6%   231 2626s
 44470 10007 4832.93389   75  158 5304.75013 4497.79405  15.2%   228 2640s
 45405 10219 infeasible   85      5304.75013 4525.90427  14.7%   225 2653s
 46490 10545 infeasible   76      5304.75013 4551.33966  14.2%   222 2665s
 47479 10783 infeasible   83      5304.75013 4581.39467  13.6%   219 2678s
 48483 11036 4782.64665   79  179 5304.75013 4596.52340  13.4%   216 2690s
 49510 11337 5184.90136  100   61 5304.75013 4619.59180  12.9%   213 2702s
 50479 11591 infeasible   90      5304.75013 4642.26691  12.5%   211 2716s
 51327 11741 4774.16336   82   89 5304.75013 4658.44760  12.2%   209 2727s
 52193 11897 infeasible   84      5304.75013 4674.75538  11.9%   206 2738s
 53096 12078 4875.18190   77  111 5304.75013 4693.31866  11.5%   204 2747s
 53756 12128 4709.82405   92  136 5304.75013 4704.64354  11.3%   203 2758s
 54431 12199 4981.82739   75  114 5304.75013 4709.86283  11.2%   202 2766s
 55019 12231 infeasible   84      5304.75013 4724.49527  10.9%   200 2776s
 55631 12285 4831.29944   74  106 5304.75013 4736.55983  10.7%   199 2784s
 56245 12346 4775.53364   69   89 5304.75013 4747.96292  10.5%   198 2794s
 56910 12434 infeasible   99      5304.75013 4752.56453  10.4%   197 2803s
 57585 12520 5156.51531   79   32 5304.75013 4757.93439  10.3%   195 2810s
 58058 12545 infeasible   76      5304.75013 4765.33287  10.2%   194 2819s
 58544 12571 4844.87786   79  143 5304.75013 4769.26618  10.1%   194 2827s
 59123 12588 4834.20789   87   70 5304.75013 4773.74780  10.0%   192 2833s
 59584 12603     cutoff   76      5304.75013 4777.39526  9.94%   192 2840s
 60134 12625 infeasible   82      5304.75013 4781.01522  9.87%   191 2848s
 60678 12622 5174.60466   88   51 5304.75013 4784.37950  9.81%   190 2854s
 61190 12601 infeasible   95      5304.75013 4788.55366  9.73%   189 2860s
 61624 12567 5186.78731   77   81 5304.75013 4791.91555  9.67%   188 2866s
 62148 12584 infeasible   79      5304.75013 4796.49600  9.58%   187 2872s
 62722 12601 infeasible   85      5304.75013 4800.48502  9.51%   186 2880s
 63232 12581 infeasible   85      5304.75013 4804.31721  9.43%   185 2889s
 63852 12624 infeasible   95      5304.75013 4808.91200  9.35%   184 2895s
 64409 12687 4961.10298   76  191 5304.75013 4813.07165  9.27%   183 2901s
 64994 12709 5063.03275   75  109 5304.75013 4817.62551  9.18%   183 2908s
 65582 12732     cutoff   88      5304.75013 4822.08224  9.10%   182 2914s
 66105 12746 infeasible   86      5304.75013 4824.92153  9.05%   181 2919s
 66586 12746 infeasible  101      5304.75013 4828.54387  8.98%   180 2924s
 66971 12707 infeasible   74      5304.75013 4832.02270  8.91%   180 2929s
 67296 12658 infeasible   90      5304.75013 4835.93627  8.84%   179 2934s
 67730 12636 infeasible   82      5304.75013 4840.68490  8.75%   179 2940s
 68165 12627 4872.89633   73  155 5304.75013 4845.55681  8.66%   178 2945s
 69002 12577 infeasible   85      5304.75013 4854.35040  8.49%   177 2953s
 69449 12532 infeasible   82      5304.75013 4858.48353  8.41%   176 2956s
 69755 12448 infeasible   88      5304.75013 4862.83060  8.33%   176 2961s
 70117 12397 infeasible   91      5304.75013 4868.31437  8.23%   175 2966s
 70608 12383 5043.11204   87  121 5304.75013 4872.24352  8.15%   175 2972s
 71055 12361 4908.34782   79   80 5304.75013 4877.93766  8.05%   174 2975s
 71743 12247 infeasible   99      5304.75013 4887.01664  7.87%   173 2984s
 72176 12209 infeasible   94      5304.75013 4892.89031  7.76%   173 2990s
 73051 12141 4951.94888   83  122 5304.75013 4903.53942  7.56%   172 2998s
 73385 12085 infeasible   75      5304.75013 4909.76266  7.45%   171 3002s
 73770 12039 infeasible   99      5304.75013 4916.41593  7.32%   171 3008s
 74181 11992 infeasible   93      5304.75013 4919.34369  7.27%   170 3011s
 74460 11906 5061.21045   86   63 5304.75013 4922.94810  7.20%   170 3016s
 74850 11850 infeasible   75      5304.75013 4926.74116  7.13%   170 3020s
 75170 11774 infeasible   79      5304.75013 4929.91579  7.07%   169 3025s
 75849 11638     cutoff   77      5304.75013 4937.27012  6.93%   168 3033s
 76236 11590 infeasible   86      5304.75013 4940.77965  6.86%   168 3037s
 76550 11509 5240.22409   79   53 5304.75013 4945.17587  6.78%   168 3040s
 77236 11377 5232.82395   79   57 5304.75013 4952.84528  6.63%   167 3047s
 77535 11299 infeasible   83      5304.75013 4956.77348  6.56%   167 3051s
 78210 11156 infeasible   91      5304.75013 4965.32758  6.40%   166 3059s
 78694 11137 5049.04806   81   86 5304.75013 4969.76004  6.31%   165 3064s
 79167 11101 infeasible   80      5304.75013 4973.58419  6.24%   165 3069s
 79567 11043 5280.54987   81   61 5304.75013 4977.73263  6.16%   164 3073s
 79965 10972 5174.94178  107   64 5304.75013 4981.85360  6.09%   164 3076s
 80370 10919 infeasible   82      5304.75013 4985.72300  6.01%   163 3080s
 80646 10817     cutoff   83      5304.75013 4988.96676  5.95%   163 3085s
 81329 10654 infeasible   84      5304.75013 4994.88000  5.84%   163 3091s
 81899 10466 infeasible   85      5304.75013 5001.80681  5.71%   162 3096s
 82456 10304 5257.30749   83   50 5304.75013 5009.12633  5.57%   161 3102s
 82822 10232 5255.50108   85   81 5304.75013 5013.16519  5.50%   161 3105s
 83479 10064 5298.48617   87   32 5304.75013 5023.15529  5.31%   160 3111s
 84005  9879 5213.73650   81   90 5304.75013 5032.75081  5.13%   160 3117s
 84450  9844 infeasible   81      5304.75013 5037.85110  5.03%   159 3120s
 85257  9725 infeasible   98      5304.75013 5047.41794  4.85%   158 3126s
 85846  9550 5090.23092   76  150 5304.75013 5057.43291  4.66%   157 3132s
 86595  9395 infeasible   84      5304.75013 5067.57583  4.47%   156 3138s
 87039  9354 infeasible  102      5304.75013 5072.44744  4.38%   156 3140s
 87833  9223 infeasible   84      5304.75013 5082.80988  4.18%   155 3146s
 88192  9155 5114.57630   99   42 5304.75013 5087.99493  4.09%   154 3150s
 89107  9087 5102.68936   99   71 5304.75013 5098.09368  3.90%   153 3156s
 89997  8988 infeasible   96      5304.75013 5107.64305  3.72%   152 3161s
 90776  8826 infeasible  102      5304.75013 5116.00120  3.56%   151 3166s
 91697  8721 5177.40348   97   58 5304.75013 5126.57875  3.36%   150 3171s
 92462  8552 infeasible   83      5304.75013 5134.46184  3.21%   149 3175s
 93487  8269     cutoff  100      5304.75013 5144.03109  3.03%   148 3181s
 94336  7951 infeasible   92      5304.75013 5151.49470  2.89%   147 3186s
 94980  7751 infeasible   89      5304.75013 5156.72654  2.79%   146 3190s
 95978  7453 infeasible   95      5304.75013 5163.86333  2.66%   145 3197s
 96552  7241 infeasible   91      5304.75013 5168.98402  2.56%   144 3200s
 97484  6758     cutoff  100      5304.75013 5178.07307  2.39%   143 3206s
 98287  6398 infeasible   84      5304.75013 5185.25606  2.25%   142 3211s
 98737  6158     cutoff   95      5304.75013 5188.79788  2.19%   142 3215s
 99544  5667 5256.05596  102   93 5304.75013 5196.68925  2.04%   141 3220s
 100480  5046 5266.51539   89  118 5304.75013 5205.37067  1.87%   140 3225s
 101550  4304 infeasible   89      5304.75013 5214.83719  1.69%   139 3230s
 102432  3689 infeasible   84      5304.75013 5223.09334  1.54%   138 3235s
 103596  2813     cutoff   92      5304.75013 5237.58413  1.27%   137 3240s
 104638  1933     cutoff   79      5304.75013 5255.34048  0.93%   136 3245s
 105880   799     cutoff   89      5304.75013 5278.24016  0.50%   135 3250s

Cutting planes:
  Gomory: 197
  Cover: 1131
  MIR: 461
  StrongCG: 3
  Flow cover: 916
  Inf proof: 49
  Zero half: 141

Explored 106842 nodes (14364473 simplex iterations) in 3294.67 seconds
Thread count was 6 (of 6 available processors)

Solution count 10: 5304.75 5304.75 5304.75 ... 5304.75

Optimal solution found (tolerance 1.00e-04)
Best objective 5.304750735502e+03, best bound 5.304750134323e+03, gap 0.0000%

Gurobi 8.1.1 (win64, Python) logging started 12/11/19 20:23:22

Optimize a model with 263472 rows, 58488 columns and 1881153 nonzeros
Variable types: 19500 continuous, 38988 integer (38988 binary)
Coefficient statistics:
  Matrix range     [5e-02, 5e+04]
  Objective range  [1e+00, 2e+02]
  Bounds range     [1e+00, 1e+00]
  RHS range        [1e+00, 5e+04]
Presolve removed 261924 rows and 56988 columns
Presolve time: 0.67s
Presolved: 1548 rows, 1500 columns, 6659 nonzeros
Variable types: 90 continuous, 1410 integer (1380 binary)

Root relaxation: objective 1.001541e+02, 364 iterations, 0.01 seconds

    Nodes    |    Current Node    |     Objective Bounds      |     Work
 Expl Unexpl |  Obj  Depth IntInf | Incumbent    BestBd   Gap | It/Node Time

     0     0  100.15410    0   82          -  100.15410      -     -    0s
H    0     0                     894.2818797  100.15410  88.8%     -    0s
H    0     0                     846.8477147  100.15410  88.2%     -    0s
     0     0  112.17064    0  139  846.84771  112.17064  86.8%     -    0s
H    0     0                     837.3608818  112.17064  86.6%     -    0s
     0     0  112.17064    0  141  837.36088  112.17064  86.6%     -    0s
     0     0  129.64417    0  209  837.36088  129.64417  84.5%     -    0s
H    0     0                     758.9717169  129.64417  82.9%     -    0s
     0     0  129.65054    0  213  758.97172  129.65054  82.9%     -    0s
     0     0  142.11890    0  248  758.97172  142.11890  81.3%     -    0s
     0     0  142.48820    0  256  758.97172  142.48820  81.2%     -    0s
     0     0  154.59446    0  241  758.97172  154.59446  79.6%     -    0s
H    0     0                     701.2482381  154.59446  78.0%     -    0s
     0     0  158.51060    0  235  701.24824  158.51060  77.4%     -    0s
     0     0  158.52081    0  239  701.24824  158.52081  77.4%     -    0s
     0     0  163.96950    0  254  701.24824  163.96950  76.6%     -    0s
H    0     0                     577.5550693  163.96950  71.6%     -    0s
     0     0  165.11364    0  275  577.55507  165.11364  71.4%     -    0s
     0     0  165.18454    0  267  577.55507  165.18454  71.4%     -    0s
     0     0  165.18596    0  264  577.55507  165.18596  71.4%     -    0s
     0     0  165.72134    0  287  577.55507  165.72134  71.3%     -    1s
     0     0  165.94880    0  305  577.55507  165.94880  71.3%     -    1s
     0     0  166.01661    0  316  577.55507  166.01661  71.3%     -    1s
     0     0  166.03456    0  321  577.55507  166.03456  71.3%     -    1s
     0     0  166.40956    0  273  577.55507  166.40956  71.2%     -    1s
     0     0  166.50806    0  290  577.55507  166.50806  71.2%     -    1s
     0     0  166.50855    0  287  577.55507  166.50855  71.2%     -    1s
     0     0  168.77892    0  294  577.55507  168.77892  70.8%     -    1s
     0     0  168.80166    0  298  577.55507  168.80166  70.8%     -    1s
     0     0  172.38449    0  286  577.55507  172.38449  70.2%     -    1s
     0     0  172.71469    0  296  577.55507  172.71469  70.1%     -    1s
     0     0  172.79501    0  287  577.55507  172.79501  70.1%     -    1s
     0     0  177.33705    0  285  577.55507  177.33705  69.3%     -    1s
H    0     0                     569.0697880  177.33705  68.8%     -    1s
     0     0  177.49601    0  290  569.06979  177.49601  68.8%     -    1s
     0     0  177.51091    0  283  569.06979  177.51091  68.8%     -    1s
     0     0  178.64531    0  316  569.06979  178.64531  68.6%     -    1s
     0     0  178.82636    0  297  569.06979  178.82636  68.6%     -    1s
     0     0  178.82636    0  297  569.06979  178.82636  68.6%     -    1s
     0     0  179.17488    0  296  569.06979  179.17488  68.5%     -    1s
     0     0  179.25097    0  275  569.06979  179.25097  68.5%     -    1s
     0     0  179.25097    0  272  569.06979  179.25097  68.5%     -    1s
     0     0  179.61730    0  289  569.06979  179.61730  68.4%     -    1s
H    0     0                     552.0992252  179.61730  67.5%     -    1s
     0     0  179.65837    0  294  552.09923  179.65837  67.5%     -    1s
     0     0  179.66129    0  303  552.09923  179.66129  67.5%     -    1s
     0     0  180.08629    0  317  552.09923  180.08629  67.4%     -    1s
     0     0  180.10712    0  295  552.09923  180.10712  67.4%     -    1s
     0     0  180.10712    0  292  552.09923  180.10712  67.4%     -    1s
     0     0  180.10712    0  276  552.09923  180.10712  67.4%     -    1s
     0     2  180.10712    0  268  552.09923  180.10712  67.4%     -    1s
H   31    35                     532.0992252  193.36390  63.7%   161    1s
H  119   117                     499.2466913  193.36390  61.3%   112    1s
H  126   121                     469.1399943  193.36390  58.8%   112    1s
H  159   152                     424.8693328  193.36390  54.5%   112    2s
H  980   726                     422.3162498  201.86444  52.2%  69.0    3s
H 1188   864                     420.8336755  206.50426  50.9%  68.1    3s
H 1250   903                     419.5016562  206.50426  50.8%  68.0    3s
  1273   919  290.15295   28  335  419.50166  259.51618  38.1%  66.7    5s
H 1292   883                     419.5016559  295.13721  29.6%  65.8    6s
  1414   970  329.93065   24  257  419.50166  302.39261  27.9%  85.1   10s
H 1619  1047                     392.5016562  302.39261  23.0%  89.4   11s
H 2262  1235                     388.3066193  302.39261  22.1%  88.2   14s
  2535  1365  333.54931   23  294  388.30662  304.22435  21.7%  89.3   15s
  4879  2582  327.70354   21  238  388.30662  307.72441  20.8%  88.1   20s
H 5361  2918                     388.2677423  308.12644  20.6%  88.3   21s
H 5915  3335                     388.2677391  308.60005  20.5%  87.7   22s
  7221  4222  317.14130   25  251  388.26774  309.56725  20.3%  86.7   25s
  9497  5757  317.86895   21  302  388.26774  310.85941  19.9%  87.1   30s
H 9809  5947                     388.2677358  310.85941  19.9%  87.4   30s
 12034  7365  322.66022   29  198  388.26774  312.18322  19.6%  88.5   35s
 14698  9036     cutoff   37       388.26774  313.34857  19.3%  88.6   40s
 17693 10821  343.92847   35  190  388.26774  314.70701  18.9%  89.4   45s
 20040 12149  357.42000   28  159  388.26774  315.57251  18.7%  90.1   50s
 23372 14210  353.94762   43   83  388.26774  316.49957  18.5%  89.8   56s
 25317 15304  361.44395   41  276  388.26774  317.06301  18.3%  90.0   66s
 25344 15322  338.57956   33  415  388.26774  325.81180  16.1%  89.9   70s
H25368 14570                     388.2677347  333.77186  14.0%  89.8   73s
 25377 14576  333.87464   25  262  388.26773  333.87464  14.0%  89.8   75s
 25406 14595  357.07916   32  269  388.26773  334.95764  13.7%  89.7   80s
H25407 13864                     388.2677332  334.96896  13.7%  89.7   80s
 25417 13876  335.43251   28  282  388.26773  335.22626  13.7%  90.1   85s
 25482 13909  340.93727   34  137  388.26773  336.63591  13.3%  90.2   90s
H26084 13376                     386.9323401  336.79058  13.0%  90.3   94s
 26114 13388     cutoff   50       386.93234  337.92709  12.7%  90.3   95s
H26123 12725                     386.9323317  337.92709  12.7%  90.3   95s
 27473 13153  345.55634   49  119  386.93233  341.95229  11.6%  90.1  100s
 30082 13847  382.36314   57  134  386.93233  343.20324  11.3%  90.1  105s
 33243 14664     cutoff   61       386.93233  343.78451  11.2%  89.7  110s
 36670 15474  351.92640   43   87  386.93233  344.40443  11.0%  89.7  115s
H39338 15289                     385.2630875  344.92705  10.5%  90.1  119s
 39398 15268  376.94567   50   65  385.26309  344.92705  10.5%  90.1  120s
 42396 15769     cutoff   62       385.26309  345.40919  10.3%  90.5  125s
 45372 16137  356.35408   44   85  385.26309  345.74518  10.3%  91.2  130s
 48536 16626  346.59028   49   75  385.26309  346.15609  10.2%  91.4  135s
 51873 17124  352.90878   51   77  385.26309  346.53373  10.1%  91.3  140s
 55702 17596  374.12018   54  169  385.26309  346.96418  9.94%  91.6  145s
 58789 17776  368.48356   51   71  385.26309  347.27537  9.86%  91.7  150s
H60283 17638                     385.2630835  347.43318  9.82%  91.7  152s
 61539 18114  361.02422   57  143  385.26308  347.59854  9.78%  91.8  155s
 64661 19461  359.09385   59   64  385.26308  347.94161  9.69%  91.8  160s
 67886 20873  354.05694   40   98  385.26308  348.24306  9.61%  91.9  165s
 70509 21935  374.36943   47   76  385.26308  348.51111  9.54%  91.9  170s
 74560 23623  371.58318   54  104  385.26308  348.88763  9.44%  91.8  175s
 77714 24921     cutoff   58       385.26308  349.19584  9.36%  91.8  180s
 81541 26424  365.35150   46  126  385.26308  349.51671  9.28%  91.8  185s
 84520 27692  363.25218   42  144  385.26308  349.72822  9.22%  91.9  190s
 87787 28951     cutoff   68       385.26308  349.99149  9.16%  91.8  195s
 90286 29874  376.29512   67   93  385.26308  350.19530  9.10%  91.8  200s
H91640 30451                     385.2630817  350.29616  9.08%  91.8  202s
 92880 30920  356.89858   42   84  385.26308  350.41607  9.04%  91.9  205s
 95922 32121  363.12745   50   90  385.26308  350.62538  8.99%  91.8  210s
 99090 33240  378.56550   67   73  385.26308  350.85663  8.93%  91.9  215s
H99487 33398                     385.2630714  350.86167  8.93%  91.8  215s
 102791 34651     cutoff   72       385.26307  351.08994  8.87%  91.8  220s
H104742 35404                     385.2630701  351.20314  8.84%  91.8  223s
 105927 35828  370.51367   54   69  385.26307  351.29970  8.82%  91.7  225s
H107832 36620                     385.2630643  351.39789  8.79%  91.7  228s
 108775 36971  377.77555   54   82  385.26306  351.45879  8.77%  91.7  230s
H110730 37689                     385.2630637  351.58909  8.74%  91.7  233s
 111886 38085  380.72480   63  102  385.26306  351.65143  8.72%  91.7  235s
 115112 39239  373.80998   58   81  385.26306  351.85641  8.67%  91.6  240s
 116983 39967     cutoff   66       385.26306  351.97031  8.64%  91.6  245s
 119121 40703     cutoff   52       385.26306  352.09931  8.61%  91.6  250s
 121577 41576  375.29900   46  245  385.26306  352.23957  8.57%  91.7  255s
 125207 42702  364.86691   46  131  385.26306  352.47325  8.51%  91.9  261s
 127650 43548  362.29400   43  142  385.26306  352.62443  8.47%  91.9  265s
 130143 44437  380.06974   65   66  385.26306  352.78924  8.43%  91.9  270s
 132710 45230     cutoff   46       385.26306  352.94846  8.39%  91.9  275s
*135081 45968              67     384.9670441  353.10377  8.28%  92.0  278s
 135556 46097  379.92446   55  102  384.96704  353.14162  8.27%  92.0  280s
 138038 46886  368.96705   49   94  384.96704  353.29604  8.23%  92.0  285s
 141085 47797  376.34329   48  205  384.96704  353.46696  8.18%  92.0  290s
 143734 48668  362.41707   48   77  384.96704  353.60722  8.15%  92.0  295s
 146972 49722  383.40729   50   80  384.96704  353.81588  8.09%  91.9  300s
H148339 50164                     384.9670421  353.91412  8.07%  91.9  302s
H149379 47571                     380.7136917  353.97952  7.02%  91.8  304s
 149463 47544  371.01500   53  116  380.71369  353.99769  7.02%  91.9  306s
 152127 48216  366.53986   58   69  380.71369  354.15723  6.98%  91.8  310s
 155304 49092  370.56408   65   89  380.71369  354.39392  6.91%  91.8  315s
 158613 49964  368.25757   52   92  380.71369  354.63715  6.85%  91.7  320s
 160950 50511  375.88880   62   92  380.71369  354.79217  6.81%  91.7  325s
 163582 51164  368.46674   48  139  380.71369  354.95275  6.77%  91.7  330s
 166821 51983  376.15508   52  112  380.71369  355.16330  6.71%  91.7  335s
 170053 52704  370.76886   57   91  380.71369  355.35955  6.66%  91.6  340s
 173121 53372     cutoff   54       380.71369  355.59350  6.60%  91.6  345s
 175683 54087     cutoff   49       380.71369  355.75608  6.56%  91.6  350s
 179557 55037  379.20777   46  140  380.71369  355.98404  6.50%  91.5  355s
H179644 55065                     380.7136850  355.98404  6.50%  91.5  355s
 181641 55569  370.56810   54   95  380.71368  356.11236  6.46%  91.5  360s
 184840 56343  361.09376   47  126  380.71368  356.30342  6.41%  91.5  365s
 188102 57027  363.13139   48   70  380.71368  356.52832  6.35%  91.4  371s
 190763 57630  367.01450   50  116  380.71368  356.66328  6.32%  91.4  375s
 193956 58344  368.66951   49   64  380.71368  356.83582  6.27%  91.3  380s
 196557 58955  367.73484   44  120  380.71368  356.98025  6.23%  91.3  385s
 199702 59684  376.10891   64   69  380.71368  357.12835  6.20%  91.3  390s
 202924 60387  373.47454   54   33  380.71368  357.30441  6.15%  91.3  395s
 206244 61120  367.96570   52   60  380.71368  357.46037  6.11%  91.2  400s
 209391 61705  373.65159   44  199  380.71368  357.63793  6.06%  91.2  405s
 212710 62471  365.36876   57   60  380.71368  357.81824  6.01%  91.1  410s
 215121 62965     cutoff   61       380.71368  357.91790  5.99%  91.1  415s
 218340 63549  370.78161   58   82  380.71368  358.09056  5.94%  91.1  420s
 221647 64203  379.05917   52   63  380.71368  358.23743  5.90%  91.0  425s
 224924 64864  365.57381   42   72  380.71368  358.37610  5.87%  91.0  430s
 227471 65426  363.45739   58   95  380.71368  358.47894  5.84%  90.9  435s
 230804 66009  373.74855   49   89  380.71368  358.63108  5.80%  90.9  440s
 234316 66630     cutoff   82       380.71368  358.78648  5.76%  90.8  445s
 237613 67242  372.11393   66   95  380.71368  358.93177  5.72%  90.7  450s
 240786 67766     cutoff   55       380.71368  359.06470  5.69%  90.7  455s
 243288 68110  371.73171   46  104  380.71368  359.16877  5.66%  90.7  460s
 246558 68680     cutoff   56       380.71368  359.31376  5.62%  90.6  465s
 250011 69260  379.95986   46  162  380.71368  359.45306  5.58%  90.6  470s
 253457 69847  369.88751   54   47  380.71368  359.58555  5.55%  90.5  475s
 256686 70334     cutoff   55       380.71368  359.73191  5.51%  90.5  480s
 259351 70753  374.82840   55   48  380.71368  359.84990  5.48%  90.4  485s
 262677 71323  373.77050   46   94  380.71368  359.98270  5.45%  90.4  490s
 266071 71887  365.83140   51  119  380.71368  360.11005  5.41%  90.3  496s
 268804 72237  369.81470   51  103  380.71368  360.22607  5.38%  90.3  500s
 271297 72639  369.87237   48  127  380.71368  360.32878  5.35%  90.3  505s
 274723 73145  373.54426   44  119  380.71368  360.47781  5.32%  90.2  510s
 278233 73590  370.58133   53  115  380.71368  360.61658  5.28%  90.2  516s
H278408 73656                     380.7136844  360.61658  5.28%  90.2  516s
 280194 73851     cutoff   63       380.71368  360.68921  5.26%  90.1  520s
 283854 74420  367.56482   45  100  380.71368  360.81919  5.23%  90.0  525s
 286798 74959  377.67485   44   64  380.71368  360.92094  5.20%  90.0  530s
 290470 75452     cutoff   53       380.71368  361.05047  5.16%  89.9  535s
 293991 75881  378.04486   57  125  380.71368  361.17743  5.13%  89.8  540s
 297461 76333  369.55610   56   89  380.71368  361.29720  5.10%  89.8  545s
 300784 76800     cutoff   46       380.71368  361.42777  5.07%  89.8  550s
 303594 77241     cutoff   58       380.71368  361.52485  5.04%  89.7  555s
 307097 77634     cutoff   48       380.71368  361.63854  5.01%  89.7  560s
 309869 77955     cutoff   55       380.71368  361.73034  4.99%  89.7  565s
 312732 78284  377.38449   51  136  380.71368  361.81252  4.96%  89.6  570s
 316351 78702     cutoff   62       380.71368  361.93153  4.93%  89.5  575s
 319642 79038     cutoff   49       380.71368  362.03240  4.91%  89.5  580s
 323217 79369  373.23028   55  107  380.71368  362.15000  4.88%  89.4  586s
 325772 79698  379.74892   52  119  380.71368  362.22978  4.86%  89.4  590s
 328168 79975  368.95400   47  125  380.71368  362.31542  4.83%  89.4  595s
 331894 80350     cutoff   47       380.71368  362.42748  4.80%  89.3  600s
 334581 80597     cutoff   62       380.71368  362.52473  4.78%  89.3  606s
 337572 80923     cutoff   66       380.71368  362.61543  4.75%  89.3  610s
 340392 81239  368.37926   61   71  380.71368  362.70062  4.73%  89.2  615s
 343257 81629     cutoff   48       380.71368  362.78410  4.71%  89.2  620s
 346060 81954     cutoff   53       380.71368  362.85530  4.69%  89.2  625s
 348724 82197  377.25743   52   99  380.71368  362.93982  4.67%  89.2  630s
 351557 82537     cutoff   71       380.71368  363.02022  4.65%  89.2  635s
 355055 83001  368.98310   62   57  380.71368  363.11459  4.62%  89.2  641s
 357679 83156  369.64645   46   88  380.71368  363.18291  4.60%  89.2  645s
 360570 83444  368.97113   66   99  380.71368  363.26960  4.58%  89.1  650s
 363501 83794  371.03127   47   55  380.71368  363.34477  4.56%  89.1  655s
 365593 84052  365.31945   63   58  380.71368  363.40761  4.55%  89.1  660s
 368397 84271  365.83416   54  135  380.71368  363.47915  4.53%  89.1  665s
 371112 84545  369.11373   50  118  380.71368  363.55924  4.51%  89.1  670s
 374804 84826  374.97160   50   99  380.71368  363.67938  4.47%  89.0  675s
 377650 85031 infeasible   49       380.71368  363.76063  4.45%  89.0  680s
 380930 85195  378.86518   54   94  380.71368  363.87366  4.42%  89.0  685s
 383760 85400  371.09853   45  128  380.71368  363.95598  4.40%  88.9  690s
 387137 85610     cutoff   41       380.71368  364.06869  4.37%  88.9  695s
 389925 85817  376.92439   53  133  380.71368  364.14910  4.35%  88.9  700s
 393378 86039     cutoff   52       380.71368  364.24712  4.33%  88.9  705s
 396937 86282  372.21569   57   67  380.71368  364.33680  4.30%  88.9  710s
 399761 86459  372.81856   54  115  380.71368  364.41013  4.28%  88.9  715s
 402986 86608     cutoff   50       380.71368  364.49611  4.26%  88.9  721s
 405138 86720  373.44996   54   57  380.71368  364.55941  4.24%  88.8  725s
 407908 86819  373.20899   65   81  380.71368  364.63543  4.22%  88.8  730s
 411484 87064  375.80803   49  197  380.71368  364.73589  4.20%  88.8  736s
 414138 87174     cutoff   50       380.71368  364.79695  4.18%  88.8  740s
 416950 87349     cutoff   51       380.71368  364.87101  4.16%  88.8  745s
 420558 87628  366.35509   55  109  380.71368  364.95866  4.14%  88.8  750s
 423372 87788  378.93226   58  109  380.71368  365.02690  4.12%  88.8  755s
 425977 87914     cutoff   36       380.71368  365.08890  4.10%  88.8  760s
 429557 88129  367.37001   56  107  380.71368  365.17195  4.08%  88.8  765s
 432405 88333  375.11285   49   63  380.71368  365.24000  4.06%  88.8  770s
 435846 88464  376.85273   54   87  380.71368  365.32547  4.04%  88.8  775s
 439366 88620  374.46996   53   77  380.71368  365.41101  4.02%  88.7  780s
 442248 88681     cutoff   55       380.71368  365.48619  4.00%  88.7  785s
 445777 88807     cutoff   48       380.71368  365.57894  3.98%  88.7  790s
 448879 88846  368.02950   51  155  380.71368  365.66067  3.95%  88.7  795s
 452370 88956  379.57055   50   79  380.71368  365.75305  3.93%  88.7  801s
 455179 89047     cutoff   57       380.71368  365.82739  3.91%  88.6  805s
 457908 89120  366.36802   54   76  380.71368  365.89082  3.89%  88.6  810s
 461366 89244     cutoff   48       380.71368  365.97858  3.87%  88.6  815s
 464080 89436  370.87136   59   57  380.71368  366.03941  3.85%  88.6  820s
 466354 89396     cutoff   45       380.71368  366.09264  3.84%  88.6  825s
 469651 89398  372.72120   65   88  380.71368  366.16732  3.82%  88.6  830s
 473033 89406  375.08504   53   80  380.71368  366.26061  3.80%  88.6  835s
 475792 89439     cutoff   44       380.71368  366.31629  3.78%  88.6  840s
 479210 89478     cutoff   47       380.71368  366.40408  3.76%  88.5  845s
 482475 89434  374.83563   57   73  380.71368  366.50338  3.73%  88.5  850s
 485960 89434     cutoff   49       380.71368  366.58760  3.71%  88.5  855s
 489209 89399  369.49633   53  139  380.71368  366.66653  3.69%  88.5  860s
 492266 89341  368.51251   51  168  380.71368  366.73724  3.67%  88.5  865s
 495592 89323  374.06868   49  102  380.71368  366.81877  3.65%  88.5  870s
 498940 89330  371.17214   48   72  380.71368  366.90423  3.63%  88.4  875s
 502244 89307  373.41870   49   75  380.71368  366.98142  3.61%  88.4  880s
 504758 89254     cutoff   55       380.71368  367.04465  3.59%  88.4  885s
 507989 89175  369.14387   71   47  380.71368  367.12724  3.57%  88.4  891s
 510635 89193     cutoff   52       380.71368  367.19337  3.55%  88.4  895s
 513539 89025  374.51354   51  116  380.71368  367.26367  3.53%  88.4  901s
 516044 88930  373.34035   46  163  380.71368  367.32805  3.52%  88.3  905s
 519493 88890  379.30306   59   62  380.71368  367.40286  3.50%  88.3  911s
 522104 88784  378.40839   49  165  380.71368  367.47058  3.48%  88.3  915s
 525470 88676  374.68314   58   91  380.71368  367.54399  3.46%  88.3  920s
 528658 88560  380.48094   58   84  380.71368  367.61806  3.44%  88.3  925s
 531914 88491  373.52143   64   65  380.71368  367.69701  3.42%  88.2  930s
 534479 88346     cutoff   60       380.71368  367.76001  3.40%  88.2  935s
 537577 88265     cutoff   50       380.71368  367.83228  3.38%  88.2  940s
 540628 88157  372.80468   50  167  380.71368  367.90362  3.36%  88.2  945s
 543140 88132     cutoff   59       380.71368  367.96694  3.35%  88.2  950s
 546200 87957     cutoff   51       380.71368  368.04288  3.33%  88.2  955s
 549233 87776     cutoff   52       380.71368  368.11599  3.31%  88.1  961s
 551389 87656  368.50833   53   87  380.71368  368.16532  3.30%  88.1  965s
 554359 87481 infeasible   63       380.71368  368.23460  3.28%  88.1  970s
 557087 87283  379.86017   59   70  380.71368  368.29743  3.26%  88.1  975s
 559386 87108  374.91030   55   50  380.71368  368.35276  3.25%  88.1  980s
 562278 86845  379.48086   50   82  380.71368  368.43104  3.23%  88.1  985s
 565195 86590  380.15034   69  100  380.71368  368.50136  3.21%  88.1  990s
 567636 86400     cutoff   48       380.71368  368.55858  3.19%  88.1  995s
 570679 86153  369.84102   50  111  380.71368  368.62298  3.18%  88.1 1000s
 573582 85921  379.55701   44  111  380.71368  368.69394  3.16%  88.1 1005s
 575940 85819  370.10375   53   69  380.71368  368.75015  3.14%  88.1 1010s
 578799 85543     cutoff   52       380.71368  368.81728  3.12%  88.1 1015s
 581670 85346     cutoff   50       380.71368  368.88787  3.11%  88.1 1020s
 584673 85153  371.21340   54   71  380.71368  368.95903  3.09%  88.0 1025s
 587547 84874  375.80316   61   87  380.71368  369.02102  3.07%  88.0 1030s
 590577 84664  374.39069   58  101  380.71368  369.09156  3.05%  88.0 1035s
 593378 84498  376.77918   44  133  380.71368  369.15643  3.04%  88.0 1040s
 596093 84208  376.46608   53   85  380.71368  369.22347  3.02%  88.0 1045s
 599018 83977  370.97561   48  157  380.71368  369.29015  3.00%  88.0 1050s
 601750 83637  379.70171   50  167  380.71368  369.35279  2.98%  87.9 1055s
 604389 83484     cutoff   58       380.71368  369.40997  2.97%  87.9 1060s
 607421 83248  375.22863   48  155  380.71368  369.47613  2.95%  87.9 1065s
 610196 82990     cutoff   49       380.71368  369.54656  2.93%  87.8 1071s
 612475 82740  374.91718   56   78  380.71368  369.59701  2.92%  87.8 1075s
 615789 82359     cutoff   54       380.71368  369.67545  2.90%  87.8 1080s
 618443 81999     cutoff   61       380.71368  369.73818  2.88%  87.7 1085s
 621212 81689     cutoff   64       380.71368  369.80453  2.87%  87.7 1090s
 624376 81326     cutoff   51       380.71368  369.87822  2.85%  87.7 1095s
 627129 80983  372.46396   43   90  380.71368  369.94088  2.83%  87.7 1100s
 629703 80688  377.69007   53   71  380.71368  369.99697  2.81%  87.7 1105s
 633058 80330     cutoff   54       380.71368  370.06824  2.80%  87.6 1110s
 635772 79990  371.79208   45   81  380.71368  370.12770  2.78%  87.6 1115s
 638490 79711  379.14279   50   95  380.71368  370.18350  2.77%  87.6 1120s
 641683 79325  376.62946   49  136  380.71368  370.26044  2.75%  87.5 1125s
 644310 78945  373.17509   44  127  380.71368  370.32292  2.73%  87.5 1130s
 647269 78556     cutoff   63       380.71368  370.38768  2.71%  87.5 1135s
 650028 78236     cutoff   60       380.71368  370.45191  2.70%  87.5 1140s
 653123 77747     cutoff   47       380.71368  370.51930  2.68%  87.4 1145s
 656208 77334     cutoff   71       380.71368  370.58948  2.66%  87.4 1150s
 658835 76996     cutoff   61       380.71368  370.64980  2.64%  87.4 1155s
 661874 76580     cutoff   61       380.71368  370.72027  2.62%  87.4 1160s
 664451 76218     cutoff   73       380.71368  370.77928  2.61%  87.4 1165s
 667550 75792     cutoff   52       380.71368  370.85628  2.59%  87.3 1170s
 670119 75444     cutoff   52       380.71368  370.91226  2.57%  87.3 1175s
 672809 75097     cutoff   59       380.71368  370.96925  2.56%  87.3 1180s
 675940 74688     cutoff   65       380.71368  371.03914  2.54%  87.2 1185s
 678373 74293  372.17602   53   62  380.71368  371.09535  2.53%  87.2 1190s
 681111 73859  377.59934   56  129  380.71368  371.15314  2.51%  87.2 1195s
H681798 73783                     380.7136828  371.16428  2.51%  87.2 1196s
 683467 73482     cutoff   47       380.71368  371.20491  2.50%  87.2 1200s
 686521 73011     cutoff   64       380.71368  371.27321  2.48%  87.1 1205s
 689460 72502     cutoff   52       380.71368  371.34649  2.46%  87.1 1210s
 692348 72010     cutoff   56       380.71368  371.41441  2.44%  87.0 1215s
 694968 71557  379.39949   51  132  380.71368  371.48597  2.42%  87.0 1220s
 697287 71176     cutoff   53       380.71368  371.53574  2.41%  87.0 1225s
 700197 70684     cutoff   47       380.71368  371.60018  2.39%  86.9 1230s
 703207 70207     cutoff   57       380.71368  371.66846  2.38%  86.9 1235s
 705992 69686     cutoff   55       380.71368  371.73541  2.36%  86.8 1240s
 709213 69075     cutoff   57       380.71368  371.81463  2.34%  86.8 1245s
 711625 68639  377.27970   64   81  380.71368  371.87343  2.32%  86.8 1250s
 714814 67991     cutoff   52       380.71368  371.94853  2.30%  86.7 1255s
 717974 67334  377.90944   41  142  380.71368  372.02615  2.28%  86.7 1260s
 721121 66777  379.99381   59  101  380.71368  372.10439  2.26%  86.6 1265s
 723790 66271  376.18337   70   59  380.71368  372.16799  2.24%  86.6 1270s
 726663 65642     cutoff   63       380.71368  372.23926  2.23%  86.5 1275s
 729773 65000  374.53810   41  104  380.71368  372.31334  2.21%  86.5 1280s
 733013 64240     cutoff   75       380.71368  372.40761  2.18%  86.4 1285s
 736025 63567     cutoff   50       380.71368  372.48283  2.16%  86.4 1290s
 738319 63023     cutoff   47       380.71368  372.53916  2.15%  86.3 1295s
 741246 62377     cutoff   54       380.71368  372.61823  2.13%  86.3 1300s
 743984 61704  377.81037   53   98  380.71368  372.69149  2.11%  86.3 1305s
 747212 60925     cutoff   52       380.71368  372.77436  2.09%  86.2 1310s
 750809 60046 infeasible   57       380.71368  372.86587  2.06%  86.1 1315s
 753955 59275     cutoff   53       380.71368  372.94959  2.04%  86.1 1320s
 756791 58608  373.69944   46  101  380.71368  373.02437  2.02%  86.0 1325s
 759310 57901     cutoff   56       380.71368  373.09470  2.00%  86.0 1330s
 761975 57288     cutoff   46       380.71368  373.17010  1.98%  85.9 1335s
 764967 56523     cutoff   54       380.71368  373.25328  1.96%  85.9 1340s
 768186 55800  375.10621   49   79  380.71368  373.33647  1.94%  85.8 1345s
 771465 54882     cutoff   57       380.71368  373.42977  1.91%  85.8 1350s
 774558 54083     cutoff   57       380.71368  373.51205  1.89%  85.7 1355s
 778069 53256  375.63884   54   95  380.71368  373.59911  1.87%  85.6 1360s
 781157 52547  374.84671   44  131  380.71368  373.67609  1.85%  85.5 1365s
 784424 51710  374.49055   48   87  380.71368  373.76604  1.82%  85.5 1370s
 787470 50980  375.72600   52  144  380.71368  373.84161  1.81%  85.4 1375s
 790932 50102  378.46734   44  131  380.71368  373.93317  1.78%  85.3 1380s
 794259 49243  379.79110   45  134  380.71368  374.02524  1.76%  85.2 1385s
 797494 48355     cutoff   51       380.71368  374.11466  1.73%  85.2 1390s
 801273 47196     cutoff   49       380.71368  374.21929  1.71%  85.1 1395s
 804988 46215     cutoff   54       380.71368  374.31667  1.68%  85.0 1400s
 808180 45271     cutoff   52       380.71368  374.41061  1.66%  84.9 1405s
 812119 44347     cutoff   52       380.71368  374.50588  1.63%  84.8 1410s
 815757 43330  379.73126   57   66  380.71368  374.59891  1.61%  84.7 1415s
 819562 42188     cutoff   47       380.71368  374.70793  1.58%  84.6 1420s
 823360 41107  376.86145   45   90  380.71368  374.81501  1.55%  84.5 1425s
 826804 40091     cutoff   61       380.71368  374.91464  1.52%  84.4 1430s
 830169 39032     cutoff   46       380.71368  375.01265  1.50%  84.3 1435s
 833897 37878     cutoff   53       380.71368  375.12723  1.47%  84.2 1440s
 837619 36932  375.43821   58  104  380.71368  375.22173  1.44%  84.1 1445s
 840732 36012     cutoff   60       380.71368  375.31310  1.42%  84.0 1450s
 844165 35007     cutoff   55       380.71368  375.41417  1.39%  83.9 1455s
 847991 33761 infeasible   60       380.71368  375.53445  1.36%  83.8 1460s
 852464 32272  378.30346   48  115  380.71368  375.67720  1.32%  83.6 1465s
 856408 30879     cutoff   55       380.71368  375.81788  1.29%  83.5 1470s
 860219 29464 infeasible   68       380.71368  375.95721  1.25%  83.4 1475s
 864694 27804  377.43622   58   84  380.71368  376.12119  1.21%  83.2 1480s
 869391 26230     cutoff   56       380.71368  376.28825  1.16%  83.1 1485s
 873879 24784 infeasible   58       380.71368  376.45035  1.12%  82.9 1490s
 876081 23956     cutoff   57       380.71368  376.54064  1.10%  82.8 1495s
 880163 22399  376.69741   57   50  380.71368  376.69741  1.05%  82.7 1500s
 884843 20768     cutoff   61       380.71368  376.87687  1.01%  82.5 1505s
 889383 18811  380.60484   58   67  380.71368  377.09229  0.95%  82.3 1510s
 894532 16625     cutoff   52       380.71368  377.33806  0.89%  82.1 1515s
 899489 14344 infeasible   64       380.71368  377.60411  0.82%  81.9 1520s
 905157 11582 infeasible   44       380.71368  377.97115  0.72%  81.7 1525s
 910925  8832     cutoff   46       380.71368  378.37838  0.61%  81.4 1530s

Cutting planes:
  Gomory: 297
  Cover: 1
  Implied bound: 4
  Projected implied bound: 1
  Clique: 11
  MIR: 95
  StrongCG: 5
  Flow cover: 381
  GUB cover: 1
  Inf proof: 133
  Zero half: 418

Explored 915426 nodes (74315809 simplex iterations) in 1534.08 seconds
Thread count was 6 (of 6 available processors)

Solution count 10: 380.714 380.714 380.714 ... 385.263

Optimal solution found (tolerance 5.00e-03)
Best objective 3.807136917019e+02, best bound 3.788284886315e+02, gap 0.4952%

Gurobi 8.1.1 (win64, Python) logging started 12/18/19 21:20:32

Changed value of parameter MIPGap to 0.005
   Prev: 0.0001  Min: 0.0  Max: 1e+100  Default: 0.0001
Optimize a model with 263472 rows, 58488 columns and 1881153 nonzeros
Variable types: 19500 continuous, 38988 integer (38988 binary)
Coefficient statistics:
  Matrix range     [5e-02, 5e+04]
  Objective range  [1e+00, 2e+02]
  Bounds range     [1e+00, 1e+00]
  RHS range        [1e+00, 5e+04]
Presolve removed 263087 rows and 58208 columns
Presolve time: 0.70s
Presolved: 385 rows, 280 columns, 1368 nonzeros
Variable types: 68 continuous, 212 integer (212 binary)

Root relaxation: objective 4.187682e+03, 143 iterations, 0.00 seconds

    Nodes    |    Current Node    |     Objective Bounds      |     Work
 Expl Unexpl |  Obj  Depth IntInf | Incumbent    BestBd   Gap | It/Node Time

     0     0 4187.68234    0   33          - 4187.68234      -     -    0s
H    0     0                    4895.8233406 4187.68234  14.5%     -    0s
     0     0 4190.59191    0   73 4895.82334 4190.59191  14.4%     -    0s
     0     0 4198.19995    0   83 4895.82334 4198.19995  14.2%     -    0s
H    0     0                    4778.5851453 4198.19995  12.1%     -    0s
     0     0 4200.03528    0   84 4778.58515 4200.03528  12.1%     -    0s
     0     0 4204.13164    0   87 4778.58515 4204.13164  12.0%     -    0s
     0     0 4204.26995    0   91 4778.58515 4204.26995  12.0%     -    0s
     0     0 4204.27448    0   90 4778.58515 4204.27448  12.0%     -    0s
     0     0 4206.95751    0   85 4778.58515 4206.95751  12.0%     -    0s
     0     0 4229.50383    0   83 4778.58515 4229.50383  11.5%     -    0s
     0     0 4229.50383    0   89 4778.58515 4229.50383  11.5%     -    0s
     0     0 4229.50383    0   90 4778.58515 4229.50383  11.5%     -    0s
     0     0 4229.50383    0   90 4778.58515 4229.50383  11.5%     -    0s
     0     0 4229.50383    0   82 4778.58515 4229.50383  11.5%     -    0s
     0     2 4229.50383    0   81 4778.58515 4229.50383  11.5%     -    0s
H   31    25                    4750.1218600 4257.78993  10.4%  46.1    0s
H   68    44                    4585.6869670 4257.78993  7.15%  37.2    0s
H  127    51                    4521.5998216 4277.23826  5.40%  27.1    0s
H  471    74                    4520.3868042 4366.49541  3.40%  17.7    0s
*  537    56              23    4518.8940553 4399.80915  2.64%  17.6    0s

Cutting planes:
  Gomory: 4
  Cover: 29
  Implied bound: 6
  Clique: 15
  MIR: 9
  StrongCG: 2
  GUB cover: 9
  Zero half: 16

Explored 787 nodes (12989 simplex iterations) in 1.04 seconds
Thread count was 6 (of 6 available processors)

Solution count 7: 4518.89 4520.39 4521.6 ... 4895.82

Optimal solution found (tolerance 5.00e-03)
Best objective 4.518894055260e+03, best bound 4.510725756735e+03, gap 0.1808%
Parameter MIPGap unchanged
   Value: 0.005  Min: 0.0  Max: 1e+100  Default: 0.0001
Parameter MIPGap unchanged
   Value: 0.005  Min: 0.0  Max: 1e+100  Default: 0.0001
Parameter MIPGap unchanged
   Value: 0.005  Min: 0.0  Max: 1e+100  Default: 0.0001
Parameter MIPGap unchanged
   Value: 0.005  Min: 0.0  Max: 1e+100  Default: 0.0001
Parameter MIPGap unchanged
   Value: 0.005  Min: 0.0  Max: 1e+100  Default: 0.0001
Parameter MIPGap unchanged
   Value: 0.005  Min: 0.0  Max: 1e+100  Default: 0.0001
Parameter MIPGap unchanged
   Value: 0.005  Min: 0.0  Max: 1e+100  Default: 0.0001
Parameter MIPGap unchanged
   Value: 0.005  Min: 0.0  Max: 1e+100  Default: 0.0001
