This is XeTeX, Version 3.14159265-2.6-0.99999 (MiKTeX 2.9.6840 64-bit) (preloaded format=xelatex 2020.1.10)  1 MAY 2020 18:27
entering extended mode
**./disstemplate.tex
(disstemplate.tex
LaTeX2e <2018-04-01> patch level 5
("C:\Program Files\MiKTeX 2.9\tex\latex\base\report.cls"
Document Class: report 2014/09/29 v1.4h Standard LaTeX document class
("C:\Program Files\MiKTeX 2.9\tex\latex\base\size12.clo"
File: size12.clo 2014/09/29 v1.4h Standard LaTeX file (size option)
)
\c@part=\count80
\c@chapter=\count81
\c@section=\count82
\c@subsection=\count83
\c@subsubsection=\count84
\c@paragraph=\count85
\c@subparagraph=\count86
\c@figure=\count87
\c@table=\count88
\abovecaptionskip=\skip41
\belowcaptionskip=\skip42
\bibindent=\dimen102
) (utdiss2.sty
*
* U.T. Austin Doctoral Dissertation Format by Young. U. Ryu,
* June 1991. With some fixes by Miguel A. Lerma, Fall 1995, 
* Spring 1996, Summer 1996, Spring 1997, Summer 1997, Spring 1998.
*
* Modified to new Graduate School standards Fall 2001
* by Craig McCluskey mccluskey@mail.utexas.edu 
* - this is utdiss2-05.sty
*
\regular@textheight=\skip43
\short@textheight=\skip44
\c@regular@short=\count89
\one@num=\skip45
\two@num=\skip46
\three@num=\skip47
\four@num=\skip48
\five@num=\skip49
\six@num=\skip50
\c@onenum=\skip51
\c@twonum=\skip52
\c@threenum=\skip53
\c@fournum=\skip54
\c@fivenum=\skip55
\toc@chap@indent=\skip56
\chap@or@app=\count90
\with@parts=\count91
\c@no@chapters=\count92
\s@short@textheight=\skip57
\c@regular@short@col=\count93
* *
* *
* This is a dissertation *
* *
* *
\numberofsupervisors=\count94
\supervisornumbercounter=\count95
\numberofmembers=\count96
\membernumbercounter=\count97
) ("C:\Program Files\MiKTeX 2.9\tex\latex\amsmath\amsmath.sty"
Package: amsmath 2017/09/02 v2.17a AMS math features
\@mathmargin=\skip58

For additional information on amsmath, use the `?' option.
("C:\Program Files\MiKTeX 2.9\tex\latex\amsmath\amstext.sty"
Package: amstext 2000/06/29 v2.01 AMS text

("C:\Program Files\MiKTeX 2.9\tex\latex\amsmath\amsgen.sty"
File: amsgen.sty 1999/11/30 v2.0 generic functions
\@emptytoks=\toks14
\ex@=\dimen103
))
("C:\Program Files\MiKTeX 2.9\tex\latex\amsmath\amsbsy.sty"
Package: amsbsy 1999/11/29 v1.2d Bold Symbols
\pmbraise@=\dimen104
)
("C:\Program Files\MiKTeX 2.9\tex\latex\amsmath\amsopn.sty"
Package: amsopn 2016/03/08 v2.02 operator names
)
\inf@bad=\count98
LaTeX Info: Redefining \frac on input line 213.
\uproot@=\count99
\leftroot@=\count100
LaTeX Info: Redefining \overline on input line 375.
\classnum@=\count101
\DOTSCASE@=\count102
LaTeX Info: Redefining \ldots on input line 472.
LaTeX Info: Redefining \dots on input line 475.
LaTeX Info: Redefining \cdots on input line 596.
\Mathstrutbox@=\box26
\strutbox@=\box27
\big@size=\dimen105
LaTeX Font Info:    Redeclaring font encoding OML on input line 712.
LaTeX Font Info:    Redeclaring font encoding OMS on input line 713.
\macc@depth=\count103
\c@MaxMatrixCols=\count104
\dotsspace@=\muskip10
\c@parentequation=\count105
\dspbrk@lvl=\count106
\tag@help=\toks15
\row@=\count107
\column@=\count108
\maxfields@=\count109
\andhelp@=\toks16
\eqnshift@=\dimen106
\alignsep@=\dimen107
\tagshift@=\dimen108
\tagwidth@=\dimen109
\totwidth@=\dimen110
\lineht@=\dimen111
\@envbody=\toks17
\multlinegap=\skip59
\multlinetaggap=\skip60
\mathdisplay@stack=\toks18
LaTeX Info: Redefining \[ on input line 2817.
LaTeX Info: Redefining \] on input line 2818.
)
("C:\Program Files\MiKTeX 2.9\tex\latex\amscls\amsthm.sty"
Package: amsthm 2017/10/31 v2.20.4
\thm@style=\toks19
\thm@bodyfont=\toks20
\thm@headfont=\toks21
\thm@notefont=\toks22
\thm@headpunct=\toks23
\thm@preskip=\skip61
\thm@postskip=\skip62
\thm@headsep=\skip63
\dth@everypar=\toks24
)
("C:\Program Files\MiKTeX 2.9\tex\latex\amsfonts\amsfonts.sty"
Package: amsfonts 2013/01/14 v3.01 Basic AMSFonts support
\symAMSa=\mathgroup4
\symAMSb=\mathgroup5
LaTeX Font Info:    Overwriting math alphabet `\mathfrak' in version `bold'
(Font)                  U/euf/m/n --> U/euf/b/n on input line 106.
)
("C:\Program Files\MiKTeX 2.9\tex\latex\amsmath\amscd.sty"
Package: amscd 2017/04/14 v2.1 AMS Commutative Diagrams
\athelp@=\toks25
\minaw@=\dimen112
\bigaw@=\dimen113
\minCDarrowwidth=\dimen114
)
("C:\Program Files\MiKTeX 2.9\tex\latex\amsfonts\eucal.sty"
Package: eucal 2009/06/22 v3.00 Euler Script fonts
LaTeX Font Info:    Overwriting math alphabet `\EuScript' in version `bold'
(Font)                  U/eus/m/n --> U/eus/b/n on input line 33.
)
("C:\Program Files\MiKTeX 2.9\tex\latex\tools\verbatim.sty"
Package: verbatim 2014/10/28 v1.5q LaTeX2e package for verbatim enhancements
\every@verbatim=\toks26
\verbatim@line=\toks27
\verbatim@in@stream=\read1
)
("C:\Program Files\MiKTeX 2.9\tex\latex\base\makeidx.sty"
Package: makeidx 2014/09/29 v1.0m Standard LaTeX package
)
("C:\Users\Brian French\AppData\Roaming\MiKTeX\2.9\tex\latex\url\url.sty"
\Urlmuskip=\muskip11
Package: url 2013/09/16  ver 3.4  Verb mode for urls, etc.
)
\c@thm=\count110
\c@ax=\count111
\c@defn=\count112
\c@rem=\count113
\@indexfile=\write3
\openout3 = `disstemplate.idx'.


Writing index file disstemplate.idx
(disstemplate.aux (chapter-introduction.aux) (chapter-instructions.aux)
(chapter-howtouse.aux) (chapter-makingbib.aux) (chapter-tables+figs.aux)
(chapter-math.aux) (chapter-appendix1.aux) (chapter-appendix2.aux)
(chapter-appendix3.aux))
\openout1 = `disstemplate.aux'.

LaTeX Font Info:    Checking defaults for OML/cmm/m/it on input line 236.
LaTeX Font Info:    ... okay on input line 236.
LaTeX Font Info:    Checking defaults for T1/cmr/m/n on input line 236.
LaTeX Font Info:    ... okay on input line 236.
LaTeX Font Info:    Checking defaults for OT1/cmr/m/n on input line 236.
LaTeX Font Info:    ... okay on input line 236.
LaTeX Font Info:    Checking defaults for OMS/cmsy/m/n on input line 236.
LaTeX Font Info:    ... okay on input line 236.
LaTeX Font Info:    Checking defaults for TU/lmr/m/n on input line 236.
LaTeX Font Info:    ... okay on input line 236.
LaTeX Font Info:    Checking defaults for OMX/cmex/m/n on input line 236.
LaTeX Font Info:    ... okay on input line 236.
LaTeX Font Info:    Checking defaults for U/cmr/m/n on input line 236.
LaTeX Font Info:    ... okay on input line 236.
 [1

]
LaTeX Font Info:    Try loading font information for U+msa on input line 250.

("C:\Program Files\MiKTeX 2.9\tex\latex\amsfonts\umsa.fd"
File: umsa.fd 2013/01/14 v3.01 AMS symbols A
)
LaTeX Font Info:    Try loading font information for U+msb on input line 250.

("C:\Program Files\MiKTeX 2.9\tex\latex\amsfonts\umsb.fd"
File: umsb.fd 2013/01/14 v3.01 AMS symbols B
) [2

] [3

] [4

] [5


]
[6

] (disstemplate.toc
Overfull \hbox (1.88705pt too wide) in paragraph at lines 8--8
 [] \TU/lmr/bx/n/12 Chapter 2.| Instructions for Preparing Dissertations, These
s, and 
 []

[7

])
\tf@toc=\write4
\openout4 = `disstemplate.toc'.

 [8] (disstemplate.lot)
\tf@lot=\write5
\openout5 = `disstemplate.lot'.

 [9

] (disstemplate.lof)
\tf@lof=\write6
\openout6 = `disstemplate.lof'.

 [10

]
\openout2 = `chapter-introduction.aux'.


(chapter-introduction.tex
Chapter 1.
! Undefined control sequence.
<recently read> \bslash 
                        
l.16 ...with a \cn{usepackage\{package-name.sty\}}
                                                  
The control sequence at the end of the top line
of your error message was never \def'ed. If you have
misspelled it (e.g., `\hobx'), type `I' and the correct
spelling (e.g., `I\hbox'). Otherwise just continue,
and I'll forget about whatever was undefined.

[1


] [2]) [3]
\openout2 = `chapter-instructions.aux'.

 (chapter-instructions.tex
Chapter 2.
[4



] [5] [6] [7] [8]) [9]
\openout2 = `chapter-howtouse.aux'.

 (chapter-howtouse.tex
Chapter 3.
[10



]
! Undefined control sequence.
<recently read> \bslash 
                        
l.43 \cn{author\{Craig William McCluskey\}}
                                           
The control sequence at the end of the top line
of your error message was never \def'ed. If you have
misspelled it (e.g., `\hobx'), type `I' and the correct
spelling (e.g., `I\hbox'). Otherwise just continue,
and I'll forget about whatever was undefined.

! Undefined control sequence.
<recently read> \bslash 
                        
l.48 ...rcle\bslash\bslash\ Austin, Texas 78758\}}
                                                  
The control sequence at the end of the top line
of your error message was never \def'ed. If you have
misspelled it (e.g., `\hobx'), type `I' and the correct
spelling (e.g., `I\hbox'). Otherwise just continue,
and I'll forget about whatever was undefined.

! Undefined control sequence.
<argument> ... address\{9905 Chukar Circle\bslash 
                                                  \bslash \ Austin, Texas 78...
l.48 ...rcle\bslash\bslash\ Austin, Texas 78758\}}
                                                  
The control sequence at the end of the top line
of your error message was never \def'ed. If you have
misspelled it (e.g., `\hobx'), type `I' and the correct
spelling (e.g., `I\hbox'). Otherwise just continue,
and I'll forget about whatever was undefined.

! Undefined control sequence.
<argument> ...\{9905 Chukar Circle\bslash \bslash 
                                                  \ Austin, Texas 78758\}
l.48 ...rcle\bslash\bslash\ Austin, Texas 78758\}}
                                                  
The control sequence at the end of the top line
of your error message was never \def'ed. If you have
misspelled it (e.g., `\hobx'), type `I' and the correct
spelling (e.g., `I\hbox'). Otherwise just continue,
and I'll forget about whatever was undefined.

! Undefined control sequence.
<recently read> \bslash 
                        
l.51 \texttt{\bslash\bslash}
                             to separate address lines.
The control sequence at the end of the top line
of your error message was never \def'ed. If you have
misspelled it (e.g., `\hobx'), type `I' and the correct
spelling (e.g., `I\hbox'). Otherwise just continue,
and I'll forget about whatever was undefined.

! Undefined control sequence.
<argument> \bslash \bslash 
                           
l.51 \texttt{\bslash\bslash}
                             to separate address lines.
The control sequence at the end of the top line
of your error message was never \def'ed. If you have
misspelled it (e.g., `\hobx'), type `I' and the correct
spelling (e.g., `I\hbox'). Otherwise just continue,
and I'll forget about whatever was undefined.


Overfull \hbox (8.88599pt too wide) in paragraph at lines 48--52
[]\TU/lmtt/m/n/12 address{9905 Chukar Circle Austin, Texas 78758} []\TU/lmr/m/n
/12 Replace my ad-
 []

! Undefined control sequence.
<recently read> \bslash 
                        
l.54 the University of Texas at Austin\} }
                                          
The control sequence at the end of the top line
of your error message was never \def'ed. If you have
misspelled it (e.g., `\hobx'), type `I' and the correct
spelling (e.g., `I\hbox'). Otherwise just continue,
and I'll forget about whatever was undefined.

! Undefined control sequence.
<recently read> \bslash 
                        
l.54 the University of Texas at Austin\} }
                                          
The control sequence at the end of the top line
of your error message was never \def'ed. If you have
misspelled it (e.g., `\hobx'), type `I' and the correct
spelling (e.g., `I\hbox'). Otherwise just continue,
and I'll forget about whatever was undefined.

! Undefined control sequence.
<recently read> \bslash 
                        
l.59 the line breakings by \texttt{\bslash\bslash}
                                                   commands.
The control sequence at the end of the top line
of your error message was never \def'ed. If you have
misspelled it (e.g., `\hobx'), type `I' and the correct
spelling (e.g., `I\hbox'). Otherwise just continue,
and I'll forget about whatever was undefined.

! Undefined control sequence.
<argument> \bslash \bslash 
                           
l.59 the line breakings by \texttt{\bslash\bslash}
                                                   commands.
The control sequence at the end of the top line
of your error message was never \def'ed. If you have
misspelled it (e.g., `\hobx'), type `I' and the correct
spelling (e.g., `I\hbox'). Otherwise just continue,
and I'll forget about whatever was undefined.


Overfull \hbox (58.88995pt too wide) in paragraph at lines 54--60
[]\TU/lmtt/m/n/12 title{Writing a Doctoral Dissertation with LaTeX{} at the Uni
versity
 []

! Undefined control sequence.
<recently read> \bslash 
                        
l.61 ...ervisor[Isaac Newton]\{Johannes Kepler\} }
                                                  
The control sequence at the end of the top line
of your error message was never \def'ed. If you have
misspelled it (e.g., `\hobx'), type `I' and the correct
spelling (e.g., `I\hbox'). Otherwise just continue,
and I'll forget about whatever was undefined.

! Undefined control sequence.
<recently read> \bslash 
                        
l.66 as the \cn{committeemembers}
                                  command is shown below.
The control sequence at the end of the top line
of your error message was never \def'ed. If you have
misspelled it (e.g., `\hobx'), type `I' and the correct
spelling (e.g., `I\hbox'). Otherwise just continue,
and I'll forget about whatever was undefined.

[11]
! Undefined control sequence.
<recently read> \bslash 
                        
l.79 \cn{previousdegrees\{B.S.\} }
                                   Replace B.S. with your previous degree.
The control sequence at the end of the top line
of your error message was never \def'ed. If you have
misspelled it (e.g., `\hobx'), type `I' and the correct
spelling (e.g., `I\hbox'). Otherwise just continue,
and I'll forget about whatever was undefined.

! Undefined control sequence.
<recently read> \bslash 
                        
l.90 you must use the optional \cn{degree}
                                           and \cn{degreeabbr} commands
The control sequence at the end of the top line
of your error message was never \def'ed. If you have
misspelled it (e.g., `\hobx'), type `I' and the correct
spelling (e.g., `I\hbox'). Otherwise just continue,
and I'll forget about whatever was undefined.

! Undefined control sequence.
<recently read> \bslash 
                        
l.90 ...e optional \cn{degree} and \cn{degreeabbr}
                                                   commands
The control sequence at the end of the top line
of your error message was never \def'ed. If you have
misspelled it (e.g., `\hobx'), type `I' and the correct
spelling (e.g., `I\hbox'). Otherwise just continue,
and I'll forget about whatever was undefined.

! Undefined control sequence.
<recently read> \bslash 
                        
l.105 ...ertation} is also provided for symmetry.}
                                                  %
The control sequence at the end of the top line
of your error message was never \def'ed. If you have
misspelled it (e.g., `\hobx'), type `I' and the correct
spelling (e.g., `I\hbox'). Otherwise just continue,
and I'll forget about whatever was undefined.

[12]
! Undefined control sequence.
<recently read> \bslash 
                        
l.124 The command \cn{topmargin 0.125}
                                       is provided to allow easy adjustment
The control sequence at the end of the top line
of your error message was never \def'ed. If you have
misspelled it (e.g., `\hobx'), type `I' and the correct
spelling (e.g., `I\hbox'). Otherwise just continue,
and I'll forget about whatever was undefined.

! Undefined control sequence.
<recently read> \bslash 
                        
l.129 command \cn{longtocentry}
                               .
The control sequence at the end of the top line
of your error message was never \def'ed. If you have
misspelled it (e.g., `\hobx'), type `I' and the correct
spelling (e.g., `I\hbox'). Otherwise just continue,
and I'll forget about whatever was undefined.

[13]
Overfull \hbox (4.21492pt too wide) in paragraph at lines 155--155
[]    \TU/lmtt/m/n/12 ... text ...  % SECTION, SUBSECTION, SUBSUBSECTION) HEADI
NGS![] 
 []

[14]
! Undefined control sequence.
<recently read> \bslash 
                        
l.179 and be loaded by \cn{include}
                                    commands:
The control sequence at the end of the top line
of your error message was never \def'ed. If you have
misspelled it (e.g., `\hobx'), type `I' and the correct
spelling (e.g., `I\hbox'). Otherwise just continue,
and I'll forget about whatever was undefined.

! Undefined control sequence.
<recently read> \bslash 
                        
l.199 \cn{appendix}
                    instead of \cn{appendices}, you must leave out the
The control sequence at the end of the top line
of your error message was never \def'ed. If you have
misspelled it (e.g., `\hobx'), type `I' and the correct
spelling (e.g., `I\hbox'). Otherwise just continue,
and I'll forget about whatever was undefined.

! Undefined control sequence.
<recently read> \bslash 
                        
l.199 \cn{appendix} instead of \cn{appendices}
                                              , you must leave out the
The control sequence at the end of the top line
of your error message was never \def'ed. If you have
misspelled it (e.g., `\hobx'), type `I' and the correct
spelling (e.g., `I\hbox'). Otherwise just continue,
and I'll forget about whatever was undefined.

! Undefined control sequence.
<recently read> \bslash 
                        
l.200 \cn{chapter}
                   definition at the start of the appendix's text. Putting
The control sequence at the end of the top line
of your error message was never \def'ed. If you have
misspelled it (e.g., `\hobx'), type `I' and the correct
spelling (e.g., `I\hbox'). Otherwise just continue,
and I'll forget about whatever was undefined.

[15]
! Undefined control sequence.
<recently read> \bslash 
                        
l.208 ...u need to use the command \cn{nochapters}
                                                  
The control sequence at the end of the top line
of your error message was never \def'ed. If you have
misspelled it (e.g., `\hobx'), type `I' and the correct
spelling (e.g., `I\hbox'). Otherwise just continue,
and I'll forget about whatever was undefined.

[16]) [17]
\openout2 = `chapter-makingbib.aux'.

 (chapter-makingbib.tex
Chapter 4.
[18



]
! Undefined control sequence.
<recently read> \bslash 
                        
l.45 \item Include a \cn{bibliographystyle}
                                           
The control sequence at the end of the top line
of your error message was never \def'ed. If you have
misspelled it (e.g., `\hobx'), type `I' and the correct
spelling (e.g., `I\hbox'). Otherwise just continue,
and I'll forget about whatever was undefined.

! Undefined control sequence.
<recently read> \bslash 
                        
l.49 \cn{bibliographystyle\{plain\}}
                                    
The control sequence at the end of the top line
of your error message was never \def'ed. If you have
misspelled it (e.g., `\hobx'), type `I' and the correct
spelling (e.g., `I\hbox'). Otherwise just continue,
and I'll forget about whatever was undefined.

! Undefined control sequence.
<recently read> \bslash 
                        
l.50 and a \cn{bibliography}
                            
The control sequence at the end of the top line
of your error message was never \def'ed. If you have
misspelled it (e.g., `\hobx'), type `I' and the correct
spelling (e.g., `I\hbox'). Otherwise just continue,
and I'll forget about whatever was undefined.

! Undefined control sequence.
<recently read> \bslash 
                        
l.53 in this case \cn{bibliography\{diss\}}
                                           , at the point of your
The control sequence at the end of the top line
of your error message was never \def'ed. If you have
misspelled it (e.g., `\hobx'), type `I' and the correct
spelling (e.g., `I\hbox'). Otherwise just continue,
and I'll forget about whatever was undefined.

! Undefined control sequence.
<recently read> \bslash 
                        
l.64 \texttt{foo.aux} with a list of \cn{cite}
                                              
The control sequence at the end of the top line
of your error message was never \def'ed. If you have
misspelled it (e.g., `\hobx'), type `I' and the correct
spelling (e.g., `I\hbox'). Otherwise just continue,
and I'll forget about whatever was undefined.

[19]
! Undefined control sequence.
<recently read> \bslash 
                        
l.94 in the document with a \cn{cite}
                                     
The control sequence at the end of the top line
of your error message was never \def'ed. If you have
misspelled it (e.g., `\hobx'), type `I' and the correct
spelling (e.g., `I\hbox'). Otherwise just continue,
and I'll forget about whatever was undefined.

! Undefined control sequence.
<recently read> \bslash 
                        
l.97 use the command \cn{nocite}
                                . For example, \cn{nocite\{knuth:tb\}}
The control sequence at the end of the top line
of your error message was never \def'ed. If you have
misspelled it (e.g., `\hobx'), type `I' and the correct
spelling (e.g., `I\hbox'). Otherwise just continue,
and I'll forget about whatever was undefined.

! Undefined control sequence.
<recently read> \bslash 
                        
l.97 ...ite}. For example, \cn{nocite\{knuth:tb\}}
                                                  
The control sequence at the end of the top line
of your error message was never \def'ed. If you have
misspelled it (e.g., `\hobx'), type `I' and the correct
spelling (e.g., `I\hbox'). Otherwise just continue,
and I'll forget about whatever was undefined.

! Undefined control sequence.
<recently read> \bslash 
                        
l.98 ...the document (after \cn{begin\{document\}}
                                                  ) includes
The control sequence at the end of the top line
of your error message was never \def'ed. If you have
misspelled it (e.g., `\hobx'), type `I' and the correct
spelling (e.g., `I\hbox'). Otherwise just continue,
and I'll forget about whatever was undefined.

! Undefined control sequence.
<recently read> \bslash 
                        
l.101 database, use the command \cn{nocite\{*\}}
                                                .
The control sequence at the end of the top line
of your error message was never \def'ed. If you have
misspelled it (e.g., `\hobx'), type `I' and the correct
spelling (e.g., `I\hbox'). Otherwise just continue,
and I'll forget about whatever was undefined.

) [20]
\openout2 = `chapter-tables+figs.aux'.

 (chapter-tables+figs.tex
Chapter 5.
[21



] [22]
! Undefined control sequence.
<recently read> \bslash 
                        
l.90 \cn{clearpage}
                    immediately following the large figure --- and maybe
The control sequence at the end of the top line
of your error message was never \def'ed. If you have
misspelled it (e.g., `\hobx'), type `I' and the correct
spelling (e.g., `I\hbox'). Otherwise just continue,
and I'll forget about whatever was undefined.

! Undefined control sequence.
<recently read> \bslash 
                        
l.91 a \cn{newpage}
                    later.)
The control sequence at the end of the top line
of your error message was never \def'ed. If you have
misspelled it (e.g., `\hobx'), type `I' and the correct
spelling (e.g., `I\hbox'). Otherwise just continue,
and I'll forget about whatever was undefined.

! Undefined control sequence.
<recently read> \bslash 
                        
l.101 command \cn{usepackage\{psfig\}}
                                      
The control sequence at the end of the top line
of your error message was never \def'ed. If you have
misspelled it (e.g., `\hobx'), type `I' and the correct
spelling (e.g., `I\hbox'). Otherwise just continue,
and I'll forget about whatever was undefined.

! Undefined control sequence.
l.107 \ \psfig
              {file=pup-on-rug.eps,height=1.5in,width=2.0in}
The control sequence at the end of the top line
of your error message was never \def'ed. If you have
misspelled it (e.g., `\hobx'), type `I' and the correct
spelling (e.g., `I\hbox'). Otherwise just continue,
and I'll forget about whatever was undefined.

! Undefined control sequence.
<recently read> \bslash 
                        
l.115 ...{figure\}[htb] \% Imported eps example. }
                                                  
The control sequence at the end of the top line
of your error message was never \def'ed. If you have
misspelled it (e.g., `\hobx'), type `I' and the correct
spelling (e.g., `I\hbox'). Otherwise just continue,
and I'll forget about whatever was undefined.

[23]
! Undefined control sequence.
<recently read> \bslash 
                        
l.117 ...mmand that imports the file is \cn{psfig}
                                                  , and it also
The control sequence at the end of the top line
of your error message was never \def'ed. If you have
misspelled it (e.g., `\hobx'), type `I' and the correct
spelling (e.g., `I\hbox'). Otherwise just continue,
and I'll forget about whatever was undefined.


LaTeX Warning: Citation `gms:tlc' on page 24 undefined on input line 123.

! Undefined control sequence.
<recently read> \bslash 
                        
l.147 ...gin\{figure\}[htb] \% Picture example.  }
                                                  
The control sequence at the end of the top line
of your error message was never \def'ed. If you have
misspelled it (e.g., `\hobx'), type `I' and the correct
spelling (e.g., `I\hbox'). Otherwise just continue,
and I'll forget about whatever was undefined.

! Undefined control sequence.
<recently read> \bslash 
                        
l.150 the command \cn{qbezier}
                              
The control sequence at the end of the top line
of your error message was never \def'ed. If you have
misspelled it (e.g., `\hobx'), type `I' and the correct
spelling (e.g., `I\hbox'). Otherwise just continue,
and I'll forget about whatever was undefined.


LaTeX Warning: `h' float specifier changed to `ht'.

[24] [25]) [26]
\openout2 = `chapter-math.aux'.

 (chapter-math.tex
Chapter 6.

LaTeX Warning: Citation `bertin:psn' on page 27 undefined on input line 23.

LaTeX Font Info:    Try loading font information for U+eus on input line 41.
("C:\Program Files\MiKTeX 2.9\tex\latex\amsfonts\ueus.fd"
File: ueus.fd 2013/01/14 v3.01 Euler Script
) [27



]

LaTeX Warning: Citation `poorten:sp' on page 28 undefined on input line 104.

[28] [29] [30]
! Undefined control sequence.
<recently read> \bslash 
                        
l.202 \cn{usepackage\{amsfonts\}}
                                  calls in the \emph{amsfonts} package,
The control sequence at the end of the top line
of your error message was never \def'ed. If you have
misspelled it (e.g., `\hobx'), type `I' and the correct
spelling (e.g., `I\hbox'). Otherwise just continue,
and I'll forget about whatever was undefined.

LaTeX Font Info:    Try loading font information for U+euf on input line 206.
("C:\Program Files\MiKTeX 2.9\tex\latex\amsfonts\ueuf.fd"
File: ueuf.fd 2013/01/14 v3.01 Euler Fraktur
)) [31]
Appendices.
[32


]
\openout2 = `chapter-appendix1.aux'.

 (chapter-appendix1.tex
Appendix A.
! Undefined control sequence.
<recently read> \bslash 
                        
l.6 \cn{verbatiminput\{\cn{jobname}\}}
                                      .
The control sequence at the end of the top line
of your error message was never \def'ed. If you have
misspelled it (e.g., `\hobx'), type `I' and the correct
spelling (e.g., `I\hbox'). Otherwise just continue,
and I'll forget about whatever was undefined.

! Undefined control sequence.
<recently read> \bslash 
                        
l.6 \cn{verbatiminput\{\cn{jobname}\}}
                                      .
The control sequence at the end of the top line
of your error message was never \def'ed. If you have
misspelled it (e.g., `\hobx'), type `I' and the correct
spelling (e.g., `I\hbox'). Otherwise just continue,
and I'll forget about whatever was undefined.

) [33


]
\openout2 = `chapter-appendix2.aux'.

 (chapter-appendix2.tex
Appendix B.
) [34



] [35]
\openout2 = `chapter-appendix3.aux'.

 (chapter-appendix3.tex
Appendix C.
) [36



]
No file disstemplate.bbl.
No file disstemplate.ind.
[37


] (disstemplate.aux (chapter-introduction.aux) (chapter-instructions.aux)
(chapter-howtouse.aux) (chapter-makingbib.aux) (chapter-tables+figs.aux)
(chapter-math.aux) (chapter-appendix1.aux) (chapter-appendix2.aux)
(chapter-appendix3.aux))

LaTeX Warning: There were undefined references.

 ) 
Here is how much of TeX's memory you used:
 1514 strings out of 427796
 18164 string characters out of 3151769
 153335 words of memory out of 3000000
 5421 multiletter control sequences out of 15000+200000
 14273 words of font info for 74 fonts, out of 3000000 for 9000
 1328 hyphenation exceptions out of 8191
 27i,17n,25p,252b,341s stack positions out of 5000i,500n,10000p,200000b,50000s

Output written on disstemplate.pdf (47 pages).
